{"C:\\Users\\Alex\\Downloads\\hexad-library\\hexad-library-server\\logic\\add-books.spec.js":{"path":"C:\\Users\\Alex\\Downloads\\hexad-library\\hexad-library-server\\logic\\add-books.spec.js","statementMap":{"0":{"start":{"line":1,"column":0},"end":{"line":1,"column":27}},"1":{"start":{"line":2,"column":38},"end":{"line":2,"column":45}},"2":{"start":{"line":3,"column":19},"end":{"line":3,"column":34}},"3":{"start":{"line":4,"column":26},"end":{"line":4,"column":30}},"4":{"start":{"line":5,"column":54},"end":{"line":5,"column":83}},"5":{"start":{"line":6,"column":17},"end":{"line":6,"column":39}},"6":{"start":{"line":7,"column":15},"end":{"line":7,"column":34}},"7":{"start":{"line":8,"column":43},"end":{"line":8,"column":82}},"8":{"start":{"line":10,"column":0},"end":{"line":248,"column":2}},"9":{"start":{"line":17,"column":4},"end":{"line":20,"column":7}},"10":{"start":{"line":18,"column":8},"end":{"line":18,"column":102}},"11":{"start":{"line":19,"column":8},"end":{"line":19,"column":88}},"12":{"start":{"line":22,"column":4},"end":{"line":37,"column":6}},"13":{"start":{"line":23,"column":8},"end":{"line":23,"column":46}},"14":{"start":{"line":24,"column":8},"end":{"line":24,"column":42}},"15":{"start":{"line":25,"column":8},"end":{"line":25,"column":23}},"16":{"start":{"line":26,"column":8},"end":{"line":26,"column":60}},"17":{"start":{"line":28,"column":22},"end":{"line":28,"column":107}},"18":{"start":{"line":29,"column":8},"end":{"line":29,"column":38}},"19":{"start":{"line":31,"column":8},"end":{"line":31,"column":36}},"20":{"start":{"line":32,"column":8},"end":{"line":32,"column":34}},"21":{"start":{"line":33,"column":8},"end":{"line":33,"column":48}},"22":{"start":{"line":34,"column":8},"end":{"line":34,"column":38}},"23":{"start":{"line":35,"column":8},"end":{"line":35,"column":57}},"24":{"start":{"line":36,"column":8},"end":{"line":36,"column":41}},"25":{"start":{"line":39,"column":4},"end":{"line":119,"column":7}},"26":{"start":{"line":40,"column":8},"end":{"line":63,"column":11}},"27":{"start":{"line":41,"column":27},"end":{"line":41,"column":114}},"28":{"start":{"line":43,"column":12},"end":{"line":43,"column":43}},"29":{"start":{"line":45,"column":34},"end":{"line":45,"column":102}},"30":{"start":{"line":47,"column":12},"end":{"line":47,"column":35}},"31":{"start":{"line":48,"column":12},"end":{"line":48,"column":46}},"32":{"start":{"line":49,"column":12},"end":{"line":49,"column":61}},"33":{"start":{"line":50,"column":12},"end":{"line":50,"column":56}},"34":{"start":{"line":51,"column":12},"end":{"line":51,"column":74}},"35":{"start":{"line":53,"column":12},"end":{"line":53,"column":34}},"36":{"start":{"line":54,"column":12},"end":{"line":54,"column":50}},"37":{"start":{"line":55,"column":12},"end":{"line":55,"column":47}},"38":{"start":{"line":56,"column":12},"end":{"line":56,"column":45}},"39":{"start":{"line":57,"column":12},"end":{"line":57,"column":59}},"40":{"start":{"line":58,"column":12},"end":{"line":58,"column":49}},"41":{"start":{"line":59,"column":12},"end":{"line":59,"column":71}},"42":{"start":{"line":60,"column":12},"end":{"line":60,"column":54}},"43":{"start":{"line":61,"column":12},"end":{"line":61,"column":47}},"44":{"start":{"line":62,"column":12},"end":{"line":62,"column":54}},"45":{"start":{"line":65,"column":8},"end":{"line":87,"column":11}},"46":{"start":{"line":66,"column":23},"end":{"line":66,"column":123}},"47":{"start":{"line":67,"column":12},"end":{"line":67,"column":91}},"48":{"start":{"line":69,"column":31},"end":{"line":69,"column":57}},"49":{"start":{"line":71,"column":27},"end":{"line":71,"column":119}},"50":{"start":{"line":73,"column":12},"end":{"line":73,"column":43}},"51":{"start":{"line":75,"column":12},"end":{"line":75,"column":48}},"52":{"start":{"line":77,"column":12},"end":{"line":77,"column":34}},"53":{"start":{"line":78,"column":12},"end":{"line":78,"column":50}},"54":{"start":{"line":79,"column":12},"end":{"line":79,"column":47}},"55":{"start":{"line":80,"column":12},"end":{"line":80,"column":45}},"56":{"start":{"line":81,"column":12},"end":{"line":81,"column":59}},"57":{"start":{"line":82,"column":12},"end":{"line":82,"column":49}},"58":{"start":{"line":83,"column":12},"end":{"line":83,"column":71}},"59":{"start":{"line":84,"column":12},"end":{"line":84,"column":54}},"60":{"start":{"line":85,"column":12},"end":{"line":85,"column":60}},"61":{"start":{"line":86,"column":12},"end":{"line":86,"column":54}},"62":{"start":{"line":89,"column":8},"end":{"line":102,"column":10}},"63":{"start":{"line":90,"column":12},"end":{"line":90,"column":100}},"64":{"start":{"line":93,"column":12},"end":{"line":97,"column":13}},"65":{"start":{"line":94,"column":16},"end":{"line":94,"column":122}},"66":{"start":{"line":96,"column":16},"end":{"line":96,"column":31}},"67":{"start":{"line":99,"column":12},"end":{"line":99,"column":36}},"68":{"start":{"line":100,"column":12},"end":{"line":100,"column":61}},"69":{"start":{"line":101,"column":12},"end":{"line":101,"column":98}},"70":{"start":{"line":104,"column":8},"end":{"line":118,"column":11}},"71":{"start":{"line":105,"column":12},"end":{"line":105,"column":37}},"72":{"start":{"line":109,"column":12},"end":{"line":113,"column":13}},"73":{"start":{"line":110,"column":16},"end":{"line":110,"column":104}},"74":{"start":{"line":112,"column":16},"end":{"line":112,"column":31}},"75":{"start":{"line":115,"column":12},"end":{"line":115,"column":36}},"76":{"start":{"line":116,"column":12},"end":{"line":116,"column":59}},"77":{"start":{"line":117,"column":12},"end":{"line":117,"column":87}},"78":{"start":{"line":121,"column":4},"end":{"line":240,"column":6}},"79":{"start":{"line":122,"column":23},"end":{"line":122,"column":78}},"80":{"start":{"line":124,"column":8},"end":{"line":136,"column":11}},"81":{"start":{"line":125,"column":12},"end":{"line":125,"column":31}},"82":{"start":{"line":126,"column":12},"end":{"line":126,"column":119}},"83":{"start":{"line":126,"column":25},"end":{"line":126,"column":59}},"84":{"start":{"line":128,"column":12},"end":{"line":128,"column":32}},"85":{"start":{"line":129,"column":12},"end":{"line":129,"column":119}},"86":{"start":{"line":129,"column":25},"end":{"line":129,"column":59}},"87":{"start":{"line":131,"column":12},"end":{"line":131,"column":28}},"88":{"start":{"line":132,"column":12},"end":{"line":132,"column":119}},"89":{"start":{"line":132,"column":25},"end":{"line":132,"column":59}},"90":{"start":{"line":134,"column":12},"end":{"line":134,"column":32}},"91":{"start":{"line":135,"column":12},"end":{"line":135,"column":119}},"92":{"start":{"line":135,"column":25},"end":{"line":135,"column":59}},"93":{"start":{"line":138,"column":8},"end":{"line":152,"column":10}},"94":{"start":{"line":139,"column":12},"end":{"line":139,"column":39}},"95":{"start":{"line":141,"column":12},"end":{"line":141,"column":32}},"96":{"start":{"line":142,"column":12},"end":{"line":142,"column":121}},"97":{"start":{"line":142,"column":25},"end":{"line":142,"column":59}},"98":{"start":{"line":144,"column":12},"end":{"line":144,"column":33}},"99":{"start":{"line":145,"column":12},"end":{"line":145,"column":121}},"100":{"start":{"line":145,"column":25},"end":{"line":145,"column":59}},"101":{"start":{"line":147,"column":12},"end":{"line":147,"column":29}},"102":{"start":{"line":148,"column":12},"end":{"line":148,"column":121}},"103":{"start":{"line":148,"column":25},"end":{"line":148,"column":59}},"104":{"start":{"line":150,"column":12},"end":{"line":150,"column":32}},"105":{"start":{"line":151,"column":12},"end":{"line":151,"column":121}},"106":{"start":{"line":151,"column":25},"end":{"line":151,"column":59}},"107":{"start":{"line":154,"column":8},"end":{"line":168,"column":11}},"108":{"start":{"line":155,"column":12},"end":{"line":155,"column":26}},"109":{"start":{"line":157,"column":12},"end":{"line":157,"column":38}},"110":{"start":{"line":158,"column":12},"end":{"line":158,"column":124}},"111":{"start":{"line":158,"column":25},"end":{"line":158,"column":59}},"112":{"start":{"line":160,"column":12},"end":{"line":160,"column":39}},"113":{"start":{"line":161,"column":12},"end":{"line":161,"column":124}},"114":{"start":{"line":161,"column":25},"end":{"line":161,"column":59}},"115":{"start":{"line":163,"column":12},"end":{"line":163,"column":35}},"116":{"start":{"line":164,"column":12},"end":{"line":164,"column":124}},"117":{"start":{"line":164,"column":25},"end":{"line":164,"column":59}},"118":{"start":{"line":166,"column":12},"end":{"line":166,"column":39}},"119":{"start":{"line":167,"column":12},"end":{"line":167,"column":124}},"120":{"start":{"line":167,"column":25},"end":{"line":167,"column":59}},"121":{"start":{"line":170,"column":8},"end":{"line":184,"column":11}},"122":{"start":{"line":171,"column":12},"end":{"line":171,"column":49}},"123":{"start":{"line":173,"column":12},"end":{"line":173,"column":37}},"124":{"start":{"line":174,"column":12},"end":{"line":174,"column":122}},"125":{"start":{"line":174,"column":25},"end":{"line":174,"column":59}},"126":{"start":{"line":176,"column":12},"end":{"line":176,"column":38}},"127":{"start":{"line":177,"column":12},"end":{"line":177,"column":122}},"128":{"start":{"line":177,"column":25},"end":{"line":177,"column":59}},"129":{"start":{"line":179,"column":12},"end":{"line":179,"column":34}},"130":{"start":{"line":180,"column":12},"end":{"line":180,"column":122}},"131":{"start":{"line":180,"column":25},"end":{"line":180,"column":59}},"132":{"start":{"line":182,"column":12},"end":{"line":182,"column":38}},"133":{"start":{"line":183,"column":12},"end":{"line":183,"column":122}},"134":{"start":{"line":183,"column":25},"end":{"line":183,"column":59}},"135":{"start":{"line":186,"column":8},"end":{"line":197,"column":11}},"136":{"start":{"line":187,"column":12},"end":{"line":187,"column":47}},"137":{"start":{"line":189,"column":12},"end":{"line":189,"column":44}},"138":{"start":{"line":190,"column":12},"end":{"line":190,"column":136}},"139":{"start":{"line":190,"column":25},"end":{"line":190,"column":59}},"140":{"start":{"line":192,"column":12},"end":{"line":192,"column":45}},"141":{"start":{"line":193,"column":12},"end":{"line":193,"column":76}},"142":{"start":{"line":193,"column":25},"end":{"line":193,"column":59}},"143":{"start":{"line":195,"column":12},"end":{"line":195,"column":41}},"144":{"start":{"line":196,"column":12},"end":{"line":196,"column":136}},"145":{"start":{"line":196,"column":25},"end":{"line":196,"column":59}},"146":{"start":{"line":199,"column":8},"end":{"line":210,"column":11}},"147":{"start":{"line":200,"column":12},"end":{"line":200,"column":61}},"148":{"start":{"line":202,"column":12},"end":{"line":202,"column":39}},"149":{"start":{"line":203,"column":12},"end":{"line":203,"column":126}},"150":{"start":{"line":203,"column":25},"end":{"line":203,"column":59}},"151":{"start":{"line":205,"column":12},"end":{"line":205,"column":40}},"152":{"start":{"line":206,"column":12},"end":{"line":206,"column":76}},"153":{"start":{"line":206,"column":25},"end":{"line":206,"column":59}},"154":{"start":{"line":208,"column":12},"end":{"line":208,"column":36}},"155":{"start":{"line":209,"column":12},"end":{"line":209,"column":126}},"156":{"start":{"line":209,"column":25},"end":{"line":209,"column":59}},"157":{"start":{"line":212,"column":8},"end":{"line":223,"column":11}},"158":{"start":{"line":213,"column":12},"end":{"line":213,"column":51}},"159":{"start":{"line":215,"column":12},"end":{"line":215,"column":50}},"160":{"start":{"line":216,"column":12},"end":{"line":216,"column":148}},"161":{"start":{"line":216,"column":25},"end":{"line":216,"column":59}},"162":{"start":{"line":218,"column":12},"end":{"line":218,"column":51}},"163":{"start":{"line":219,"column":12},"end":{"line":219,"column":76}},"164":{"start":{"line":219,"column":25},"end":{"line":219,"column":59}},"165":{"start":{"line":221,"column":12},"end":{"line":221,"column":47}},"166":{"start":{"line":222,"column":12},"end":{"line":222,"column":148}},"167":{"start":{"line":222,"column":25},"end":{"line":222,"column":59}},"168":{"start":{"line":225,"column":8},"end":{"line":239,"column":11}},"169":{"start":{"line":226,"column":12},"end":{"line":226,"column":50}},"170":{"start":{"line":228,"column":12},"end":{"line":228,"column":29}},"171":{"start":{"line":229,"column":12},"end":{"line":229,"column":115}},"172":{"start":{"line":229,"column":25},"end":{"line":229,"column":59}},"173":{"start":{"line":231,"column":12},"end":{"line":231,"column":30}},"174":{"start":{"line":232,"column":12},"end":{"line":232,"column":115}},"175":{"start":{"line":232,"column":25},"end":{"line":232,"column":59}},"176":{"start":{"line":234,"column":12},"end":{"line":234,"column":26}},"177":{"start":{"line":235,"column":12},"end":{"line":235,"column":115}},"178":{"start":{"line":235,"column":25},"end":{"line":235,"column":59}},"179":{"start":{"line":237,"column":12},"end":{"line":237,"column":30}},"180":{"start":{"line":238,"column":12},"end":{"line":238,"column":115}},"181":{"start":{"line":238,"column":25},"end":{"line":238,"column":59}},"182":{"start":{"line":242,"column":4},"end":{"line":242,"column":107}},"183":{"start":{"line":242,"column":26},"end":{"line":242,"column":105}},"184":{"start":{"line":244,"column":4},"end":{"line":247,"column":6}},"185":{"start":{"line":245,"column":8},"end":{"line":245,"column":88}},"186":{"start":{"line":246,"column":8},"end":{"line":246,"column":36}}},"fnMap":{"0":{"name":"(anonymous_0)","decl":{"start":{"line":10,"column":21},"end":{"line":10,"column":22}},"loc":{"start":{"line":10,"column":27},"end":{"line":248,"column":1}},"line":10},"1":{"name":"(anonymous_1)","decl":{"start":{"line":17,"column":11},"end":{"line":17,"column":12}},"loc":{"start":{"line":17,"column":23},"end":{"line":20,"column":5}},"line":17},"2":{"name":"(anonymous_2)","decl":{"start":{"line":22,"column":15},"end":{"line":22,"column":16}},"loc":{"start":{"line":22,"column":27},"end":{"line":37,"column":5}},"line":22},"3":{"name":"(anonymous_3)","decl":{"start":{"line":39,"column":35},"end":{"line":39,"column":36}},"loc":{"start":{"line":39,"column":41},"end":{"line":119,"column":5}},"line":39},"4":{"name":"(anonymous_4)","decl":{"start":{"line":40,"column":116},"end":{"line":40,"column":117}},"loc":{"start":{"line":40,"column":128},"end":{"line":63,"column":9}},"line":40},"5":{"name":"(anonymous_5)","decl":{"start":{"line":65,"column":106},"end":{"line":65,"column":107}},"loc":{"start":{"line":65,"column":118},"end":{"line":87,"column":9}},"line":65},"6":{"name":"(anonymous_6)","decl":{"start":{"line":89,"column":134},"end":{"line":89,"column":135}},"loc":{"start":{"line":89,"column":146},"end":{"line":102,"column":9}},"line":89},"7":{"name":"(anonymous_7)","decl":{"start":{"line":104,"column":86},"end":{"line":104,"column":87}},"loc":{"start":{"line":104,"column":98},"end":{"line":118,"column":9}},"line":104},"8":{"name":"(anonymous_8)","decl":{"start":{"line":121,"column":34},"end":{"line":121,"column":35}},"loc":{"start":{"line":121,"column":40},"end":{"line":240,"column":5}},"line":121},"9":{"name":"(anonymous_9)","decl":{"start":{"line":124,"column":50},"end":{"line":124,"column":51}},"loc":{"start":{"line":124,"column":56},"end":{"line":136,"column":9}},"line":124},"10":{"name":"(anonymous_10)","decl":{"start":{"line":126,"column":19},"end":{"line":126,"column":20}},"loc":{"start":{"line":126,"column":25},"end":{"line":126,"column":59}},"line":126},"11":{"name":"(anonymous_11)","decl":{"start":{"line":129,"column":19},"end":{"line":129,"column":20}},"loc":{"start":{"line":129,"column":25},"end":{"line":129,"column":59}},"line":129},"12":{"name":"(anonymous_12)","decl":{"start":{"line":132,"column":19},"end":{"line":132,"column":20}},"loc":{"start":{"line":132,"column":25},"end":{"line":132,"column":59}},"line":132},"13":{"name":"(anonymous_13)","decl":{"start":{"line":135,"column":19},"end":{"line":135,"column":20}},"loc":{"start":{"line":135,"column":25},"end":{"line":135,"column":59}},"line":135},"14":{"name":"(anonymous_14)","decl":{"start":{"line":138,"column":51},"end":{"line":138,"column":52}},"loc":{"start":{"line":138,"column":57},"end":{"line":152,"column":9}},"line":138},"15":{"name":"(anonymous_15)","decl":{"start":{"line":142,"column":19},"end":{"line":142,"column":20}},"loc":{"start":{"line":142,"column":25},"end":{"line":142,"column":59}},"line":142},"16":{"name":"(anonymous_16)","decl":{"start":{"line":145,"column":19},"end":{"line":145,"column":20}},"loc":{"start":{"line":145,"column":25},"end":{"line":145,"column":59}},"line":145},"17":{"name":"(anonymous_17)","decl":{"start":{"line":148,"column":19},"end":{"line":148,"column":20}},"loc":{"start":{"line":148,"column":25},"end":{"line":148,"column":59}},"line":148},"18":{"name":"(anonymous_18)","decl":{"start":{"line":151,"column":19},"end":{"line":151,"column":20}},"loc":{"start":{"line":151,"column":25},"end":{"line":151,"column":59}},"line":151},"19":{"name":"(anonymous_19)","decl":{"start":{"line":154,"column":48},"end":{"line":154,"column":49}},"loc":{"start":{"line":154,"column":54},"end":{"line":168,"column":9}},"line":154},"20":{"name":"(anonymous_20)","decl":{"start":{"line":158,"column":19},"end":{"line":158,"column":20}},"loc":{"start":{"line":158,"column":25},"end":{"line":158,"column":59}},"line":158},"21":{"name":"(anonymous_21)","decl":{"start":{"line":161,"column":19},"end":{"line":161,"column":20}},"loc":{"start":{"line":161,"column":25},"end":{"line":161,"column":59}},"line":161},"22":{"name":"(anonymous_22)","decl":{"start":{"line":164,"column":19},"end":{"line":164,"column":20}},"loc":{"start":{"line":164,"column":25},"end":{"line":164,"column":59}},"line":164},"23":{"name":"(anonymous_23)","decl":{"start":{"line":167,"column":19},"end":{"line":167,"column":20}},"loc":{"start":{"line":167,"column":25},"end":{"line":167,"column":59}},"line":167},"24":{"name":"(anonymous_24)","decl":{"start":{"line":170,"column":47},"end":{"line":170,"column":48}},"loc":{"start":{"line":170,"column":53},"end":{"line":184,"column":9}},"line":170},"25":{"name":"(anonymous_25)","decl":{"start":{"line":174,"column":19},"end":{"line":174,"column":20}},"loc":{"start":{"line":174,"column":25},"end":{"line":174,"column":59}},"line":174},"26":{"name":"(anonymous_26)","decl":{"start":{"line":177,"column":19},"end":{"line":177,"column":20}},"loc":{"start":{"line":177,"column":25},"end":{"line":177,"column":59}},"line":177},"27":{"name":"(anonymous_27)","decl":{"start":{"line":180,"column":19},"end":{"line":180,"column":20}},"loc":{"start":{"line":180,"column":25},"end":{"line":180,"column":59}},"line":180},"28":{"name":"(anonymous_28)","decl":{"start":{"line":183,"column":19},"end":{"line":183,"column":20}},"loc":{"start":{"line":183,"column":25},"end":{"line":183,"column":59}},"line":183},"29":{"name":"(anonymous_29)","decl":{"start":{"line":186,"column":67},"end":{"line":186,"column":68}},"loc":{"start":{"line":186,"column":73},"end":{"line":197,"column":9}},"line":186},"30":{"name":"(anonymous_30)","decl":{"start":{"line":190,"column":19},"end":{"line":190,"column":20}},"loc":{"start":{"line":190,"column":25},"end":{"line":190,"column":59}},"line":190},"31":{"name":"(anonymous_31)","decl":{"start":{"line":193,"column":19},"end":{"line":193,"column":20}},"loc":{"start":{"line":193,"column":25},"end":{"line":193,"column":59}},"line":193},"32":{"name":"(anonymous_32)","decl":{"start":{"line":196,"column":19},"end":{"line":196,"column":20}},"loc":{"start":{"line":196,"column":25},"end":{"line":196,"column":59}},"line":196},"33":{"name":"(anonymous_33)","decl":{"start":{"line":199,"column":62},"end":{"line":199,"column":63}},"loc":{"start":{"line":199,"column":68},"end":{"line":210,"column":9}},"line":199},"34":{"name":"(anonymous_34)","decl":{"start":{"line":203,"column":19},"end":{"line":203,"column":20}},"loc":{"start":{"line":203,"column":25},"end":{"line":203,"column":59}},"line":203},"35":{"name":"(anonymous_35)","decl":{"start":{"line":206,"column":19},"end":{"line":206,"column":20}},"loc":{"start":{"line":206,"column":25},"end":{"line":206,"column":59}},"line":206},"36":{"name":"(anonymous_36)","decl":{"start":{"line":209,"column":19},"end":{"line":209,"column":20}},"loc":{"start":{"line":209,"column":25},"end":{"line":209,"column":59}},"line":209},"37":{"name":"(anonymous_37)","decl":{"start":{"line":212,"column":73},"end":{"line":212,"column":74}},"loc":{"start":{"line":212,"column":79},"end":{"line":223,"column":9}},"line":212},"38":{"name":"(anonymous_38)","decl":{"start":{"line":216,"column":19},"end":{"line":216,"column":20}},"loc":{"start":{"line":216,"column":25},"end":{"line":216,"column":59}},"line":216},"39":{"name":"(anonymous_39)","decl":{"start":{"line":219,"column":19},"end":{"line":219,"column":20}},"loc":{"start":{"line":219,"column":25},"end":{"line":219,"column":59}},"line":219},"40":{"name":"(anonymous_40)","decl":{"start":{"line":222,"column":19},"end":{"line":222,"column":20}},"loc":{"start":{"line":222,"column":25},"end":{"line":222,"column":59}},"line":222},"41":{"name":"(anonymous_41)","decl":{"start":{"line":225,"column":48},"end":{"line":225,"column":49}},"loc":{"start":{"line":225,"column":54},"end":{"line":239,"column":9}},"line":225},"42":{"name":"(anonymous_42)","decl":{"start":{"line":229,"column":19},"end":{"line":229,"column":20}},"loc":{"start":{"line":229,"column":25},"end":{"line":229,"column":59}},"line":229},"43":{"name":"(anonymous_43)","decl":{"start":{"line":232,"column":19},"end":{"line":232,"column":20}},"loc":{"start":{"line":232,"column":25},"end":{"line":232,"column":59}},"line":232},"44":{"name":"(anonymous_44)","decl":{"start":{"line":235,"column":19},"end":{"line":235,"column":20}},"loc":{"start":{"line":235,"column":25},"end":{"line":235,"column":59}},"line":235},"45":{"name":"(anonymous_45)","decl":{"start":{"line":238,"column":19},"end":{"line":238,"column":20}},"loc":{"start":{"line":238,"column":25},"end":{"line":238,"column":59}},"line":238},"46":{"name":"(anonymous_46)","decl":{"start":{"line":242,"column":14},"end":{"line":242,"column":15}},"loc":{"start":{"line":242,"column":26},"end":{"line":242,"column":105}},"line":242},"47":{"name":"(anonymous_47)","decl":{"start":{"line":244,"column":10},"end":{"line":244,"column":11}},"loc":{"start":{"line":244,"column":22},"end":{"line":247,"column":5}},"line":244}},"branchMap":{},"s":{"0":1,"1":1,"2":1,"3":1,"4":1,"5":1,"6":1,"7":1,"8":1,"9":1,"10":1,"11":1,"12":1,"13":12,"14":12,"15":12,"16":12,"17":12,"18":12,"19":12,"20":12,"21":12,"22":12,"23":12,"24":12,"25":1,"26":1,"27":1,"28":1,"29":1,"30":1,"31":1,"32":1,"33":1,"34":1,"35":1,"36":1,"37":1,"38":1,"39":1,"40":1,"41":1,"42":1,"43":1,"44":1,"45":1,"46":1,"47":1,"48":1,"49":1,"50":1,"51":1,"52":1,"53":1,"54":1,"55":1,"56":1,"57":1,"58":1,"59":1,"60":1,"61":1,"62":1,"63":1,"64":1,"65":1,"66":1,"67":1,"68":1,"69":1,"70":1,"71":1,"72":1,"73":1,"74":1,"75":1,"76":1,"77":1,"78":1,"79":1,"80":1,"81":1,"82":1,"83":1,"84":1,"85":1,"86":1,"87":1,"88":1,"89":1,"90":1,"91":1,"92":1,"93":1,"94":1,"95":1,"96":1,"97":1,"98":1,"99":1,"100":1,"101":1,"102":1,"103":1,"104":1,"105":1,"106":1,"107":1,"108":1,"109":1,"110":1,"111":1,"112":1,"113":1,"114":1,"115":1,"116":1,"117":1,"118":1,"119":1,"120":1,"121":1,"122":1,"123":1,"124":1,"125":1,"126":1,"127":1,"128":1,"129":1,"130":1,"131":1,"132":1,"133":1,"134":1,"135":1,"136":1,"137":1,"138":1,"139":1,"140":1,"141":1,"142":1,"143":1,"144":1,"145":1,"146":1,"147":1,"148":1,"149":1,"150":1,"151":1,"152":1,"153":1,"154":1,"155":1,"156":1,"157":1,"158":1,"159":1,"160":1,"161":1,"162":1,"163":1,"164":1,"165":1,"166":1,"167":1,"168":1,"169":1,"170":1,"171":1,"172":1,"173":1,"174":1,"175":1,"176":1,"177":1,"178":1,"179":1,"180":1,"181":1,"182":1,"183":12,"184":1,"185":1,"186":1},"f":{"0":1,"1":1,"2":12,"3":1,"4":1,"5":1,"6":1,"7":1,"8":1,"9":1,"10":1,"11":1,"12":1,"13":1,"14":1,"15":1,"16":1,"17":1,"18":1,"19":1,"20":1,"21":1,"22":1,"23":1,"24":1,"25":1,"26":1,"27":1,"28":1,"29":1,"30":1,"31":1,"32":1,"33":1,"34":1,"35":1,"36":1,"37":1,"38":1,"39":1,"40":1,"41":1,"42":1,"43":1,"44":1,"45":1,"46":12,"47":1},"b":{},"_coverageSchema":"1a1c01bbd47fc00a2c39e90264f33305004495a9","hash":"b4ba3fcdce85f541e30823e2a7f2582c0881eede","contentHash":"03cf48d821052f44882c3e958c29fd3456b694a3b70fef99330ca0a12adda4f9"},"C:\\Users\\Alex\\Downloads\\hexad-library\\hexad-library-server\\logic\\add-books.js":{"path":"C:\\Users\\Alex\\Downloads\\hexad-library\\hexad-library-server\\logic\\add-books.js","statementMap":{"0":{"start":{"line":4,"column":4},"end":{"line":4,"column":36}},"1":{"start":{"line":5,"column":44},"end":{"line":5,"column":73}},"2":{"start":{"line":19,"column":0},"end":{"line":59,"column":1}},"3":{"start":{"line":20,"column":4},"end":{"line":20,"column":40}},"4":{"start":{"line":21,"column":4},"end":{"line":21,"column":48}},"5":{"start":{"line":22,"column":4},"end":{"line":22,"column":45}},"6":{"start":{"line":23,"column":4},"end":{"line":23,"column":43}},"7":{"start":{"line":24,"column":4},"end":{"line":24,"column":106}},"8":{"start":{"line":24,"column":53},"end":{"line":24,"column":106}},"9":{"start":{"line":25,"column":4},"end":{"line":25,"column":91}},"10":{"start":{"line":25,"column":48},"end":{"line":25,"column":91}},"11":{"start":{"line":26,"column":4},"end":{"line":26,"column":130}},"12":{"start":{"line":26,"column":59},"end":{"line":26,"column":130}},"13":{"start":{"line":27,"column":4},"end":{"line":27,"column":42}},"14":{"start":{"line":29,"column":4},"end":{"line":58,"column":9}},"15":{"start":{"line":30,"column":28},"end":{"line":30,"column":111}},"16":{"start":{"line":31,"column":8},"end":{"line":31,"column":87}},"17":{"start":{"line":31,"column":20},"end":{"line":31,"column":87}},"18":{"start":{"line":33,"column":8},"end":{"line":57,"column":9}},"19":{"start":{"line":34,"column":12},"end":{"line":34,"column":32}},"20":{"start":{"line":35,"column":12},"end":{"line":35,"column":86}},"21":{"start":{"line":37,"column":12},"end":{"line":37,"column":19}},"22":{"start":{"line":38,"column":15},"end":{"line":57,"column":9}},"23":{"start":{"line":39,"column":12},"end":{"line":39,"column":96}},"24":{"start":{"line":41,"column":15},"end":{"line":57,"column":9}},"25":{"start":{"line":42,"column":12},"end":{"line":42,"column":35}},"26":{"start":{"line":43,"column":12},"end":{"line":43,"column":40}},"27":{"start":{"line":44,"column":12},"end":{"line":44,"column":47}},"28":{"start":{"line":46,"column":12},"end":{"line":46,"column":91}},"29":{"start":{"line":49,"column":28},"end":{"line":49,"column":90}},"30":{"start":{"line":51,"column":12},"end":{"line":54,"column":13}},"31":{"start":{"line":51,"column":25},"end":{"line":51,"column":26}},"32":{"start":{"line":52,"column":36},"end":{"line":52,"column":95}},"33":{"start":{"line":53,"column":16},"end":{"line":53,"column":141}},"34":{"start":{"line":56,"column":12},"end":{"line":56,"column":19}}},"fnMap":{"0":{"name":"(anonymous_0)","decl":{"start":{"line":19,"column":17},"end":{"line":19,"column":18}},"loc":{"start":{"line":19,"column":47},"end":{"line":59,"column":1}},"line":19},"1":{"name":"(anonymous_1)","decl":{"start":{"line":29,"column":12},"end":{"line":29,"column":13}},"loc":{"start":{"line":29,"column":24},"end":{"line":58,"column":5}},"line":29}},"branchMap":{"0":{"loc":{"start":{"line":24,"column":4},"end":{"line":24,"column":106}},"type":"if","locations":[{"start":{"line":24,"column":4},"end":{"line":24,"column":106}},{"start":{"line":24,"column":4},"end":{"line":24,"column":106}}],"line":24},"1":{"loc":{"start":{"line":25,"column":4},"end":{"line":25,"column":91}},"type":"if","locations":[{"start":{"line":25,"column":4},"end":{"line":25,"column":91}},{"start":{"line":25,"column":4},"end":{"line":25,"column":91}}],"line":25},"2":{"loc":{"start":{"line":26,"column":4},"end":{"line":26,"column":130}},"type":"if","locations":[{"start":{"line":26,"column":4},"end":{"line":26,"column":130}},{"start":{"line":26,"column":4},"end":{"line":26,"column":130}}],"line":26},"3":{"loc":{"start":{"line":31,"column":8},"end":{"line":31,"column":87}},"type":"if","locations":[{"start":{"line":31,"column":8},"end":{"line":31,"column":87}},{"start":{"line":31,"column":8},"end":{"line":31,"column":87}}],"line":31},"4":{"loc":{"start":{"line":33,"column":8},"end":{"line":57,"column":9}},"type":"if","locations":[{"start":{"line":33,"column":8},"end":{"line":57,"column":9}},{"start":{"line":33,"column":8},"end":{"line":57,"column":9}}],"line":33},"5":{"loc":{"start":{"line":33,"column":12},"end":{"line":33,"column":49}},"type":"binary-expr","locations":[{"start":{"line":33,"column":12},"end":{"line":33,"column":16}},{"start":{"line":33,"column":20},"end":{"line":33,"column":49}}],"line":33},"6":{"loc":{"start":{"line":38,"column":15},"end":{"line":57,"column":9}},"type":"if","locations":[{"start":{"line":38,"column":15},"end":{"line":57,"column":9}},{"start":{"line":38,"column":15},"end":{"line":57,"column":9}}],"line":38},"7":{"loc":{"start":{"line":38,"column":19},"end":{"line":38,"column":56}},"type":"binary-expr","locations":[{"start":{"line":38,"column":19},"end":{"line":38,"column":23}},{"start":{"line":38,"column":27},"end":{"line":38,"column":56}}],"line":38},"8":{"loc":{"start":{"line":41,"column":15},"end":{"line":57,"column":9}},"type":"if","locations":[{"start":{"line":41,"column":15},"end":{"line":57,"column":9}},{"start":{"line":41,"column":15},"end":{"line":57,"column":9}}],"line":41},"9":{"loc":{"start":{"line":52,"column":36},"end":{"line":52,"column":95}},"type":"cond-expr","locations":[{"start":{"line":52,"column":67},"end":{"line":52,"column":68}},{"start":{"line":52,"column":71},"end":{"line":52,"column":95}}],"line":52}},"s":{"0":1,"1":1,"2":1,"3":34,"4":30,"5":26,"6":22,"7":18,"8":17,"9":16,"10":14,"11":14,"12":11,"13":12,"14":8,"15":8,"16":8,"17":1,"18":7,"19":2,"20":2,"21":2,"22":5,"23":1,"24":4,"25":4,"26":4,"27":4,"28":4,"29":4,"30":4,"31":4,"32":0,"33":0,"34":4},"f":{"0":34,"1":8},"b":{"0":[17,1],"1":[14,2],"2":[11,3],"3":[1,7],"4":[2,5],"5":[7,3],"6":[1,4],"7":[5,1],"8":[4,0],"9":[0,0]},"_coverageSchema":"1a1c01bbd47fc00a2c39e90264f33305004495a9","hash":"face63a2afbd670838660aceaf79ed49d7ef2f24","contentHash":"4aa05c9e026c3c4abd81556d35163b97d3f6e6debb31f953fbf866301f9f79f5"},"C:\\Users\\Alex\\Downloads\\hexad-library\\hexad-library-server\\logic\\authenticate-user.spec.js":{"path":"C:\\Users\\Alex\\Downloads\\hexad-library\\hexad-library-server\\logic\\authenticate-user.spec.js","statementMap":{"0":{"start":{"line":1,"column":0},"end":{"line":1,"column":27}},"1":{"start":{"line":2,"column":38},"end":{"line":2,"column":45}},"2":{"start":{"line":3,"column":19},"end":{"line":3,"column":34}},"3":{"start":{"line":4,"column":26},"end":{"line":4,"column":30}},"4":{"start":{"line":5,"column":54},"end":{"line":5,"column":83}},"5":{"start":{"line":6,"column":25},"end":{"line":6,"column":55}},"6":{"start":{"line":7,"column":15},"end":{"line":7,"column":34}},"7":{"start":{"line":8,"column":57},"end":{"line":8,"column":96}},"8":{"start":{"line":10,"column":0},"end":{"line":194,"column":2}},"9":{"start":{"line":20,"column":4},"end":{"line":23,"column":7}},"10":{"start":{"line":21,"column":8},"end":{"line":21,"column":102}},"11":{"start":{"line":22,"column":8},"end":{"line":22,"column":88}},"12":{"start":{"line":25,"column":4},"end":{"line":45,"column":6}},"13":{"start":{"line":26,"column":8},"end":{"line":26,"column":56}},"14":{"start":{"line":27,"column":8},"end":{"line":27,"column":52}},"15":{"start":{"line":28,"column":8},"end":{"line":28,"column":28}},"16":{"start":{"line":29,"column":8},"end":{"line":29,"column":70}},"17":{"start":{"line":31,"column":22},"end":{"line":31,"column":135}},"18":{"start":{"line":32,"column":8},"end":{"line":32,"column":38}},"19":{"start":{"line":34,"column":8},"end":{"line":34,"column":58}},"20":{"start":{"line":35,"column":8},"end":{"line":35,"column":54}},"21":{"start":{"line":36,"column":8},"end":{"line":36,"column":30}},"22":{"start":{"line":37,"column":8},"end":{"line":37,"column":72}},"23":{"start":{"line":39,"column":23},"end":{"line":39,"column":140}},"24":{"start":{"line":40,"column":8},"end":{"line":40,"column":40}},"25":{"start":{"line":42,"column":8},"end":{"line":42,"column":46}},"26":{"start":{"line":43,"column":8},"end":{"line":43,"column":42}},"27":{"start":{"line":44,"column":8},"end":{"line":44,"column":34}},"28":{"start":{"line":47,"column":4},"end":{"line":129,"column":7}},"29":{"start":{"line":48,"column":8},"end":{"line":57,"column":11}},"30":{"start":{"line":49,"column":27},"end":{"line":49,"column":87}},"31":{"start":{"line":51,"column":12},"end":{"line":51,"column":36}},"32":{"start":{"line":52,"column":12},"end":{"line":52,"column":45}},"33":{"start":{"line":53,"column":12},"end":{"line":53,"column":45}},"34":{"start":{"line":55,"column":26},"end":{"line":55,"column":68}},"35":{"start":{"line":56,"column":12},"end":{"line":56,"column":63}},"36":{"start":{"line":59,"column":8},"end":{"line":68,"column":11}},"37":{"start":{"line":60,"column":27},"end":{"line":60,"column":90}},"38":{"start":{"line":62,"column":12},"end":{"line":62,"column":36}},"39":{"start":{"line":63,"column":12},"end":{"line":63,"column":45}},"40":{"start":{"line":64,"column":12},"end":{"line":64,"column":46}},"41":{"start":{"line":66,"column":27},"end":{"line":66,"column":71}},"42":{"start":{"line":67,"column":12},"end":{"line":67,"column":64}},"43":{"start":{"line":70,"column":8},"end":{"line":82,"column":11}},"44":{"start":{"line":73,"column":12},"end":{"line":77,"column":13}},"45":{"start":{"line":74,"column":16},"end":{"line":74,"column":88}},"46":{"start":{"line":76,"column":16},"end":{"line":76,"column":31}},"47":{"start":{"line":79,"column":12},"end":{"line":79,"column":36}},"48":{"start":{"line":80,"column":12},"end":{"line":80,"column":61}},"49":{"start":{"line":81,"column":12},"end":{"line":81,"column":65}},"50":{"start":{"line":84,"column":8},"end":{"line":96,"column":11}},"51":{"start":{"line":87,"column":12},"end":{"line":91,"column":13}},"52":{"start":{"line":88,"column":16},"end":{"line":88,"column":91}},"53":{"start":{"line":90,"column":16},"end":{"line":90,"column":31}},"54":{"start":{"line":93,"column":12},"end":{"line":93,"column":36}},"55":{"start":{"line":94,"column":12},"end":{"line":94,"column":61}},"56":{"start":{"line":95,"column":12},"end":{"line":95,"column":65}},"57":{"start":{"line":98,"column":8},"end":{"line":112,"column":11}},"58":{"start":{"line":99,"column":12},"end":{"line":99,"column":37}},"59":{"start":{"line":103,"column":12},"end":{"line":107,"column":13}},"60":{"start":{"line":104,"column":16},"end":{"line":104,"column":77}},"61":{"start":{"line":106,"column":16},"end":{"line":106,"column":31}},"62":{"start":{"line":109,"column":12},"end":{"line":109,"column":36}},"63":{"start":{"line":110,"column":12},"end":{"line":110,"column":59}},"64":{"start":{"line":111,"column":12},"end":{"line":111,"column":93}},"65":{"start":{"line":114,"column":8},"end":{"line":128,"column":11}},"66":{"start":{"line":115,"column":12},"end":{"line":115,"column":38}},"67":{"start":{"line":119,"column":12},"end":{"line":123,"column":13}},"68":{"start":{"line":120,"column":16},"end":{"line":120,"column":80}},"69":{"start":{"line":122,"column":16},"end":{"line":122,"column":31}},"70":{"start":{"line":125,"column":12},"end":{"line":125,"column":36}},"71":{"start":{"line":126,"column":12},"end":{"line":126,"column":59}},"72":{"start":{"line":127,"column":12},"end":{"line":127,"column":95}},"73":{"start":{"line":131,"column":4},"end":{"line":186,"column":6}},"74":{"start":{"line":132,"column":8},"end":{"line":142,"column":11}},"75":{"start":{"line":133,"column":12},"end":{"line":133,"column":29}},"76":{"start":{"line":134,"column":12},"end":{"line":134,"column":120}},"77":{"start":{"line":134,"column":25},"end":{"line":134,"column":64}},"78":{"start":{"line":136,"column":12},"end":{"line":136,"column":30}},"79":{"start":{"line":137,"column":12},"end":{"line":137,"column":120}},"80":{"start":{"line":137,"column":25},"end":{"line":137,"column":64}},"81":{"start":{"line":138,"column":12},"end":{"line":138,"column":26}},"82":{"start":{"line":139,"column":12},"end":{"line":139,"column":120}},"83":{"start":{"line":139,"column":25},"end":{"line":139,"column":64}},"84":{"start":{"line":140,"column":12},"end":{"line":140,"column":30}},"85":{"start":{"line":141,"column":12},"end":{"line":141,"column":120}},"86":{"start":{"line":141,"column":25},"end":{"line":141,"column":64}},"87":{"start":{"line":144,"column":8},"end":{"line":153,"column":11}},"88":{"start":{"line":145,"column":12},"end":{"line":145,"column":31}},"89":{"start":{"line":146,"column":12},"end":{"line":146,"column":118}},"90":{"start":{"line":146,"column":25},"end":{"line":146,"column":64}},"91":{"start":{"line":148,"column":12},"end":{"line":148,"column":32}},"92":{"start":{"line":149,"column":12},"end":{"line":149,"column":118}},"93":{"start":{"line":149,"column":25},"end":{"line":149,"column":64}},"94":{"start":{"line":151,"column":12},"end":{"line":151,"column":36}},"95":{"start":{"line":152,"column":12},"end":{"line":152,"column":118}},"96":{"start":{"line":152,"column":25},"end":{"line":152,"column":64}},"97":{"start":{"line":155,"column":8},"end":{"line":169,"column":11}},"98":{"start":{"line":156,"column":12},"end":{"line":156,"column":50}},"99":{"start":{"line":158,"column":12},"end":{"line":158,"column":32}},"100":{"start":{"line":159,"column":12},"end":{"line":159,"column":126}},"101":{"start":{"line":159,"column":25},"end":{"line":159,"column":64}},"102":{"start":{"line":161,"column":12},"end":{"line":161,"column":33}},"103":{"start":{"line":162,"column":12},"end":{"line":162,"column":126}},"104":{"start":{"line":162,"column":25},"end":{"line":162,"column":64}},"105":{"start":{"line":164,"column":12},"end":{"line":164,"column":29}},"106":{"start":{"line":165,"column":12},"end":{"line":165,"column":126}},"107":{"start":{"line":165,"column":25},"end":{"line":165,"column":64}},"108":{"start":{"line":167,"column":12},"end":{"line":167,"column":33}},"109":{"start":{"line":168,"column":12},"end":{"line":168,"column":126}},"110":{"start":{"line":168,"column":25},"end":{"line":168,"column":64}},"111":{"start":{"line":171,"column":8},"end":{"line":185,"column":11}},"112":{"start":{"line":172,"column":12},"end":{"line":172,"column":46}},"113":{"start":{"line":174,"column":12},"end":{"line":174,"column":28}},"114":{"start":{"line":175,"column":12},"end":{"line":175,"column":118}},"115":{"start":{"line":175,"column":25},"end":{"line":175,"column":64}},"116":{"start":{"line":177,"column":12},"end":{"line":177,"column":29}},"117":{"start":{"line":178,"column":12},"end":{"line":178,"column":118}},"118":{"start":{"line":178,"column":25},"end":{"line":178,"column":64}},"119":{"start":{"line":180,"column":12},"end":{"line":180,"column":25}},"120":{"start":{"line":181,"column":12},"end":{"line":181,"column":118}},"121":{"start":{"line":181,"column":25},"end":{"line":181,"column":64}},"122":{"start":{"line":183,"column":12},"end":{"line":183,"column":29}},"123":{"start":{"line":184,"column":12},"end":{"line":184,"column":118}},"124":{"start":{"line":184,"column":25},"end":{"line":184,"column":64}},"125":{"start":{"line":188,"column":4},"end":{"line":188,"column":107}},"126":{"start":{"line":188,"column":26},"end":{"line":188,"column":105}},"127":{"start":{"line":190,"column":4},"end":{"line":193,"column":6}},"128":{"start":{"line":191,"column":8},"end":{"line":191,"column":88}},"129":{"start":{"line":192,"column":8},"end":{"line":192,"column":36}}},"fnMap":{"0":{"name":"(anonymous_0)","decl":{"start":{"line":10,"column":29},"end":{"line":10,"column":30}},"loc":{"start":{"line":10,"column":35},"end":{"line":194,"column":1}},"line":10},"1":{"name":"(anonymous_1)","decl":{"start":{"line":20,"column":11},"end":{"line":20,"column":12}},"loc":{"start":{"line":20,"column":23},"end":{"line":23,"column":5}},"line":20},"2":{"name":"(anonymous_2)","decl":{"start":{"line":25,"column":15},"end":{"line":25,"column":16}},"loc":{"start":{"line":25,"column":27},"end":{"line":45,"column":5}},"line":25},"3":{"name":"(anonymous_3)","decl":{"start":{"line":47,"column":35},"end":{"line":47,"column":36}},"loc":{"start":{"line":47,"column":41},"end":{"line":129,"column":5}},"line":47},"4":{"name":"(anonymous_4)","decl":{"start":{"line":48,"column":96},"end":{"line":48,"column":97}},"loc":{"start":{"line":48,"column":108},"end":{"line":57,"column":9}},"line":48},"5":{"name":"(anonymous_5)","decl":{"start":{"line":59,"column":96},"end":{"line":59,"column":97}},"loc":{"start":{"line":59,"column":108},"end":{"line":68,"column":9}},"line":59},"6":{"name":"(anonymous_6)","decl":{"start":{"line":70,"column":81},"end":{"line":70,"column":82}},"loc":{"start":{"line":70,"column":93},"end":{"line":82,"column":9}},"line":70},"7":{"name":"(anonymous_7)","decl":{"start":{"line":84,"column":82},"end":{"line":84,"column":83}},"loc":{"start":{"line":84,"column":94},"end":{"line":96,"column":9}},"line":84},"8":{"name":"(anonymous_8)","decl":{"start":{"line":98,"column":80},"end":{"line":98,"column":81}},"loc":{"start":{"line":98,"column":92},"end":{"line":112,"column":9}},"line":98},"9":{"name":"(anonymous_9)","decl":{"start":{"line":114,"column":82},"end":{"line":114,"column":83}},"loc":{"start":{"line":114,"column":94},"end":{"line":128,"column":9}},"line":114},"10":{"name":"(anonymous_10)","decl":{"start":{"line":131,"column":34},"end":{"line":131,"column":35}},"loc":{"start":{"line":131,"column":40},"end":{"line":186,"column":5}},"line":131},"11":{"name":"(anonymous_11)","decl":{"start":{"line":132,"column":48},"end":{"line":132,"column":49}},"loc":{"start":{"line":132,"column":54},"end":{"line":142,"column":9}},"line":132},"12":{"name":"(anonymous_12)","decl":{"start":{"line":134,"column":19},"end":{"line":134,"column":20}},"loc":{"start":{"line":134,"column":25},"end":{"line":134,"column":64}},"line":134},"13":{"name":"(anonymous_13)","decl":{"start":{"line":137,"column":19},"end":{"line":137,"column":20}},"loc":{"start":{"line":137,"column":25},"end":{"line":137,"column":64}},"line":137},"14":{"name":"(anonymous_14)","decl":{"start":{"line":139,"column":19},"end":{"line":139,"column":20}},"loc":{"start":{"line":139,"column":25},"end":{"line":139,"column":64}},"line":139},"15":{"name":"(anonymous_15)","decl":{"start":{"line":141,"column":19},"end":{"line":141,"column":20}},"loc":{"start":{"line":141,"column":25},"end":{"line":141,"column":64}},"line":141},"16":{"name":"(anonymous_16)","decl":{"start":{"line":144,"column":53},"end":{"line":144,"column":54}},"loc":{"start":{"line":144,"column":59},"end":{"line":153,"column":9}},"line":144},"17":{"name":"(anonymous_17)","decl":{"start":{"line":146,"column":19},"end":{"line":146,"column":20}},"loc":{"start":{"line":146,"column":25},"end":{"line":146,"column":64}},"line":146},"18":{"name":"(anonymous_18)","decl":{"start":{"line":149,"column":19},"end":{"line":149,"column":20}},"loc":{"start":{"line":149,"column":25},"end":{"line":149,"column":64}},"line":149},"19":{"name":"(anonymous_19)","decl":{"start":{"line":152,"column":19},"end":{"line":152,"column":20}},"loc":{"start":{"line":152,"column":25},"end":{"line":152,"column":64}},"line":152},"20":{"name":"(anonymous_20)","decl":{"start":{"line":155,"column":51},"end":{"line":155,"column":52}},"loc":{"start":{"line":155,"column":57},"end":{"line":169,"column":9}},"line":155},"21":{"name":"(anonymous_21)","decl":{"start":{"line":159,"column":19},"end":{"line":159,"column":20}},"loc":{"start":{"line":159,"column":25},"end":{"line":159,"column":64}},"line":159},"22":{"name":"(anonymous_22)","decl":{"start":{"line":162,"column":19},"end":{"line":162,"column":20}},"loc":{"start":{"line":162,"column":25},"end":{"line":162,"column":64}},"line":162},"23":{"name":"(anonymous_23)","decl":{"start":{"line":165,"column":19},"end":{"line":165,"column":20}},"loc":{"start":{"line":165,"column":25},"end":{"line":165,"column":64}},"line":165},"24":{"name":"(anonymous_24)","decl":{"start":{"line":168,"column":19},"end":{"line":168,"column":20}},"loc":{"start":{"line":168,"column":25},"end":{"line":168,"column":64}},"line":168},"25":{"name":"(anonymous_25)","decl":{"start":{"line":171,"column":47},"end":{"line":171,"column":48}},"loc":{"start":{"line":171,"column":53},"end":{"line":185,"column":9}},"line":171},"26":{"name":"(anonymous_26)","decl":{"start":{"line":175,"column":19},"end":{"line":175,"column":20}},"loc":{"start":{"line":175,"column":25},"end":{"line":175,"column":64}},"line":175},"27":{"name":"(anonymous_27)","decl":{"start":{"line":178,"column":19},"end":{"line":178,"column":20}},"loc":{"start":{"line":178,"column":25},"end":{"line":178,"column":64}},"line":178},"28":{"name":"(anonymous_28)","decl":{"start":{"line":181,"column":19},"end":{"line":181,"column":20}},"loc":{"start":{"line":181,"column":25},"end":{"line":181,"column":64}},"line":181},"29":{"name":"(anonymous_29)","decl":{"start":{"line":184,"column":19},"end":{"line":184,"column":20}},"loc":{"start":{"line":184,"column":25},"end":{"line":184,"column":64}},"line":184},"30":{"name":"(anonymous_30)","decl":{"start":{"line":188,"column":14},"end":{"line":188,"column":15}},"loc":{"start":{"line":188,"column":26},"end":{"line":188,"column":105}},"line":188},"31":{"name":"(anonymous_31)","decl":{"start":{"line":190,"column":10},"end":{"line":190,"column":11}},"loc":{"start":{"line":190,"column":22},"end":{"line":193,"column":5}},"line":190}},"branchMap":{},"s":{"0":1,"1":1,"2":1,"3":1,"4":1,"5":1,"6":1,"7":1,"8":1,"9":1,"10":1,"11":1,"12":1,"13":10,"14":10,"15":10,"16":10,"17":10,"18":10,"19":10,"20":10,"21":10,"22":10,"23":10,"24":10,"25":10,"26":10,"27":10,"28":1,"29":1,"30":1,"31":1,"32":1,"33":1,"34":1,"35":1,"36":1,"37":1,"38":1,"39":1,"40":1,"41":1,"42":1,"43":1,"44":1,"45":1,"46":1,"47":1,"48":1,"49":1,"50":1,"51":1,"52":1,"53":1,"54":1,"55":1,"56":1,"57":1,"58":1,"59":1,"60":1,"61":1,"62":1,"63":1,"64":1,"65":1,"66":1,"67":1,"68":1,"69":1,"70":1,"71":1,"72":1,"73":1,"74":1,"75":1,"76":1,"77":1,"78":1,"79":1,"80":1,"81":1,"82":1,"83":1,"84":1,"85":1,"86":1,"87":1,"88":1,"89":1,"90":1,"91":1,"92":1,"93":1,"94":1,"95":1,"96":1,"97":1,"98":1,"99":1,"100":1,"101":1,"102":1,"103":1,"104":1,"105":1,"106":1,"107":1,"108":1,"109":1,"110":1,"111":1,"112":1,"113":1,"114":1,"115":1,"116":1,"117":1,"118":1,"119":1,"120":1,"121":1,"122":1,"123":1,"124":1,"125":1,"126":10,"127":1,"128":1,"129":1},"f":{"0":1,"1":1,"2":10,"3":1,"4":1,"5":1,"6":1,"7":1,"8":1,"9":1,"10":1,"11":1,"12":1,"13":1,"14":1,"15":1,"16":1,"17":1,"18":1,"19":1,"20":1,"21":1,"22":1,"23":1,"24":1,"25":1,"26":1,"27":1,"28":1,"29":1,"30":10,"31":1},"b":{},"_coverageSchema":"1a1c01bbd47fc00a2c39e90264f33305004495a9","hash":"71054925f91a3496c896053a3333560e8dfd6fad","contentHash":"23d8f93f68aaa8b1f97545ff6c50b8badf2762562448a97d68a721901dcd4e9d"},"C:\\Users\\Alex\\Downloads\\hexad-library\\hexad-library-server\\logic\\authenticate-user.js":{"path":"C:\\Users\\Alex\\Downloads\\hexad-library\\hexad-library-server\\logic\\authenticate-user.js","statementMap":{"0":{"start":{"line":4,"column":4},"end":{"line":4,"column":36}},"1":{"start":{"line":5,"column":38},"end":{"line":5,"column":67}},"2":{"start":{"line":6,"column":15},"end":{"line":6,"column":34}},"3":{"start":{"line":21,"column":0},"end":{"line":51,"column":1}},"4":{"start":{"line":22,"column":4},"end":{"line":22,"column":36}},"5":{"start":{"line":23,"column":4},"end":{"line":23,"column":26}},"6":{"start":{"line":24,"column":4},"end":{"line":24,"column":42}},"7":{"start":{"line":25,"column":4},"end":{"line":25,"column":34}},"8":{"start":{"line":27,"column":4},"end":{"line":50,"column":9}},"9":{"start":{"line":28,"column":8},"end":{"line":49,"column":9}},"10":{"start":{"line":29,"column":26},"end":{"line":29,"column":56}},"11":{"start":{"line":30,"column":12},"end":{"line":30,"column":92}},"12":{"start":{"line":30,"column":24},"end":{"line":30,"column":92}},"13":{"start":{"line":32,"column":26},"end":{"line":32,"column":72}},"14":{"start":{"line":33,"column":12},"end":{"line":33,"column":71}},"15":{"start":{"line":33,"column":24},"end":{"line":33,"column":71}},"16":{"start":{"line":35,"column":12},"end":{"line":35,"column":93}},"17":{"start":{"line":37,"column":12},"end":{"line":37,"column":39}},"18":{"start":{"line":39,"column":15},"end":{"line":49,"column":9}},"19":{"start":{"line":40,"column":27},"end":{"line":40,"column":58}},"20":{"start":{"line":41,"column":12},"end":{"line":41,"column":94}},"21":{"start":{"line":41,"column":25},"end":{"line":41,"column":94}},"22":{"start":{"line":43,"column":26},"end":{"line":43,"column":73}},"23":{"start":{"line":44,"column":12},"end":{"line":44,"column":71}},"24":{"start":{"line":44,"column":24},"end":{"line":44,"column":71}},"25":{"start":{"line":46,"column":12},"end":{"line":46,"column":94}},"26":{"start":{"line":48,"column":12},"end":{"line":48,"column":40}}},"fnMap":{"0":{"name":"(anonymous_0)","decl":{"start":{"line":21,"column":17},"end":{"line":21,"column":18}},"loc":{"start":{"line":21,"column":44},"end":{"line":51,"column":1}},"line":21},"1":{"name":"(anonymous_1)","decl":{"start":{"line":27,"column":12},"end":{"line":27,"column":13}},"loc":{"start":{"line":27,"column":24},"end":{"line":50,"column":5}},"line":27}},"branchMap":{"0":{"loc":{"start":{"line":28,"column":8},"end":{"line":49,"column":9}},"type":"if","locations":[{"start":{"line":28,"column":8},"end":{"line":49,"column":9}},{"start":{"line":28,"column":8},"end":{"line":49,"column":9}}],"line":28},"1":{"loc":{"start":{"line":30,"column":12},"end":{"line":30,"column":92}},"type":"if","locations":[{"start":{"line":30,"column":12},"end":{"line":30,"column":92}},{"start":{"line":30,"column":12},"end":{"line":30,"column":92}}],"line":30},"2":{"loc":{"start":{"line":33,"column":12},"end":{"line":33,"column":71}},"type":"if","locations":[{"start":{"line":33,"column":12},"end":{"line":33,"column":71}},{"start":{"line":33,"column":12},"end":{"line":33,"column":71}}],"line":33},"3":{"loc":{"start":{"line":39,"column":15},"end":{"line":49,"column":9}},"type":"if","locations":[{"start":{"line":39,"column":15},"end":{"line":49,"column":9}},{"start":{"line":39,"column":15},"end":{"line":49,"column":9}}],"line":39},"4":{"loc":{"start":{"line":41,"column":12},"end":{"line":41,"column":94}},"type":"if","locations":[{"start":{"line":41,"column":12},"end":{"line":41,"column":94}},{"start":{"line":41,"column":12},"end":{"line":41,"column":94}}],"line":41},"5":{"loc":{"start":{"line":44,"column":12},"end":{"line":44,"column":71}},"type":"if","locations":[{"start":{"line":44,"column":12},"end":{"line":44,"column":71}},{"start":{"line":44,"column":12},"end":{"line":44,"column":71}}],"line":44}},"s":{"0":1,"1":1,"2":1,"3":1,"4":21,"5":17,"6":14,"7":10,"8":6,"9":6,"10":3,"11":3,"12":1,"13":2,"14":2,"15":1,"16":1,"17":1,"18":3,"19":3,"20":3,"21":1,"22":2,"23":2,"24":1,"25":1,"26":1},"f":{"0":21,"1":6},"b":{"0":[3,3],"1":[1,2],"2":[1,1],"3":[3,0],"4":[1,2],"5":[1,1]},"_coverageSchema":"1a1c01bbd47fc00a2c39e90264f33305004495a9","hash":"5c0f2a2c7370646ccb01beb099d1864b3f516281","contentHash":"29aef6faa931a0d0d4f7b7245b1d069e49ccd0dee3ab137de25553ead563faff"},"C:\\Users\\Alex\\Downloads\\hexad-library\\hexad-library-server\\logic\\borrow-book.spec.js":{"path":"C:\\Users\\Alex\\Downloads\\hexad-library\\hexad-library-server\\logic\\borrow-book.spec.js","statementMap":{"0":{"start":{"line":1,"column":0},"end":{"line":1,"column":27}},"1":{"start":{"line":2,"column":38},"end":{"line":2,"column":45}},"2":{"start":{"line":3,"column":19},"end":{"line":3,"column":34}},"3":{"start":{"line":4,"column":31},"end":{"line":4,"column":35}},"4":{"start":{"line":5,"column":54},"end":{"line":5,"column":83}},"5":{"start":{"line":6,"column":19},"end":{"line":6,"column":43}},"6":{"start":{"line":7,"column":15},"end":{"line":7,"column":34}},"7":{"start":{"line":8,"column":43},"end":{"line":8,"column":82}},"8":{"start":{"line":10,"column":0},"end":{"line":214,"column":2}},"9":{"start":{"line":20,"column":4},"end":{"line":23,"column":7}},"10":{"start":{"line":21,"column":8},"end":{"line":21,"column":102}},"11":{"start":{"line":22,"column":8},"end":{"line":22,"column":88}},"12":{"start":{"line":25,"column":4},"end":{"line":52,"column":7}},"13":{"start":{"line":26,"column":8},"end":{"line":26,"column":56}},"14":{"start":{"line":27,"column":8},"end":{"line":27,"column":52}},"15":{"start":{"line":28,"column":8},"end":{"line":28,"column":28}},"16":{"start":{"line":29,"column":8},"end":{"line":29,"column":70}},"17":{"start":{"line":31,"column":22},"end":{"line":31,"column":135}},"18":{"start":{"line":32,"column":8},"end":{"line":32,"column":38}},"19":{"start":{"line":34,"column":8},"end":{"line":34,"column":58}},"20":{"start":{"line":35,"column":8},"end":{"line":35,"column":54}},"21":{"start":{"line":36,"column":8},"end":{"line":36,"column":30}},"22":{"start":{"line":37,"column":8},"end":{"line":37,"column":72}},"23":{"start":{"line":39,"column":23},"end":{"line":39,"column":140}},"24":{"start":{"line":40,"column":8},"end":{"line":40,"column":40}},"25":{"start":{"line":42,"column":8},"end":{"line":42,"column":36}},"26":{"start":{"line":43,"column":8},"end":{"line":43,"column":34}},"27":{"start":{"line":44,"column":8},"end":{"line":44,"column":48}},"28":{"start":{"line":45,"column":8},"end":{"line":45,"column":38}},"29":{"start":{"line":46,"column":8},"end":{"line":46,"column":57}},"30":{"start":{"line":47,"column":8},"end":{"line":47,"column":41}},"31":{"start":{"line":49,"column":21},"end":{"line":49,"column":142}},"32":{"start":{"line":50,"column":8},"end":{"line":50,"column":36}},"33":{"start":{"line":51,"column":8},"end":{"line":51,"column":86}},"34":{"start":{"line":54,"column":4},"end":{"line":174,"column":7}},"35":{"start":{"line":55,"column":8},"end":{"line":90,"column":11}},"36":{"start":{"line":56,"column":27},"end":{"line":56,"column":59}},"37":{"start":{"line":58,"column":12},"end":{"line":58,"column":43}},"38":{"start":{"line":60,"column":42},"end":{"line":64,"column":14}},"39":{"start":{"line":66,"column":12},"end":{"line":66,"column":36}},"40":{"start":{"line":67,"column":12},"end":{"line":67,"column":50}},"41":{"start":{"line":68,"column":12},"end":{"line":68,"column":65}},"42":{"start":{"line":69,"column":12},"end":{"line":69,"column":60}},"43":{"start":{"line":70,"column":12},"end":{"line":70,"column":69}},"44":{"start":{"line":71,"column":12},"end":{"line":71,"column":96}},"45":{"start":{"line":72,"column":12},"end":{"line":72,"column":66}},"46":{"start":{"line":73,"column":12},"end":{"line":73,"column":80}},"47":{"start":{"line":74,"column":12},"end":{"line":74,"column":63}},"48":{"start":{"line":75,"column":12},"end":{"line":75,"column":94}},"49":{"start":{"line":77,"column":12},"end":{"line":77,"column":34}},"50":{"start":{"line":78,"column":12},"end":{"line":78,"column":51}},"51":{"start":{"line":80,"column":12},"end":{"line":80,"column":35}},"52":{"start":{"line":81,"column":12},"end":{"line":81,"column":47}},"53":{"start":{"line":82,"column":12},"end":{"line":82,"column":62}},"54":{"start":{"line":83,"column":12},"end":{"line":83,"column":57}},"55":{"start":{"line":84,"column":12},"end":{"line":84,"column":66}},"56":{"start":{"line":85,"column":12},"end":{"line":85,"column":85}},"57":{"start":{"line":86,"column":12},"end":{"line":86,"column":82}},"58":{"start":{"line":87,"column":12},"end":{"line":87,"column":63}},"59":{"start":{"line":88,"column":12},"end":{"line":88,"column":77}},"60":{"start":{"line":89,"column":12},"end":{"line":89,"column":106}},"61":{"start":{"line":92,"column":8},"end":{"line":104,"column":11}},"62":{"start":{"line":93,"column":12},"end":{"line":93,"column":74}},"63":{"start":{"line":96,"column":12},"end":{"line":100,"column":13}},"64":{"start":{"line":97,"column":16},"end":{"line":97,"column":49}},"65":{"start":{"line":99,"column":16},"end":{"line":99,"column":31}},"66":{"start":{"line":101,"column":12},"end":{"line":101,"column":36}},"67":{"start":{"line":102,"column":12},"end":{"line":102,"column":61}},"68":{"start":{"line":103,"column":12},"end":{"line":103,"column":86}},"69":{"start":{"line":106,"column":8},"end":{"line":118,"column":11}},"70":{"start":{"line":107,"column":12},"end":{"line":107,"column":45}},"71":{"start":{"line":110,"column":12},"end":{"line":114,"column":13}},"72":{"start":{"line":111,"column":16},"end":{"line":111,"column":49}},"73":{"start":{"line":113,"column":16},"end":{"line":113,"column":31}},"74":{"start":{"line":115,"column":12},"end":{"line":115,"column":36}},"75":{"start":{"line":116,"column":12},"end":{"line":116,"column":61}},"76":{"start":{"line":117,"column":12},"end":{"line":117,"column":121}},"77":{"start":{"line":120,"column":8},"end":{"line":143,"column":11}},"78":{"start":{"line":121,"column":12},"end":{"line":132,"column":13}},"79":{"start":{"line":121,"column":25},"end":{"line":121,"column":26}},"80":{"start":{"line":122,"column":16},"end":{"line":122,"column":44}},"81":{"start":{"line":123,"column":16},"end":{"line":123,"column":42}},"82":{"start":{"line":124,"column":16},"end":{"line":124,"column":56}},"83":{"start":{"line":125,"column":16},"end":{"line":125,"column":46}},"84":{"start":{"line":126,"column":16},"end":{"line":126,"column":65}},"85":{"start":{"line":127,"column":16},"end":{"line":127,"column":49}},"86":{"start":{"line":129,"column":16},"end":{"line":129,"column":138}},"87":{"start":{"line":131,"column":16},"end":{"line":131,"column":49}},"88":{"start":{"line":135,"column":12},"end":{"line":139,"column":13}},"89":{"start":{"line":136,"column":16},"end":{"line":136,"column":49}},"90":{"start":{"line":138,"column":16},"end":{"line":138,"column":31}},"91":{"start":{"line":140,"column":12},"end":{"line":140,"column":36}},"92":{"start":{"line":141,"column":12},"end":{"line":141,"column":61}},"93":{"start":{"line":142,"column":12},"end":{"line":142,"column":123}},"94":{"start":{"line":145,"column":8},"end":{"line":158,"column":11}},"95":{"start":{"line":146,"column":12},"end":{"line":146,"column":36}},"96":{"start":{"line":149,"column":12},"end":{"line":153,"column":13}},"97":{"start":{"line":150,"column":16},"end":{"line":150,"column":49}},"98":{"start":{"line":152,"column":16},"end":{"line":152,"column":31}},"99":{"start":{"line":155,"column":12},"end":{"line":155,"column":36}},"100":{"start":{"line":156,"column":12},"end":{"line":156,"column":59}},"101":{"start":{"line":157,"column":12},"end":{"line":157,"column":85}},"102":{"start":{"line":160,"column":8},"end":{"line":173,"column":11}},"103":{"start":{"line":161,"column":12},"end":{"line":161,"column":38}},"104":{"start":{"line":164,"column":12},"end":{"line":168,"column":13}},"105":{"start":{"line":165,"column":16},"end":{"line":165,"column":49}},"106":{"start":{"line":167,"column":16},"end":{"line":167,"column":31}},"107":{"start":{"line":170,"column":12},"end":{"line":170,"column":36}},"108":{"start":{"line":171,"column":12},"end":{"line":171,"column":59}},"109":{"start":{"line":172,"column":12},"end":{"line":172,"column":89}},"110":{"start":{"line":176,"column":4},"end":{"line":206,"column":6}},"111":{"start":{"line":177,"column":8},"end":{"line":189,"column":11}},"112":{"start":{"line":178,"column":12},"end":{"line":178,"column":32}},"113":{"start":{"line":179,"column":12},"end":{"line":179,"column":113}},"114":{"start":{"line":179,"column":25},"end":{"line":179,"column":51}},"115":{"start":{"line":181,"column":12},"end":{"line":181,"column":33}},"116":{"start":{"line":182,"column":12},"end":{"line":182,"column":113}},"117":{"start":{"line":182,"column":25},"end":{"line":182,"column":51}},"118":{"start":{"line":184,"column":12},"end":{"line":184,"column":29}},"119":{"start":{"line":185,"column":12},"end":{"line":185,"column":113}},"120":{"start":{"line":185,"column":25},"end":{"line":185,"column":51}},"121":{"start":{"line":187,"column":12},"end":{"line":187,"column":33}},"122":{"start":{"line":188,"column":12},"end":{"line":188,"column":113}},"123":{"start":{"line":188,"column":25},"end":{"line":188,"column":51}},"124":{"start":{"line":191,"column":8},"end":{"line":205,"column":11}},"125":{"start":{"line":192,"column":12},"end":{"line":192,"column":45}},"126":{"start":{"line":194,"column":12},"end":{"line":194,"column":28}},"127":{"start":{"line":195,"column":12},"end":{"line":195,"column":105}},"128":{"start":{"line":195,"column":25},"end":{"line":195,"column":51}},"129":{"start":{"line":197,"column":12},"end":{"line":197,"column":29}},"130":{"start":{"line":198,"column":12},"end":{"line":198,"column":105}},"131":{"start":{"line":198,"column":25},"end":{"line":198,"column":51}},"132":{"start":{"line":200,"column":12},"end":{"line":200,"column":25}},"133":{"start":{"line":201,"column":12},"end":{"line":201,"column":105}},"134":{"start":{"line":201,"column":25},"end":{"line":201,"column":51}},"135":{"start":{"line":203,"column":12},"end":{"line":203,"column":29}},"136":{"start":{"line":204,"column":12},"end":{"line":204,"column":105}},"137":{"start":{"line":204,"column":25},"end":{"line":204,"column":51}},"138":{"start":{"line":208,"column":4},"end":{"line":208,"column":107}},"139":{"start":{"line":208,"column":26},"end":{"line":208,"column":105}},"140":{"start":{"line":210,"column":4},"end":{"line":213,"column":6}},"141":{"start":{"line":211,"column":8},"end":{"line":211,"column":88}},"142":{"start":{"line":212,"column":8},"end":{"line":212,"column":36}}},"fnMap":{"0":{"name":"(anonymous_0)","decl":{"start":{"line":10,"column":23},"end":{"line":10,"column":24}},"loc":{"start":{"line":10,"column":29},"end":{"line":214,"column":1}},"line":10},"1":{"name":"(anonymous_1)","decl":{"start":{"line":20,"column":11},"end":{"line":20,"column":12}},"loc":{"start":{"line":20,"column":23},"end":{"line":23,"column":5}},"line":20},"2":{"name":"(anonymous_2)","decl":{"start":{"line":25,"column":15},"end":{"line":25,"column":16}},"loc":{"start":{"line":25,"column":27},"end":{"line":52,"column":5}},"line":25},"3":{"name":"(anonymous_3)","decl":{"start":{"line":54,"column":35},"end":{"line":54,"column":36}},"loc":{"start":{"line":54,"column":41},"end":{"line":174,"column":5}},"line":54},"4":{"name":"(anonymous_4)","decl":{"start":{"line":55,"column":101},"end":{"line":55,"column":102}},"loc":{"start":{"line":55,"column":113},"end":{"line":90,"column":9}},"line":55},"5":{"name":"(anonymous_5)","decl":{"start":{"line":92,"column":84},"end":{"line":92,"column":85}},"loc":{"start":{"line":92,"column":96},"end":{"line":104,"column":9}},"line":92},"6":{"name":"(anonymous_6)","decl":{"start":{"line":106,"column":100},"end":{"line":106,"column":101}},"loc":{"start":{"line":106,"column":112},"end":{"line":118,"column":9}},"line":106},"7":{"name":"(anonymous_7)","decl":{"start":{"line":120,"column":103},"end":{"line":120,"column":104}},"loc":{"start":{"line":120,"column":115},"end":{"line":143,"column":9}},"line":120},"8":{"name":"(anonymous_8)","decl":{"start":{"line":145,"column":70},"end":{"line":145,"column":71}},"loc":{"start":{"line":145,"column":82},"end":{"line":158,"column":9}},"line":145},"9":{"name":"(anonymous_9)","decl":{"start":{"line":160,"column":72},"end":{"line":160,"column":73}},"loc":{"start":{"line":160,"column":84},"end":{"line":173,"column":9}},"line":160},"10":{"name":"(anonymous_10)","decl":{"start":{"line":176,"column":34},"end":{"line":176,"column":35}},"loc":{"start":{"line":176,"column":40},"end":{"line":206,"column":5}},"line":176},"11":{"name":"(anonymous_11)","decl":{"start":{"line":177,"column":51},"end":{"line":177,"column":52}},"loc":{"start":{"line":177,"column":57},"end":{"line":189,"column":9}},"line":177},"12":{"name":"(anonymous_12)","decl":{"start":{"line":179,"column":19},"end":{"line":179,"column":20}},"loc":{"start":{"line":179,"column":25},"end":{"line":179,"column":51}},"line":179},"13":{"name":"(anonymous_13)","decl":{"start":{"line":182,"column":19},"end":{"line":182,"column":20}},"loc":{"start":{"line":182,"column":25},"end":{"line":182,"column":51}},"line":182},"14":{"name":"(anonymous_14)","decl":{"start":{"line":185,"column":19},"end":{"line":185,"column":20}},"loc":{"start":{"line":185,"column":25},"end":{"line":185,"column":51}},"line":185},"15":{"name":"(anonymous_15)","decl":{"start":{"line":188,"column":19},"end":{"line":188,"column":20}},"loc":{"start":{"line":188,"column":25},"end":{"line":188,"column":51}},"line":188},"16":{"name":"(anonymous_16)","decl":{"start":{"line":191,"column":47},"end":{"line":191,"column":48}},"loc":{"start":{"line":191,"column":53},"end":{"line":205,"column":9}},"line":191},"17":{"name":"(anonymous_17)","decl":{"start":{"line":195,"column":19},"end":{"line":195,"column":20}},"loc":{"start":{"line":195,"column":25},"end":{"line":195,"column":51}},"line":195},"18":{"name":"(anonymous_18)","decl":{"start":{"line":198,"column":19},"end":{"line":198,"column":20}},"loc":{"start":{"line":198,"column":25},"end":{"line":198,"column":51}},"line":198},"19":{"name":"(anonymous_19)","decl":{"start":{"line":201,"column":19},"end":{"line":201,"column":20}},"loc":{"start":{"line":201,"column":25},"end":{"line":201,"column":51}},"line":201},"20":{"name":"(anonymous_20)","decl":{"start":{"line":204,"column":19},"end":{"line":204,"column":20}},"loc":{"start":{"line":204,"column":25},"end":{"line":204,"column":51}},"line":204},"21":{"name":"(anonymous_21)","decl":{"start":{"line":208,"column":14},"end":{"line":208,"column":15}},"loc":{"start":{"line":208,"column":26},"end":{"line":208,"column":105}},"line":208},"22":{"name":"(anonymous_22)","decl":{"start":{"line":210,"column":10},"end":{"line":210,"column":11}},"loc":{"start":{"line":210,"column":22},"end":{"line":213,"column":5}},"line":210}},"branchMap":{},"s":{"0":1,"1":1,"2":1,"3":1,"4":1,"5":1,"6":1,"7":1,"8":1,"9":1,"10":1,"11":1,"12":1,"13":8,"14":8,"15":8,"16":8,"17":8,"18":8,"19":8,"20":8,"21":8,"22":8,"23":8,"24":8,"25":8,"26":8,"27":8,"28":8,"29":8,"30":8,"31":8,"32":8,"33":8,"34":1,"35":1,"36":1,"37":1,"38":1,"39":1,"40":1,"41":1,"42":1,"43":1,"44":1,"45":1,"46":1,"47":1,"48":1,"49":1,"50":1,"51":1,"52":1,"53":1,"54":1,"55":1,"56":1,"57":1,"58":1,"59":1,"60":1,"61":1,"62":1,"63":1,"64":1,"65":1,"66":1,"67":1,"68":1,"69":1,"70":1,"71":1,"72":1,"73":1,"74":1,"75":1,"76":1,"77":1,"78":1,"79":1,"80":2,"81":2,"82":2,"83":2,"84":2,"85":2,"86":2,"87":2,"88":1,"89":1,"90":1,"91":1,"92":1,"93":1,"94":1,"95":1,"96":1,"97":1,"98":1,"99":1,"100":1,"101":1,"102":1,"103":1,"104":1,"105":1,"106":1,"107":1,"108":1,"109":1,"110":1,"111":1,"112":1,"113":1,"114":1,"115":1,"116":1,"117":1,"118":1,"119":1,"120":1,"121":1,"122":1,"123":1,"124":1,"125":1,"126":1,"127":1,"128":1,"129":1,"130":1,"131":1,"132":1,"133":1,"134":1,"135":1,"136":1,"137":1,"138":1,"139":8,"140":1,"141":1,"142":1},"f":{"0":1,"1":1,"2":8,"3":1,"4":1,"5":1,"6":1,"7":1,"8":1,"9":1,"10":1,"11":1,"12":1,"13":1,"14":1,"15":1,"16":1,"17":1,"18":1,"19":1,"20":1,"21":8,"22":1},"b":{},"_coverageSchema":"1a1c01bbd47fc00a2c39e90264f33305004495a9","hash":"a2bffbef73f585a70489c6c4af6329001027af34","contentHash":"cfbbce662758fd5fd3cb679a70808cbf4ab2e40d6617d5e963d55ce59ce0dc81"},"C:\\Users\\Alex\\Downloads\\hexad-library\\hexad-library-server\\logic\\borrow-book.js":{"path":"C:\\Users\\Alex\\Downloads\\hexad-library\\hexad-library-server\\logic\\borrow-book.js","statementMap":{"0":{"start":{"line":1,"column":44},"end":{"line":1,"column":73}},"1":{"start":{"line":5,"column":4},"end":{"line":5,"column":36}},"2":{"start":{"line":6,"column":16},"end":{"line":6,"column":20}},"3":{"start":{"line":22,"column":0},"end":{"line":68,"column":1}},"4":{"start":{"line":23,"column":4},"end":{"line":23,"column":42}},"5":{"start":{"line":24,"column":4},"end":{"line":24,"column":34}},"6":{"start":{"line":26,"column":4},"end":{"line":67,"column":9}},"7":{"start":{"line":27,"column":31},"end":{"line":30,"column":10}},"8":{"start":{"line":32,"column":8},"end":{"line":32,"column":90}},"9":{"start":{"line":32,"column":21},"end":{"line":32,"column":90}},"10":{"start":{"line":33,"column":8},"end":{"line":33,"column":84}},"11":{"start":{"line":33,"column":19},"end":{"line":33,"column":84}},"12":{"start":{"line":35,"column":8},"end":{"line":35,"column":169}},"13":{"start":{"line":35,"column":64},"end":{"line":35,"column":169}},"14":{"start":{"line":37,"column":32},"end":{"line":37,"column":114}},"15":{"start":{"line":37,"column":67},"end":{"line":37,"column":113}},"16":{"start":{"line":39,"column":8},"end":{"line":39,"column":132}},"17":{"start":{"line":39,"column":29},"end":{"line":39,"column":132}},"18":{"start":{"line":41,"column":8},"end":{"line":41,"column":98}},"19":{"start":{"line":41,"column":30},"end":{"line":41,"column":98}},"20":{"start":{"line":44,"column":26},"end":{"line":44,"column":89}},"21":{"start":{"line":45,"column":29},"end":{"line":45,"column":95}},"22":{"start":{"line":46,"column":23},"end":{"line":46,"column":69}},"23":{"start":{"line":48,"column":8},"end":{"line":51,"column":11}},"24":{"start":{"line":53,"column":23},"end":{"line":53,"column":41}},"25":{"start":{"line":56,"column":8},"end":{"line":64,"column":9}},"26":{"start":{"line":56,"column":21},"end":{"line":56,"column":22}},"27":{"start":{"line":57,"column":12},"end":{"line":63,"column":15}},"28":{"start":{"line":66,"column":8},"end":{"line":66,"column":15}}},"fnMap":{"0":{"name":"(anonymous_0)","decl":{"start":{"line":22,"column":17},"end":{"line":22,"column":18}},"loc":{"start":{"line":22,"column":37},"end":{"line":68,"column":1}},"line":22},"1":{"name":"(anonymous_1)","decl":{"start":{"line":26,"column":12},"end":{"line":26,"column":13}},"loc":{"start":{"line":26,"column":24},"end":{"line":67,"column":5}},"line":26},"2":{"name":"(anonymous_2)","decl":{"start":{"line":37,"column":58},"end":{"line":37,"column":59}},"loc":{"start":{"line":37,"column":67},"end":{"line":37,"column":113}},"line":37}},"branchMap":{"0":{"loc":{"start":{"line":32,"column":8},"end":{"line":32,"column":90}},"type":"if","locations":[{"start":{"line":32,"column":8},"end":{"line":32,"column":90}},{"start":{"line":32,"column":8},"end":{"line":32,"column":90}}],"line":32},"1":{"loc":{"start":{"line":33,"column":8},"end":{"line":33,"column":84}},"type":"if","locations":[{"start":{"line":33,"column":8},"end":{"line":33,"column":84}},{"start":{"line":33,"column":8},"end":{"line":33,"column":84}}],"line":33},"2":{"loc":{"start":{"line":35,"column":8},"end":{"line":35,"column":169}},"type":"if","locations":[{"start":{"line":35,"column":8},"end":{"line":35,"column":169}},{"start":{"line":35,"column":8},"end":{"line":35,"column":169}}],"line":35},"3":{"loc":{"start":{"line":39,"column":8},"end":{"line":39,"column":132}},"type":"if","locations":[{"start":{"line":39,"column":8},"end":{"line":39,"column":132}},{"start":{"line":39,"column":8},"end":{"line":39,"column":132}}],"line":39},"4":{"loc":{"start":{"line":41,"column":8},"end":{"line":41,"column":98}},"type":"if","locations":[{"start":{"line":41,"column":8},"end":{"line":41,"column":98}},{"start":{"line":41,"column":8},"end":{"line":41,"column":98}}],"line":41},"5":{"loc":{"start":{"line":46,"column":23},"end":{"line":46,"column":69}},"type":"cond-expr","locations":[{"start":{"line":46,"column":42},"end":{"line":46,"column":55}},{"start":{"line":46,"column":58},"end":{"line":46,"column":69}}],"line":46}},"s":{"0":1,"1":1,"2":1,"3":1,"4":17,"5":13,"6":9,"7":9,"8":9,"9":1,"10":8,"11":1,"12":7,"13":1,"14":6,"15":2,"16":6,"17":1,"18":5,"19":1,"20":4,"21":4,"22":4,"23":4,"24":4,"25":4,"26":4,"27":4,"28":4},"f":{"0":17,"1":9,"2":2},"b":{"0":[1,8],"1":[1,7],"2":[1,6],"3":[1,5],"4":[1,4],"5":[0,4]},"_coverageSchema":"1a1c01bbd47fc00a2c39e90264f33305004495a9","hash":"6ad058933ecc46b594c139dd618b11e505ca033d","contentHash":"bcd7ba6bb852ff1835fe5a776051f87b3a27751734466423e0e9c01406bdd38f"},"C:\\Users\\Alex\\Downloads\\hexad-library\\hexad-library-server\\logic\\register-user.spec.js":{"path":"C:\\Users\\Alex\\Downloads\\hexad-library\\hexad-library-server\\logic\\register-user.spec.js","statementMap":{"0":{"start":{"line":1,"column":0},"end":{"line":1,"column":27}},"1":{"start":{"line":2,"column":38},"end":{"line":2,"column":45}},"2":{"start":{"line":3,"column":19},"end":{"line":3,"column":34}},"3":{"start":{"line":4,"column":26},"end":{"line":4,"column":30}},"4":{"start":{"line":5,"column":54},"end":{"line":5,"column":83}},"5":{"start":{"line":6,"column":21},"end":{"line":6,"column":47}},"6":{"start":{"line":7,"column":54},"end":{"line":7,"column":86}},"7":{"start":{"line":8,"column":15},"end":{"line":8,"column":34}},"8":{"start":{"line":10,"column":0},"end":{"line":178,"column":2}},"9":{"start":{"line":13,"column":4},"end":{"line":16,"column":7}},"10":{"start":{"line":14,"column":8},"end":{"line":14,"column":102}},"11":{"start":{"line":15,"column":8},"end":{"line":15,"column":88}},"12":{"start":{"line":18,"column":4},"end":{"line":21,"column":6}},"13":{"start":{"line":19,"column":8},"end":{"line":19,"column":46}},"14":{"start":{"line":20,"column":8},"end":{"line":20,"column":42}},"15":{"start":{"line":23,"column":4},"end":{"line":113,"column":7}},"16":{"start":{"line":24,"column":8},"end":{"line":50,"column":11}},"17":{"start":{"line":25,"column":12},"end":{"line":25,"column":27}},"18":{"start":{"line":26,"column":27},"end":{"line":26,"column":68}},"19":{"start":{"line":28,"column":12},"end":{"line":28,"column":43}},"20":{"start":{"line":30,"column":26},"end":{"line":30,"column":62}},"21":{"start":{"line":32,"column":12},"end":{"line":32,"column":35}},"22":{"start":{"line":33,"column":12},"end":{"line":33,"column":51}},"23":{"start":{"line":34,"column":12},"end":{"line":34,"column":48}},"24":{"start":{"line":35,"column":12},"end":{"line":35,"column":46}},"25":{"start":{"line":36,"column":12},"end":{"line":36,"column":58}},"26":{"start":{"line":37,"column":12},"end":{"line":37,"column":57}},"27":{"start":{"line":39,"column":12},"end":{"line":39,"column":67}},"28":{"start":{"line":40,"column":12},"end":{"line":40,"column":37}},"29":{"start":{"line":42,"column":12},"end":{"line":42,"column":46}},"30":{"start":{"line":43,"column":12},"end":{"line":43,"column":61}},"31":{"start":{"line":45,"column":12},"end":{"line":45,"column":44}},"32":{"start":{"line":46,"column":12},"end":{"line":46,"column":59}},"33":{"start":{"line":48,"column":12},"end":{"line":48,"column":47}},"34":{"start":{"line":49,"column":12},"end":{"line":49,"column":62}},"35":{"start":{"line":52,"column":8},"end":{"line":76,"column":11}},"36":{"start":{"line":53,"column":12},"end":{"line":53,"column":28}},"37":{"start":{"line":55,"column":27},"end":{"line":55,"column":68}},"38":{"start":{"line":57,"column":12},"end":{"line":57,"column":43}},"39":{"start":{"line":59,"column":27},"end":{"line":59,"column":64}},"40":{"start":{"line":61,"column":12},"end":{"line":61,"column":36}},"41":{"start":{"line":62,"column":12},"end":{"line":62,"column":52}},"42":{"start":{"line":63,"column":12},"end":{"line":63,"column":49}},"43":{"start":{"line":64,"column":12},"end":{"line":64,"column":47}},"44":{"start":{"line":65,"column":12},"end":{"line":65,"column":59}},"45":{"start":{"line":66,"column":12},"end":{"line":66,"column":58}},"46":{"start":{"line":68,"column":12},"end":{"line":68,"column":68}},"47":{"start":{"line":69,"column":12},"end":{"line":69,"column":37}},"48":{"start":{"line":71,"column":12},"end":{"line":71,"column":51}},"49":{"start":{"line":72,"column":12},"end":{"line":72,"column":66}},"50":{"start":{"line":74,"column":12},"end":{"line":74,"column":50}},"51":{"start":{"line":75,"column":12},"end":{"line":75,"column":65}},"52":{"start":{"line":78,"column":8},"end":{"line":94,"column":11}},"53":{"start":{"line":79,"column":12},"end":{"line":79,"column":27}},"54":{"start":{"line":80,"column":12},"end":{"line":80,"column":55}},"55":{"start":{"line":81,"column":12},"end":{"line":81,"column":79}},"56":{"start":{"line":85,"column":12},"end":{"line":89,"column":13}},"57":{"start":{"line":86,"column":16},"end":{"line":86,"column":58}},"58":{"start":{"line":88,"column":16},"end":{"line":88,"column":31}},"59":{"start":{"line":91,"column":12},"end":{"line":91,"column":36}},"60":{"start":{"line":92,"column":12},"end":{"line":92,"column":61}},"61":{"start":{"line":93,"column":12},"end":{"line":93,"column":91}},"62":{"start":{"line":96,"column":8},"end":{"line":112,"column":11}},"63":{"start":{"line":97,"column":12},"end":{"line":97,"column":28}},"64":{"start":{"line":98,"column":12},"end":{"line":98,"column":55}},"65":{"start":{"line":99,"column":12},"end":{"line":99,"column":80}},"66":{"start":{"line":103,"column":12},"end":{"line":107,"column":13}},"67":{"start":{"line":104,"column":16},"end":{"line":104,"column":58}},"68":{"start":{"line":106,"column":16},"end":{"line":106,"column":31}},"69":{"start":{"line":109,"column":12},"end":{"line":109,"column":36}},"70":{"start":{"line":110,"column":12},"end":{"line":110,"column":61}},"71":{"start":{"line":111,"column":12},"end":{"line":111,"column":91}},"72":{"start":{"line":115,"column":4},"end":{"line":170,"column":6}},"73":{"start":{"line":116,"column":8},"end":{"line":126,"column":11}},"74":{"start":{"line":117,"column":12},"end":{"line":117,"column":29}},"75":{"start":{"line":118,"column":12},"end":{"line":118,"column":116}},"76":{"start":{"line":118,"column":25},"end":{"line":118,"column":60}},"77":{"start":{"line":120,"column":12},"end":{"line":120,"column":30}},"78":{"start":{"line":121,"column":12},"end":{"line":121,"column":116}},"79":{"start":{"line":121,"column":25},"end":{"line":121,"column":60}},"80":{"start":{"line":122,"column":12},"end":{"line":122,"column":26}},"81":{"start":{"line":123,"column":12},"end":{"line":123,"column":116}},"82":{"start":{"line":123,"column":25},"end":{"line":123,"column":60}},"83":{"start":{"line":124,"column":12},"end":{"line":124,"column":30}},"84":{"start":{"line":125,"column":12},"end":{"line":125,"column":116}},"85":{"start":{"line":125,"column":25},"end":{"line":125,"column":60}},"86":{"start":{"line":128,"column":8},"end":{"line":137,"column":10}},"87":{"start":{"line":129,"column":12},"end":{"line":129,"column":31}},"88":{"start":{"line":130,"column":12},"end":{"line":130,"column":114}},"89":{"start":{"line":130,"column":25},"end":{"line":130,"column":60}},"90":{"start":{"line":132,"column":12},"end":{"line":132,"column":32}},"91":{"start":{"line":133,"column":12},"end":{"line":133,"column":114}},"92":{"start":{"line":133,"column":25},"end":{"line":133,"column":60}},"93":{"start":{"line":135,"column":12},"end":{"line":135,"column":36}},"94":{"start":{"line":136,"column":12},"end":{"line":136,"column":114}},"95":{"start":{"line":136,"column":25},"end":{"line":136,"column":60}},"96":{"start":{"line":139,"column":8},"end":{"line":153,"column":11}},"97":{"start":{"line":140,"column":12},"end":{"line":140,"column":50}},"98":{"start":{"line":142,"column":12},"end":{"line":142,"column":32}},"99":{"start":{"line":143,"column":12},"end":{"line":143,"column":122}},"100":{"start":{"line":143,"column":25},"end":{"line":143,"column":60}},"101":{"start":{"line":145,"column":12},"end":{"line":145,"column":33}},"102":{"start":{"line":146,"column":12},"end":{"line":146,"column":122}},"103":{"start":{"line":146,"column":25},"end":{"line":146,"column":60}},"104":{"start":{"line":148,"column":12},"end":{"line":148,"column":29}},"105":{"start":{"line":149,"column":12},"end":{"line":149,"column":122}},"106":{"start":{"line":149,"column":25},"end":{"line":149,"column":60}},"107":{"start":{"line":151,"column":12},"end":{"line":151,"column":33}},"108":{"start":{"line":152,"column":12},"end":{"line":152,"column":122}},"109":{"start":{"line":152,"column":25},"end":{"line":152,"column":60}},"110":{"start":{"line":155,"column":8},"end":{"line":169,"column":11}},"111":{"start":{"line":156,"column":12},"end":{"line":156,"column":46}},"112":{"start":{"line":158,"column":12},"end":{"line":158,"column":28}},"113":{"start":{"line":159,"column":12},"end":{"line":159,"column":114}},"114":{"start":{"line":159,"column":25},"end":{"line":159,"column":60}},"1
[...]
mn":12},"end":{"line":207,"column":119}},"132":{"start":{"line":207,"column":25},"end":{"line":207,"column":54}},"133":{"start":{"line":209,"column":12},"end":{"line":209,"column":39}},"134":{"start":{"line":210,"column":12},"end":{"line":210,"column":119}},"135":{"start":{"line":210,"column":25},"end":{"line":210,"column":54}},"136":{"start":{"line":212,"column":12},"end":{"line":212,"column":35}},"137":{"start":{"line":213,"column":12},"end":{"line":213,"column":119}},"138":{"start":{"line":213,"column":25},"end":{"line":213,"column":54}},"139":{"start":{"line":215,"column":12},"end":{"line":215,"column":39}},"140":{"start":{"line":216,"column":12},"end":{"line":216,"column":119}},"141":{"start":{"line":216,"column":25},"end":{"line":216,"column":54}},"142":{"start":{"line":219,"column":8},"end":{"line":233,"column":11}},"143":{"start":{"line":220,"column":12},"end":{"line":220,"column":38}},"144":{"start":{"line":222,"column":12},"end":{"line":222,"column":39}},"145":{"start":{"line":223,"column":12},"end":{"line":223,"column":121}},"146":{"start":{"line":223,"column":25},"end":{"line":223,"column":54}},"147":{"start":{"line":225,"column":12},"end":{"line":225,"column":40}},"148":{"start":{"line":226,"column":12},"end":{"line":226,"column":121}},"149":{"start":{"line":226,"column":25},"end":{"line":226,"column":54}},"150":{"start":{"line":228,"column":12},"end":{"line":228,"column":36}},"151":{"start":{"line":229,"column":12},"end":{"line":229,"column":121}},"152":{"start":{"line":229,"column":25},"end":{"line":229,"column":54}},"153":{"start":{"line":231,"column":12},"end":{"line":231,"column":40}},"154":{"start":{"line":232,"column":12},"end":{"line":232,"column":121}},"155":{"start":{"line":232,"column":25},"end":{"line":232,"column":54}},"156":{"start":{"line":235,"column":8},"end":{"line":246,"column":11}},"157":{"start":{"line":236,"column":12},"end":{"line":236,"column":70}},"158":{"start":{"line":238,"column":12},"end":{"line":238,"column":44}},"159":{"start":{"line":239,"column":12},"end":{"line":239,"column":131}},"160":{"start":{"line":239,"column":25},"end":{"line":239,"column":54}},"161":{"start":{"line":241,"column":12},"end":{"line":241,"column":45}},"162":{"start":{"line":242,"column":12},"end":{"line":242,"column":71}},"163":{"start":{"line":242,"column":25},"end":{"line":242,"column":54}},"164":{"start":{"line":244,"column":12},"end":{"line":244,"column":41}},"165":{"start":{"line":245,"column":12},"end":{"line":245,"column":131}},"166":{"start":{"line":245,"column":25},"end":{"line":245,"column":54}},"167":{"start":{"line":248,"column":8},"end":{"line":259,"column":11}},"168":{"start":{"line":249,"column":12},"end":{"line":249,"column":61}},"169":{"start":{"line":251,"column":12},"end":{"line":251,"column":39}},"170":{"start":{"line":252,"column":12},"end":{"line":252,"column":121}},"171":{"start":{"line":252,"column":25},"end":{"line":252,"column":54}},"172":{"start":{"line":254,"column":12},"end":{"line":254,"column":40}},"173":{"start":{"line":255,"column":12},"end":{"line":255,"column":71}},"174":{"start":{"line":255,"column":25},"end":{"line":255,"column":54}},"175":{"start":{"line":257,"column":12},"end":{"line":257,"column":36}},"176":{"start":{"line":258,"column":12},"end":{"line":258,"column":121}},"177":{"start":{"line":258,"column":25},"end":{"line":258,"column":54}},"178":{"start":{"line":261,"column":8},"end":{"line":272,"column":11}},"179":{"start":{"line":262,"column":12},"end":{"line":262,"column":51}},"180":{"start":{"line":264,"column":12},"end":{"line":264,"column":50}},"181":{"start":{"line":265,"column":12},"end":{"line":265,"column":143}},"182":{"start":{"line":265,"column":25},"end":{"line":265,"column":54}},"183":{"start":{"line":267,"column":12},"end":{"line":267,"column":51}},"184":{"start":{"line":268,"column":12},"end":{"line":268,"column":71}},"185":{"start":{"line":268,"column":25},"end":{"line":268,"column":54}},"186":{"start":{"line":270,"column":12},"end":{"line":270,"column":47}},"187":{"start":{"line":271,"column":12},"end":{"line":271,"column":143}},"188":{"start":{"line":271,"column":25},"end":{"line":271,"column":54}},"189":{"start":{"line":275,"column":4},"end":{"line":275,"column":107}},"190":{"start":{"line":275,"column":26},"end":{"line":275,"column":105}},"191":{"start":{"line":277,"column":4},"end":{"line":280,"column":6}},"192":{"start":{"line":278,"column":8},"end":{"line":278,"column":88}},"193":{"start":{"line":279,"column":8},"end":{"line":279,"column":36}}},"fnMap":{"0":{"name":"(anonymous_0)","decl":{"start":{"line":11,"column":23},"end":{"line":11,"column":24}},"loc":{"start":{"line":11,"column":29},"end":{"line":281,"column":1}},"line":11},"1":{"name":"(anonymous_1)","decl":{"start":{"line":22,"column":11},"end":{"line":22,"column":12}},"loc":{"start":{"line":22,"column":23},"end":{"line":25,"column":5}},"line":22},"2":{"name":"(anonymous_2)","decl":{"start":{"line":27,"column":15},"end":{"line":27,"column":16}},"loc":{"start":{"line":27,"column":27},"end":{"line":54,"column":5}},"line":27},"3":{"name":"(anonymous_3)","decl":{"start":{"line":56,"column":35},"end":{"line":56,"column":36}},"loc":{"start":{"line":56,"column":41},"end":{"line":136,"column":5}},"line":56},"4":{"name":"(anonymous_4)","decl":{"start":{"line":59,"column":87},"end":{"line":59,"column":88}},"loc":{"start":{"line":59,"column":99},"end":{"line":89,"column":9}},"line":59},"5":{"name":"(anonymous_5)","decl":{"start":{"line":91,"column":70},"end":{"line":91,"column":71}},"loc":{"start":{"line":91,"column":82},"end":{"line":112,"column":9}},"line":91},"6":{"name":"(anonymous_6)","decl":{"start":{"line":114,"column":71},"end":{"line":114,"column":72}},"loc":{"start":{"line":114,"column":83},"end":{"line":135,"column":9}},"line":114},"7":{"name":"(anonymous_7)","decl":{"start":{"line":138,"column":34},"end":{"line":138,"column":35}},"loc":{"start":{"line":138,"column":40},"end":{"line":273,"column":5}},"line":138},"8":{"name":"(anonymous_8)","decl":{"start":{"line":141,"column":50},"end":{"line":141,"column":51}},"loc":{"start":{"line":141,"column":56},"end":{"line":153,"column":9}},"line":141},"9":{"name":"(anonymous_9)","decl":{"start":{"line":143,"column":19},"end":{"line":143,"column":20}},"loc":{"start":{"line":143,"column":25},"end":{"line":143,"column":54}},"line":143},"10":{"name":"(anonymous_10)","decl":{"start":{"line":146,"column":19},"end":{"line":146,"column":20}},"loc":{"start":{"line":146,"column":25},"end":{"line":146,"column":54}},"line":146},"11":{"name":"(anonymous_11)","decl":{"start":{"line":149,"column":19},"end":{"line":149,"column":20}},"loc":{"start":{"line":149,"column":25},"end":{"line":149,"column":54}},"line":149},"12":{"name":"(anonymous_12)","decl":{"start":{"line":152,"column":19},"end":{"line":152,"column":20}},"loc":{"start":{"line":152,"column":25},"end":{"line":152,"column":54}},"line":152},"13":{"name":"(anonymous_13)","decl":{"start":{"line":155,"column":51},"end":{"line":155,"column":52}},"loc":{"start":{"line":155,"column":57},"end":{"line":169,"column":9}},"line":155},"14":{"name":"(anonymous_14)","decl":{"start":{"line":159,"column":19},"end":{"line":159,"column":20}},"loc":{"start":{"line":159,"column":25},"end":{"line":159,"column":54}},"line":159},"15":{"name":"(anonymous_15)","decl":{"start":{"line":162,"column":19},"end":{"line":162,"column":20}},"loc":{"start":{"line":162,"column":25},"end":{"line":162,"column":54}},"line":162},"16":{"name":"(anonymous_16)","decl":{"start":{"line":165,"column":19},"end":{"line":165,"column":20}},"loc":{"start":{"line":165,"column":25},"end":{"line":165,"column":54}},"line":165},"17":{"name":"(anonymous_17)","decl":{"start":{"line":168,"column":19},"end":{"line":168,"column":20}},"loc":{"start":{"line":168,"column":25},"end":{"line":168,"column":54}},"line":168},"18":{"name":"(anonymous_18)","decl":{"start":{"line":171,"column":48},"end":{"line":171,"column":49}},"loc":{"start":{"line":171,"column":54},"end":{"line":185,"column":9}},"line":171},"19":{"name":"(anonymous_19)","decl":{"start":{"line":175,"column":19},"end":{"line":175,"column":20}},"loc":{"start":{"line":175,"column":25},"end":{"line":175,"column":54}},"line":175},"20":{"name":"(anonymous_20)","decl":{"start":{"line":178,"column":19},"end":{"line":178,"column":20}},"loc":{"start":{"line":178,"column":25},"end":{"line":178,"column":54}},"line":178},"21":{"name":"(anonymous_21)","decl":{"start":{"line":181,"column":19},"end":{"line":181,"column":20}},"loc":{"start":{"line":181,"column":25},"end":{"line":181,"column":54}},"line":181},"22":{"name":"(anonymous_22)","decl":{"start":{"line":184,"column":19},"end":{"line":184,"column":20}},"loc":{"start":{"line":184,"column":25},"end":{"line":184,"column":54}},"line":184},"23":{"name":"(anonymous_23)","decl":{"start":{"line":187,"column":47},"end":{"line":187,"column":48}},"loc":{"start":{"line":187,"column":53},"end":{"line":201,"column":9}},"line":187},"24":{"name":"(anonymous_24)","decl":{"start":{"line":191,"column":19},"end":{"line":191,"column":20}},"loc":{"start":{"line":191,"column":25},"end":{"line":191,"column":54}},"line":191},"25":{"name":"(anonymous_25)","decl":{"start":{"line":194,"column":19},"end":{"line":194,"column":20}},"loc":{"start":{"line":194,"column":25},"end":{"line":194,"column":54}},"line":194},"26":{"name":"(anonymous_26)","decl":{"start":{"line":197,"column":19},"end":{"line":197,"column":20}},"loc":{"start":{"line":197,"column":25},"end":{"line":197,"column":54}},"line":197},"27":{"name":"(anonymous_27)","decl":{"start":{"line":200,"column":19},"end":{"line":200,"column":20}},"loc":{"start":{"line":200,"column":25},"end":{"line":200,"column":54}},"line":200},"28":{"name":"(anonymous_28)","decl":{"start":{"line":203,"column":48},"end":{"line":203,"column":49}},"loc":{"start":{"line":203,"column":54},"end":{"line":217,"column":9}},"line":203},"29":{"name":"(anonymous_29)","decl":{"start":{"line":207,"column":19},"end":{"line":207,"column":20}},"loc":{"start":{"line":207,"column":25},"end":{"line":207,"column":54}},"line":207},"30":{"name":"(anonymous_30)","decl":{"start":{"line":210,"column":19},"end":{"line":210,"column":20}},"loc":{"start":{"line":210,"column":25},"end":{"line":210,"column":54}},"line":210},"31":{"name":"(anonymous_31)","decl":{"start":{"line":213,"column":19},"end":{"line":213,"column":20}},"loc":{"start":{"line":213,"column":25},"end":{"line":213,"column":54}},"line":213},"32":{"name":"(anonymous_32)","decl":{"start":{"line":216,"column":19},"end":{"line":216,"column":20}},"loc":{"start":{"line":216,"column":25},"end":{"line":216,"column":54}},"line":216},"33":{"name":"(anonymous_33)","decl":{"start":{"line":219,"column":49},"end":{"line":219,"column":50}},"loc":{"start":{"line":219,"column":55},"end":{"line":233,"column":9}},"line":219},"34":{"name":"(anonymous_34)","decl":{"start":{"line":223,"column":19},"end":{"line":223,"column":20}},"loc":{"start":{"line":223,"column":25},"end":{"line":223,"column":54}},"line":223},"35":{"name":"(anonymous_35)","decl":{"start":{"line":226,"column":19},"end":{"line":226,"column":20}},"loc":{"start":{"line":226,"column":25},"end":{"line":226,"column":54}},"line":226},"36":{"name":"(anonymous_36)","decl":{"start":{"line":229,"column":19},"end":{"line":229,"column":20}},"loc":{"start":{"line":229,"column":25},"end":{"line":229,"column":54}},"line":229},"37":{"name":"(anonymous_37)","decl":{"start":{"line":232,"column":19},"end":{"line":232,"column":20}},"loc":{"start":{"line":232,"column":25},"end":{"line":232,"column":54}},"line":232},"38":{"name":"(anonymous_38)","decl":{"start":{"line":235,"column":67},"end":{"line":235,"column":68}},"loc":{"start":{"line":235,"column":73},"end":{"line":246,"column":9}},"line":235},"39":{"name":"(anonymous_39)","decl":{"start":{"line":239,"column":19},"end":{"line":239,"column":20}},"loc":{"start":{"line":239,"column":25},"end":{"line":239,"column":54}},"line":239},"40":{"name":"(anonymous_40)","decl":{"start":{"line":242,"column":19},"end":{"line":242,"column":20}},"loc":{"start":{"line":242,"column":25},"end":{"line":242,"column":54}},"line":242},"41":{"name":"(anonymous_41)","decl":{"start":{"line":245,"column":19},"end":{"line":245,"column":20}},"loc":{"start":{"line":245,"column":25},"end":{"line":245,"column":54}},"line":245},"42":{"name":"(anonymous_42)","decl":{"start":{"line":248,"column":62},"end":{"line":248,"column":63}},"loc":{"start":{"line":248,"column":68},"end":{"line":259,"column":9}},"line":248},"43":{"name":"(anonymous_43)","decl":{"start":{"line":252,"column":19},"end":{"line":252,"column":20}},"loc":{"start":{"line":252,"column":25},"end":{"line":252,"column":54}},"line":252},"44":{"name":"(anonymous_44)","decl":{"start":{"line":255,"column":19},"end":{"line":255,"column":20}},"loc":{"start":{"line":255,"column":25},"end":{"line":255,"column":54}},"line":255},"45":{"name":"(anonymous_45)","decl":{"start":{"line":258,"column":19},"end":{"line":258,"column":20}},"loc":{"start":{"line":258,"column":25},"end":{"line":258,"column":54}},"line":258},"46":{"name":"(anonymous_46)","decl":{"start":{"line":261,"column":73},"end":{"line":261,"column":74}},"loc":{"start":{"line":261,"column":79},"end":{"line":272,"column":9}},"line":261},"47":{"name":"(anonymous_47)","decl":{"start":{"line":265,"column":19},"end":{"line":265,"column":20}},"loc":{"start":{"line":265,"column":25},"end":{"line":265,"column":54}},"line":265},"48":{"name":"(anonymous_48)","decl":{"start":{"line":268,"column":19},"end":{"line":268,"column":20}},"loc":{"start":{"line":268,"column":25},"end":{"line":268,"column":54}},"line":268},"49":{"name":"(anonymous_49)","decl":{"start":{"line":271,"column":19},"end":{"line":271,"column":20}},"loc":{"start":{"line":271,"column":25},"end":{"line":271,"column":54}},"line":271},"50":{"name":"(anonymous_50)","decl":{"start":{"line":275,"column":14},"end":{"line":275,"column":15}},"loc":{"start":{"line":275,"column":26},"end":{"line":275,"column":105}},"line":275},"51":{"name":"(anonymous_51)","decl":{"start":{"line":277,"column":10},"end":{"line":277,"column":11}},"loc":{"start":{"line":277,"column":22},"end":{"line":280,"column":5}},"line":277}},"branchMap":{},"s":{"0":1,"1":1,"2":1,"3":1,"4":1,"5":1,"6":1,"7":1,"8":1,"9":1,"10":1,"11":1,"12":1,"13":1,"14":1,"15":12,"16":12,"17":12,"18":12,"19":12,"20":12,"21":12,"22":12,"23":12,"24":12,"25":12,"26":12,"27":12,"28":12,"29":12,"30":12,"31":12,"32":12,"33":12,"34":12,"35":12,"36":1,"37":1,"38":1,"39":1,"40":1,"41":1,"42":1,"43":1,"44":1,"45":1,"46":1,"47":1,"48":1,"49":1,"50":1,"51":1,"52":1,"53":1,"54":1,"55":1,"56":1,"57":1,"58":1,"59":1,"60":1,"61":1,"62":1,"63":1,"64":1,"65":1,"66":1,"67":1,"68":1,"69":1,"70":1,"71":1,"72":1,"73":1,"74":1,"75":1,"76":1,"77":1,"78":1,"79":1,"80":1,"81":1,"82":1,"83":1,"84":1,"85":1,"86":1,"87":1,"88":1,"89":1,"90":1,"91":1,"92":1,"93":1,"94":1,"95":1,"96":1,"97":1,"98":1,"99":1,"100":1,"101":1,"102":1,"103":1,"104":1,"105":1,"106":1,"107":1,"108":1,"109":1,"110":1,"111":1,"112":1,"113":1,"114":1,"115":1,"116":1,"117":1,"118":1,"119":1,"120":1,"121":1,"122":1,"123":1,"124":1,"125":1,"126":1,"127":1,"128":1,"129":1,"130":1,"131":1,"132":1,"133":1,"134":1,"135":1,"136":1,"137":1,"138":1,"139":1,"140":1,"141":1,"142":1,"143":1,"144":1,"145":1,"146":1,"147":1,"148":1,"149":1,"150":1,"151":1,"152":1,"153":1,"154":1,"155":1,"156":1,"157":1,"158":1,"159":1,"160":1,"161":1,"162":1,"163":1,"164":1,"165":1,"166":1,"167":1,"168":1,"169":1,"170":1,"171":1,"172":1,"173":1,"174":1,"175":1,"176":1,"177":1,"178":1,"179":1,"180":1,"181":1,"182":1,"183":1,"184":1,"185":1,"186":1,"187":1,"188":1,"189":1,"190":12,"191":1,"192":1,"193":1},"f":{"0":1,"1":1,"2":12,"3":1,"4":1,"5":1,"6":1,"7":1,"8":1,"9":1,"10":1,"11":1,"12":1,"13":1,"14":1,"15":1,"16":1,"17":1,"18":1,"19":1,"20":1,"21":1,"22":1,"23":1,"24":1,"25":1,"26":1,"27":1,"28":1,"29":1,"30":1,"31":1,"32":1,"33":1,"34":1,"35":1,"36":1,"37":1,"38":1,"39":1,"40":1,"41":1,"42":1,"43":1,"44":1,"45":1,"46":1,"47":1,"48":1,"49":1,"50":12,"51":1},"b":{},"_coverageSchema":"1a1c01bbd47fc00a2c39e90264f33305004495a9","hash":"8543717e0eb7b8f28bdfdb007ff2218295759e07","contentHash":"d5af80b02e29bef9ca9a63113493d83f886e906f75c5c4edf48170731329ba1a"},"C:\\Users\\Alex\\Downloads\\hexad-library\\hexad-library-server\\logic\\update-book.js":{"path":"C:\\Users\\Alex\\Downloads\\hexad-library\\hexad-library-server\\logic\\update-book.js","statementMap":{"0":{"start":{"line":4,"column":4},"end":{"line":4,"column":36}},"1":{"start":{"line":5,"column":36},"end":{"line":5,"column":65}},"2":{"start":{"line":18,"column":0},"end":{"line":38,"column":1}},"3":{"start":{"line":19,"column":4},"end":{"line":19,"column":40}},"4":{"start":{"line":20,"column":4},"end":{"line":20,"column":48}},"5":{"start":{"line":21,"column":4},"end":{"line":21,"column":45}},"6":{"start":{"line":22,"column":4},"end":{"line":22,"column":43}},"7":{"start":{"line":23,"column":4},"end":{"line":23,"column":51}},"8":{"start":{"line":24,"column":4},"end":{"line":24,"column":47}},"9":{"start":{"line":25,"column":4},"end":{"line":25,"column":106}},"10":{"start":{"line":25,"column":53},"end":{"line":25,"column":106}},"11":{"start":{"line":26,"column":4},"end":{"line":26,"column":91}},"12":{"start":{"line":26,"column":48},"end":{"line":26,"column":91}},"13":{"start":{"line":27,"column":4},"end":{"line":27,"column":130}},"14":{"start":{"line":27,"column":59},"end":{"line":27,"column":130}},"15":{"start":{"line":29,"column":4},"end":{"line":37,"column":9}},"16":{"start":{"line":30,"column":28},"end":{"line":30,"column":111}},"17":{"start":{"line":31,"column":8},"end":{"line":31,"column":87}},"18":{"start":{"line":31,"column":20},"end":{"line":31,"column":87}},"19":{"start":{"line":32,"column":8},"end":{"line":32,"column":93}},"20":{"start":{"line":32,"column":19},"end":{"line":32,"column":93}},"21":{"start":{"line":34,"column":8},"end":{"line":34,"column":81}},"22":{"start":{"line":36,"column":8},"end":{"line":36,"column":15}}},"fnMap":{"0":{"name":"(anonymous_0)","decl":{"start":{"line":18,"column":17},"end":{"line":18,"column":18}},"loc":{"start":{"line":18,"column":40},"end":{"line":38,"column":1}},"line":18},"1":{"name":"(anonymous_1)","decl":{"start":{"line":29,"column":12},"end":{"line":29,"column":13}},"loc":{"start":{"line":29,"column":24},"end":{"line":37,"column":5}},"line":29}},"branchMap":{"0":{"loc":{"start":{"line":25,"column":4},"end":{"line":25,"column":106}},"type":"if","locations":[{"start":{"line":25,"column":4},"end":{"line":25,"column":106}},{"start":{"line":25,"column":4},"end":{"line":25,"column":106}}],"line":25},"1":{"loc":{"start":{"line":26,"column":4},"end":{"line":26,"column":91}},"type":"if","locations":[{"start":{"line":26,"column":4},"end":{"line":26,"column":91}},{"start":{"line":26,"column":4},"end":{"line":26,"column":91}}],"line":26},"2":{"loc":{"start":{"line":27,"column":4},"end":{"line":27,"column":130}},"type":"if","locations":[{"start":{"line":27,"column":4},"end":{"line":27,"column":130}},{"start":{"line":27,"column":4},"end":{"line":27,"column":130}}],"line":27},"3":{"loc":{"start":{"line":31,"column":8},"end":{"line":31,"column":87}},"type":"if","locations":[{"start":{"line":31,"column":8},"end":{"line":31,"column":87}},{"start":{"line":31,"column":8},"end":{"line":31,"column":87}}],"line":31},"4":{"loc":{"start":{"line":32,"column":8},"end":{"line":32,"column":93}},"type":"if","locations":[{"start":{"line":32,"column":8},"end":{"line":32,"column":93}},{"start":{"line":32,"column":8},"end":{"line":32,"column":93}}],"line":32}},"s":{"0":1,"1":1,"2":1,"3":36,"4":32,"5":28,"6":24,"7":20,"8":16,"9":12,"10":11,"11":10,"12":8,"13":8,"14":5,"15":6,"16":6,"17":6,"18":1,"19":5,"20":4,"21":1,"22":1},"f":{"0":36,"1":6},"b":{"0":[11,1],"1":[8,2],"2":[5,3],"3":[1,5],"4":[4,1]},"_coverageSchema":"1a1c01bbd47fc00a2c39e90264f33305004495a9","hash":"3af216dee4751619994169c83d3f74b7a94c3f08","contentHash":"29f106d594df475a55f82caabbf12d3a72e5187da0937cb3a57f86c9ac3f88d5"}}