{"C:\\Users\\Alex\\Downloads\\hexad-library\\hexad-library-app\\src\\logic\\add-books.spec.js":{"path":"C:\\Users\\Alex\\Downloads\\hexad-library\\hexad-library-app\\src\\logic\\add-books.spec.js","statementMap":{"0":{"start":{"line":1,"column":0},"end":{"line":1,"column":27}},"1":{"start":{"line":8,"column":4},"end":{"line":8,"column":15}},"2":{"start":{"line":9,"column":19},"end":{"line":9,"column":34}},"3":{"start":{"line":10,"column":26},"end":{"line":10,"column":30}},"4":{"start":{"line":11,"column":54},"end":{"line":11,"column":83}},"5":{"start":{"line":12,"column":17},"end":{"line":12,"column":39}},"6":{"start":{"line":13,"column":69},"end":{"line":13,"column":101}},"7":{"start":{"line":14,"column":15},"end":{"line":14,"column":34}},"8":{"start":{"line":15,"column":13},"end":{"line":15,"column":28}},"9":{"start":{"line":16,"column":12},"end":{"line":16,"column":35}},"10":{"start":{"line":17,"column":16},"end":{"line":17,"column":36}},"11":{"start":{"line":19,"column":0},"end":{"line":19,"column":31}},"12":{"start":{"line":20,"column":0},"end":{"line":20,"column":21}},"13":{"start":{"line":22,"column":0},"end":{"line":247,"column":2}},"14":{"start":{"line":29,"column":4},"end":{"line":32,"column":7}},"15":{"start":{"line":30,"column":8},"end":{"line":30,"column":102}},"16":{"start":{"line":31,"column":8},"end":{"line":31,"column":88}},"17":{"start":{"line":34,"column":4},"end":{"line":52,"column":6}},"18":{"start":{"line":35,"column":8},"end":{"line":35,"column":46}},"19":{"start":{"line":36,"column":8},"end":{"line":36,"column":42}},"20":{"start":{"line":37,"column":8},"end":{"line":37,"column":23}},"21":{"start":{"line":38,"column":8},"end":{"line":38,"column":60}},"22":{"start":{"line":40,"column":22},"end":{"line":40,"column":107}},"23":{"start":{"line":41,"column":8},"end":{"line":41,"column":38}},"24":{"start":{"line":42,"column":20},"end":{"line":42,"column":79}},"25":{"start":{"line":43,"column":8},"end":{"line":43,"column":38}},"26":{"start":{"line":44,"column":8},"end":{"line":44,"column":36}},"27":{"start":{"line":46,"column":8},"end":{"line":46,"column":36}},"28":{"start":{"line":47,"column":8},"end":{"line":47,"column":34}},"29":{"start":{"line":48,"column":8},"end":{"line":48,"column":48}},"30":{"start":{"line":49,"column":8},"end":{"line":49,"column":38}},"31":{"start":{"line":50,"column":8},"end":{"line":50,"column":57}},"32":{"start":{"line":51,"column":8},"end":{"line":51,"column":41}},"33":{"start":{"line":54,"column":4},"end":{"line":134,"column":7}},"34":{"start":{"line":55,"column":8},"end":{"line":78,"column":11}},"35":{"start":{"line":56,"column":27},"end":{"line":56,"column":105}},"36":{"start":{"line":58,"column":12},"end":{"line":58,"column":43}},"37":{"start":{"line":60,"column":34},"end":{"line":60,"column":102}},"38":{"start":{"line":62,"column":12},"end":{"line":62,"column":35}},"39":{"start":{"line":63,"column":12},"end":{"line":63,"column":46}},"40":{"start":{"line":64,"column":12},"end":{"line":64,"column":61}},"41":{"start":{"line":65,"column":12},"end":{"line":65,"column":56}},"42":{"start":{"line":66,"column":12},"end":{"line":66,"column":74}},"43":{"start":{"line":68,"column":12},"end":{"line":68,"column":34}},"44":{"start":{"line":69,"column":12},"end":{"line":69,"column":50}},"45":{"start":{"line":70,"column":12},"end":{"line":70,"column":47}},"46":{"start":{"line":71,"column":12},"end":{"line":71,"column":45}},"47":{"start":{"line":72,"column":12},"end":{"line":72,"column":59}},"48":{"start":{"line":73,"column":12},"end":{"line":73,"column":49}},"49":{"start":{"line":74,"column":12},"end":{"line":74,"column":71}},"50":{"start":{"line":75,"column":12},"end":{"line":75,"column":54}},"51":{"start":{"line":76,"column":12},"end":{"line":76,"column":47}},"52":{"start":{"line":77,"column":12},"end":{"line":77,"column":54}},"53":{"start":{"line":80,"column":8},"end":{"line":102,"column":11}},"54":{"start":{"line":81,"column":23},"end":{"line":81,"column":123}},"55":{"start":{"line":82,"column":12},"end":{"line":82,"column":91}},"56":{"start":{"line":84,"column":31},"end":{"line":84,"column":57}},"57":{"start":{"line":86,"column":27},"end":{"line":86,"column":117}},"58":{"start":{"line":88,"column":12},"end":{"line":88,"column":43}},"59":{"start":{"line":90,"column":12},"end":{"line":90,"column":48}},"60":{"start":{"line":92,"column":12},"end":{"line":92,"column":34}},"61":{"start":{"line":93,"column":12},"end":{"line":93,"column":50}},"62":{"start":{"line":94,"column":12},"end":{"line":94,"column":47}},"63":{"start":{"line":95,"column":12},"end":{"line":95,"column":45}},"64":{"start":{"line":96,"column":12},"end":{"line":96,"column":59}},"65":{"start":{"line":97,"column":12},"end":{"line":97,"column":49}},"66":{"start":{"line":98,"column":12},"end":{"line":98,"column":71}},"67":{"start":{"line":99,"column":12},"end":{"line":99,"column":54}},"68":{"start":{"line":100,"column":12},"end":{"line":100,"column":60}},"69":{"start":{"line":101,"column":12},"end":{"line":101,"column":54}},"70":{"start":{"line":104,"column":8},"end":{"line":117,"column":10}},"71":{"start":{"line":105,"column":12},"end":{"line":105,"column":91}},"72":{"start":{"line":108,"column":12},"end":{"line":112,"column":13}},"73":{"start":{"line":109,"column":16},"end":{"line":109,"column":113}},"74":{"start":{"line":111,"column":16},"end":{"line":111,"column":31}},"75":{"start":{"line":114,"column":12},"end":{"line":114,"column":36}},"76":{"start":{"line":115,"column":12},"end":{"line":115,"column":61}},"77":{"start":{"line":116,"column":12},"end":{"line":116,"column":98}},"78":{"start":{"line":119,"column":8},"end":{"line":133,"column":11}},"79":{"start":{"line":120,"column":12},"end":{"line":120,"column":37}},"80":{"start":{"line":124,"column":12},"end":{"line":128,"column":13}},"81":{"start":{"line":125,"column":16},"end":{"line":125,"column":95}},"82":{"start":{"line":127,"column":16},"end":{"line":127,"column":31}},"83":{"start":{"line":130,"column":12},"end":{"line":130,"column":36}},"84":{"start":{"line":131,"column":12},"end":{"line":131,"column":59}},"85":{"start":{"line":132,"column":12},"end":{"line":132,"column":87}},"86":{"start":{"line":136,"column":4},"end":{"line":239,"column":6}},"87":{"start":{"line":137,"column":23},"end":{"line":137,"column":78}},"88":{"start":{"line":139,"column":8},"end":{"line":151,"column":10}},"89":{"start":{"line":140,"column":12},"end":{"line":140,"column":32}},"90":{"start":{"line":141,"column":12},"end":{"line":141,"column":105}},"91":{"start":{"line":141,"column":25},"end":{"line":141,"column":43}},"92":{"start":{"line":143,"column":12},"end":{"line":143,"column":33}},"93":{"start":{"line":144,"column":12},"end":{"line":144,"column":105}},"94":{"start":{"line":144,"column":25},"end":{"line":144,"column":43}},"95":{"start":{"line":146,"column":12},"end":{"line":146,"column":29}},"96":{"start":{"line":147,"column":12},"end":{"line":147,"column":105}},"97":{"start":{"line":147,"column":25},"end":{"line":147,"column":43}},"98":{"start":{"line":149,"column":12},"end":{"line":149,"column":32}},"99":{"start":{"line":150,"column":12},"end":{"line":150,"column":105}},"100":{"start":{"line":150,"column":25},"end":{"line":150,"column":43}},"101":{"start":{"line":153,"column":8},"end":{"line":167,"column":11}},"102":{"start":{"line":154,"column":12},"end":{"line":154,"column":26}},"103":{"start":{"line":156,"column":12},"end":{"line":156,"column":38}},"104":{"start":{"line":157,"column":12},"end":{"line":157,"column":108}},"105":{"start":{"line":157,"column":25},"end":{"line":157,"column":43}},"106":{"start":{"line":159,"column":12},"end":{"line":159,"column":39}},"107":{"start":{"line":160,"column":12},"end":{"line":160,"column":108}},"108":{"start":{"line":160,"column":25},"end":{"line":160,"column":43}},"109":{"start":{"line":162,"column":12},"end":{"line":162,"column":35}},"110":{"start":{"line":163,"column":12},"end":{"line":163,"column":108}},"111":{"start":{"line":163,"column":25},"end":{"line":163,"column":43}},"112":{"start":{"line":165,"column":12},"end":{"line":165,"column":39}},"113":{"start":{"line":166,"column":12},"end":{"line":166,"column":108}},"114":{"start":{"line":166,"column":25},"end":{"line":166,"column":43}},"115":{"start":{"line":169,"column":8},"end":{"line":183,"column":11}},"116":{"start":{"line":170,"column":12},"end":{"line":170,"column":49}},"117":{"start":{"line":172,"column":12},"end":{"line":172,"column":37}},"118":{"start":{"line":173,"column":12},"end":{"line":173,"column":106}},"119":{"start":{"line":173,"column":25},"end":{"line":173,"column":43}},"120":{"start":{"line":175,"column":12},"end":{"line":175,"column":38}},"121":{"start":{"line":176,"column":12},"end":{"line":176,"column":106}},"122":{"start":{"line":176,"column":25},"end":{"line":176,"column":43}},"123":{"start":{"line":178,"column":12},"end":{"line":178,"column":34}},"124":{"start":{"line":179,"column":12},"end":{"line":179,"column":106}},"125":{"start":{"line":179,"column":25},"end":{"line":179,"column":43}},"126":{"start":{"line":181,"column":12},"end":{"line":181,"column":38}},"127":{"start":{"line":182,"column":12},"end":{"line":182,"column":106}},"128":{"start":{"line":182,"column":25},"end":{"line":182,"column":43}},"129":{"start":{"line":185,"column":8},"end":{"line":199,"column":11}},"130":{"start":{"line":186,"column":12},"end":{"line":186,"column":47}},"131":{"start":{"line":188,"column":12},"end":{"line":188,"column":38}},"132":{"start":{"line":189,"column":12},"end":{"line":189,"column":108}},"133":{"start":{"line":189,"column":25},"end":{"line":189,"column":43}},"134":{"start":{"line":191,"column":12},"end":{"line":191,"column":39}},"135":{"start":{"line":192,"column":12},"end":{"line":192,"column":108}},"136":{"start":{"line":192,"column":25},"end":{"line":192,"column":43}},"137":{"start":{"line":194,"column":12},"end":{"line":194,"column":35}},"138":{"start":{"line":195,"column":12},"end":{"line":195,"column":108}},"139":{"start":{"line":195,"column":25},"end":{"line":195,"column":43}},"140":{"start":{"line":197,"column":12},"end":{"line":197,"column":39}},"141":{"start":{"line":198,"column":12},"end":{"line":198,"column":108}},"142":{"start":{"line":198,"column":25},"end":{"line":198,"column":43}},"143":{"start":{"line":201,"column":8},"end":{"line":212,"column":11}},"144":{"start":{"line":202,"column":12},"end":{"line":202,"column":55}},"145":{"start":{"line":204,"column":12},"end":{"line":204,"column":44}},"146":{"start":{"line":205,"column":12},"end":{"line":205,"column":120}},"147":{"start":{"line":205,"column":25},"end":{"line":205,"column":43}},"148":{"start":{"line":207,"column":12},"end":{"line":207,"column":45}},"149":{"start":{"line":208,"column":12},"end":{"line":208,"column":60}},"150":{"start":{"line":208,"column":25},"end":{"line":208,"column":43}},"151":{"start":{"line":210,"column":12},"end":{"line":210,"column":41}},"152":{"start":{"line":211,"column":12},"end":{"line":211,"column":120}},"153":{"start":{"line":211,"column":25},"end":{"line":211,"column":43}},"154":{"start":{"line":214,"column":8},"end":{"line":225,"column":11}},"155":{"start":{"line":215,"column":12},"end":{"line":215,"column":61}},"156":{"start":{"line":217,"column":12},"end":{"line":217,"column":39}},"157":{"start":{"line":218,"column":12},"end":{"line":218,"column":110}},"158":{"start":{"line":218,"column":25},"end":{"line":218,"column":43}},"159":{"start":{"line":220,"column":12},"end":{"line":220,"column":40}},"160":{"start":{"line":221,"column":12},"end":{"line":221,"column":60}},"161":{"start":{"line":221,"column":25},"end":{"line":221,"column":43}},"162":{"start":{"line":223,"column":12},"end":{"line":223,"column":36}},"163":{"start":{"line":224,"column":12},"end":{"line":224,"column":110}},"164":{"start":{"line":224,"column":25},"end":{"line":224,"column":43}},"165":{"start":{"line":227,"column":8},"end":{"line":238,"column":11}},"166":{"start":{"line":228,"column":12},"end":{"line":228,"column":51}},"167":{"start":{"line":230,"column":12},"end":{"line":230,"column":50}},"168":{"start":{"line":231,"column":12},"end":{"line":231,"column":132}},"169":{"start":{"line":231,"column":25},"end":{"line":231,"column":43}},"170":{"start":{"line":233,"column":12},"end":{"line":233,"column":51}},"171":{"start":{"line":234,"column":12},"end":{"line":234,"column":60}},"172":{"start":{"line":234,"column":25},"end":{"line":234,"column":43}},"173":{"start":{"line":236,"column":12},"end":{"line":236,"column":47}},"174":{"start":{"line":237,"column":12},"end":{"line":237,"column":132}},"175":{"start":{"line":237,"column":25},"end":{"line":237,"column":43}},"176":{"start":{"line":241,"column":4},"end":{"line":241,"column":107}},"177":{"start":{"line":241,"column":26},"end":{"line":241,"column":105}},"178":{"start":{"line":243,"column":4},"end":{"line":246,"column":6}},"179":{"start":{"line":244,"column":8},"end":{"line":244,"column":88}},"180":{"start":{"line":245,"column":8},"end":{"line":245,"column":36}}},"fnMap":{"0":{"name":"(anonymous_0)","decl":{"start":{"line":22,"column":21},"end":{"line":22,"column":22}},"loc":{"start":{"line":22,"column":27},"end":{"line":247,"column":1}},"line":22},"1":{"name":"(anonymous_1)","decl":{"start":{"line":29,"column":11},"end":{"line":29,"column":12}},"loc":{"start":{"line":29,"column":23},"end":{"line":32,"column":5}},"line":29},"2":{"name":"(anonymous_2)","decl":{"start":{"line":34,"column":15},"end":{"line":34,"column":16}},"loc":{"start":{"line":34,"column":27},"end":{"line":52,"column":5}},"line":34},"3":{"name":"(anonymous_3)","decl":{"start":{"line":54,"column":35},"end":{"line":54,"column":36}},"loc":{"start":{"line":54,"column":41},"end":{"line":134,"column":5}},"line":54},"4":{"name":"(anonymous_4)","decl":{"start":{"line":55,"column":116},"end":{"line":55,"column":117}},"loc":{"start":{"line":55,"column":128},"end":{"line":78,"column":9}},"line":55},"5":{"name":"(anonymous_5)","decl":{"start":{"line":80,"column":106},"end":{"line":80,"column":107}},"loc":{"start":{"line":80,"column":118},"end":{"line":102,"column":9}},"line":80},"6":{"name":"(anonymous_6)","decl":{"start":{"line":104,"column":134},"end":{"line":104,"column":135}},"loc":{"start":{"line":104,"column":146},"end":{"line":117,"column":9}},"line":104},"7":{"name":"(anonymous_7)","decl":{"start":{"line":119,"column":86},"end":{"line":119,"column":87}},"loc":{"start":{"line":119,"column":98},"end":{"line":133,"column":9}},"line":119},"8":{"name":"(anonymous_8)","decl":{"start":{"line":136,"column":34},"end":{"line":136,"column":35}},"loc":{"start":{"line":136,"column":40},"end":{"line":239,"column":5}},"line":136},"9":{"name":"(anonymous_9)","decl":{"start":{"line":139,"column":51},"end":{"line":139,"column":52}},"loc":{"start":{"line":139,"column":57},"end":{"line":151,"column":9}},"line":139},"10":{"name":"(anonymous_10)","decl":{"start":{"line":141,"column":19},"end":{"line":141,"column":20}},"loc":{"start":{"line":141,"column":25},"end":{"line":141,"column":43}},"line":141},"11":{"name":"(anonymous_11)","decl":{"start":{"line":144,"column":19},"end":{"line":144,"column":20}},"loc":{"start":{"line":144,"column":25},"end":{"line":144,"column":43}},"line":144},"12":{"name":"(anonymous_12)","decl":{"start":{"line":147,"column":19},"end":{"line":147,"column":20}},"loc":{"start":{"line":147,"column":25},"end":{"line":147,"column":43}},"line":147},"13":{"name":"(anonymous_13)","decl":{"start":{"line":150,"column":19},"end":{"line":150,"column":20}},"loc":{"start":{"line":150,"column":25},"end":{"line":150,"column":43}},"line":150},"14":{"name":"(anonymous_14)","decl":{"start":{"line":153,"column":48},"end":{"line":153,"column":49}},"loc":{"start":{"line":153,"column":54},"end":{"line":167,"column":9}},"line":153},"15":{"name":"(anonymous_15)","decl":{"start":{"line":157,"column":19},"end":{"line":157,"column":20}},"loc":{"start":{"line":157,"column":25},"end":{"line":157,"column":43}},"line":157},"16":{"name":"(anonymous_16)","decl":{"start":{"line":160,"column":19},"end":{"line":160,"column":20}},"loc":{"start":{"line":160,"column":25},"end":{"line":160,"column":43}},"line":160},"17":{"name":"(anonymous_17)","decl":{"start":{"line":163,"column":19},"end":{"line":163,"column":20}},"loc":{"start":{"line":163,"column":25},"end":{"line":163,"column":43}},"line":163},"18":{"name":"(anonymous_18)","decl":{"start":{"line":166,"column":19},"end":{"line":166,"column":20}},"loc":{"start":{"line":166,"column":25},"end":{"line":166,"column":43}},"line":166},"19":{"name":"(anonymous_19)","decl":{"start":{"line":169,"column":47},"end":{"line":169,"column":48}},"loc":{"start":{"line":169,"column":53},"end":{"line":183,"column":9}},"line":169},"20":{"name":"(anonymous_20)","decl":{"start":{"line":173,"column":19},"end":{"line":173,"column":20}},"loc":{"start":{"line":173,"column":25},"end":{"line":173,"column":43}},"line":173},"21":{"name":"(anonymous_21)","decl":{"start":{"line":176,"column":19},"end":{"line":176,"column":20}},"loc":{"start":{"line":176,"column":25},"end":{"line":176,"column":43}},"line":176},"22":{"name":"(anonymous_22)","decl":{"start":{"line":179,"column":19},"end":{"line":179,"column":20}},"loc":{"start":{"line":179,"column":25},"end":{"line":179,"column":43}},"line":179},"23":{"name":"(anonymous_23)","decl":{"start":{"line":182,"column":19},"end":{"line":182,"column":20}},"loc":{"start":{"line":182,"column":25},"end":{"line":182,"column":43}},"line":182},"24":{"name":"(anonymous_24)","decl":{"start":{"line":185,"column":48},"end":{"line":185,"column":49}},"loc":{"start":{"line":185,"column":54},"end":{"line":199,"column":9}},"line":185},"25":{"name":"(anonymous_25)","decl":{"start":{"line":189,"column":19},"end":{"line":189,"column":20}},"loc":{"start":{"line":189,"column":25},"end":{"line":189,"column":43}},"line":189},"26":{"name":"(anonymous_26)","decl":{"start":{"line":192,"column":19},"end":{"line":192,"column":20}},"loc":{"start":{"line":192,"column":25},"end":{"line":192,"column":43}},"line":192},"27":{"name":"(anonymous_27)","decl":{"start":{"line":195,"column":19},"end":{"line":195,"column":20}},"loc":{"start":{"line":195,"column":25},"end":{"line":195,"column":43}},"line":195},"28":{"name":"(anonymous_28)","decl":{"start":{"line":198,"column":19},"end":{"line":198,"column":20}},"loc":{"start":{"line":198,"column":25},"end":{"line":198,"column":43}},"line":198},"29":{"name":"(anonymous_29)","decl":{"start":{"line":201,"column":67},"end":{"line":201,"column":68}},"loc":{"start":{"line":201,"column":73},"end":{"line":212,"column":9}},"line":201},"30":{"name":"(anonymous_30)","decl":{"start":{"line":205,"column":19},"end":{"line":205,"column":20}},"loc":{"start":{"line":205,"column":25},"end":{"line":205,"column":43}},"line":205},"31":{"name":"(anonymous_31)","decl":{"start":{"line":208,"column":19},"end":{"line":208,"column":20}},"loc":{"start":{"line":208,"column":25},"end":{"line":208,"column":43}},"line":208},"32":{"name":"(anonymous_32)","decl":{"start":{"line":211,"column":19},"end":{"line":211,"column":20}},"loc":{"start":{"line":211,"column":25},"end":{"line":211,"column":43}},"line":211},"33":{"name":"(anonymous_33)","decl":{"start":{"line":214,"column":62},"end":{"line":214,"column":63}},"loc":{"start":{"line":214,"column":68},"end":{"line":225,"column":9}},"line":214},"34":{"name":"(anonymous_34)","decl":{"start":{"line":218,"column":19},"end":{"line":218,"column":20}},"loc":{"start":{"line":218,"column":25},"end":{"line":218,"column":43}},"line":218},"35":{"name":"(anonymous_35)","decl":{"start":{"line":221,"column":19},"end":{"line":221,"column":20}},"loc":{"start":{"line":221,"column":25},"end":{"line":221,"column":43}},"line":221},"36":{"name":"(anonymous_36)","decl":{"start":{"line":224,"column":19},"end":{"line":224,"column":20}},"loc":{"start":{"line":224,"column":25},"end":{"line":224,"column":43}},"line":224},"37":{"name":"(anonymous_37)","decl":{"start":{"line":227,"column":73},"end":{"line":227,"column":74}},"loc":{"start":{"line":227,"column":79},"end":{"line":238,"column":9}},"line":227},"38":{"name":"(anonymous_38)","decl":{"start":{"line":231,"column":19},"end":{"line":231,"column":20}},"loc":{"start":{"line":231,"column":25},"end":{"line":231,"column":43}},"line":231},"39":{"name":"(anonymous_39)","decl":{"start":{"line":234,"column":19},"end":{"line":234,"column":20}},"loc":{"start":{"line":234,"column":25},"end":{"line":234,"column":43}},"line":234},"40":{"name":"(anonymous_40)","decl":{"start":{"line":237,"column":19},"end":{"line":237,"column":20}},"loc":{"start":{"line":237,"column":25},"end":{"line":237,"column":43}},"line":237},"41":{"name":"(anonymous_41)","decl":{"start":{"line":241,"column":14},"end":{"line":241,"column":15}},"loc":{"start":{"line":241,"column":26},"end":{"line":241,"column":105}},"line":241},"42":{"name":"(anonymous_42)","decl":{"start":{"line":243,"column":10},"end":{"line":243,"column":11}},"loc":{"start":{"line":243,"column":22},"end":{"line":246,"column":5}},"line":243}},"branchMap":{},"s":{"0":1,"1":1,"2":1,"3":1,"4":1,"5":1,"6":1,"7":1,"8":1,"9":1,"10":1,"11":1,"12":1,"13":1,"14":1,"15":1,"16":1,"17":1,"18":11,"19":11,"20":11,"21":11,"22":11,"23":11,"24":11,"25":11,"26":11,"27":11,"28":11,"29":11,"30":11,"31":11,"32":11,"33":1,"34":1,"35":1,"36":1,"37":1,"38":1,"39":1,"40":1,"41":1,"42":1,"43":1,"44":1,"45":1,"46":1,"47":1,"48":1,"49":1,"50":1,"51":1,"52":1,"53":1,"54":1,"55":1,"56":1,"57":1,"58":1,"59":1,"60":1,"61":1,"62":1,"63":1,"64":1,"65":1,"66":1,"67":1,"68":1,"69":1,"70":1,"71":1,"72":1,"73":1,"74":1,"75":1,"76":1,"77":1,"78":1,"79":1,"80":1,"81":1,"82":1,"83":1,"84":1,"85":1,"86":1,"87":1,"88":1,"89":1,"90":1,"91":1,"92":1,"93":1,"94":1,"95":1,"96":1,"97":1,"98":1,"99":1,"100":1,"101":1,"102":1,"103":1,"104":1,"105":1,"106":1,"107":1,"108":1,"109":1,"110":1,"111":1,"112":1,"113":1,"114":1,"115":1,"116":1,"117":1,"118":1,"119":1,"120":1,"121":1,"122":1,"123":1,"124":1,"125":1,"126":1,"127":1,"128":1,"129":1,"130":1,"131":1,"132":1,"133":1,"134":1,"135":1,"136":1,"137":1,"138":1,"139":1,"140":1,"141":1,"142":1,"143":1,"144":1,"145":1,"146":1,"147":1,"148":1,"149":1,"150":1,"151":1,"152":1,"153":1,"154":1,"155":1,"156":1,"157":1,"158":1,"159":1,"160":1,"161":1,"162":1,"163":1,"164":1,"165":1,"166":1,"167":1,"168":1,"169":1,"170":1,"171":1,"172":1,"173":1,"174":1,"175":1,"176":1,"177":11,"178":1,"179":1,"180":1},"f":{"0":1,"1":1,"2":11,"3":1,"4":1,"5":1,"6":1,"7":1,"8":1,"9":1,"10":1,"11":1,"12":1,"13":1,"14":1,"15":1,"16":1,"17":1,"18":1,"19":1,"20":1,"21":1,"22":1,"23":1,"24":1,"25":1,"26":1,"27":1,"28":1,"29":1,"30":1,"31":1,"32":1,"33":1,"34":1,"35":1,"36":1,"37":1,"38":1,"39":1,"40":1,"41":11,"42":1},"b":{},"_coverageSchema":"1a1c01bbd47fc00a2c39e90264f33305004495a9","hash":"2efbc7caf03b267ae855288fe2b518f78b38ce8a","contentHash":"a54a6751d30d4f6eacb533760c35099085a8a36a3cb30d8d7b3567881364cb3c"},"C:\\Users\\Alex\\Downloads\\hexad-library\\hexad-library-app\\src\\logic\\add-books.js":{"path":"C:\\Users\\Alex\\Downloads\\hexad-library\\hexad-library-app\\src\\logic\\add-books.js","statementMap":{"0":{"start":{"line":1,"column":32},"end":{"line":1,"column":64}},"1":{"start":{"line":2,"column":16},"end":{"line":2,"column":36}},"2":{"start":{"line":3,"column":14},"end":{"line":3,"column":32}},"3":{"start":{"line":15,"column":0},"end":{"line":27,"column":15}},"4":{"start":{"line":16,"column":4},"end":{"line":16,"column":48}},"5":{"start":{"line":17,"column":4},"end":{"line":17,"column":45}},"6":{"start":{"line":18,"column":4},"end":{"line":18,"column":43}},"7":{"start":{"line":19,"column":4},"end":{"line":19,"column":51}},"8":{"start":{"line":20,"column":4},"end":{"line":20,"column":106}},"9":{"start":{"line":20,"column":53},"end":{"line":20,"column":106}},"10":{"start":{"line":21,"column":4},"end":{"line":21,"column":91}},"11":{"start":{"line":21,"column":48},"end":{"line":21,"column":91}},"12":{"start":{"line":22,"column":4},"end":{"line":22,"column":130}},"13":{"start":{"line":22,"column":59},"end":{"line":22,"column":130}},"14":{"start":{"line":24,"column":22},"end":{"line":24,"column":34}},"15":{"start":{"line":25,"column":4},"end":{"line":25,"column":12}},"16":{"start":{"line":26,"column":4},"end":{"line":26,"column":88}},"17":{"start":{"line":26,"column":23},"end":{"line":26,"column":84}}},"fnMap":{"0":{"name":"(anonymous_0)","decl":{"start":{"line":15,"column":17},"end":{"line":15,"column":18}},"loc":{"start":{"line":15,"column":37},"end":{"line":27,"column":1}},"line":15},"1":{"name":"(anonymous_1)","decl":{"start":{"line":26,"column":12},"end":{"line":26,"column":13}},"loc":{"start":{"line":26,"column":23},"end":{"line":26,"column":84}},"line":26}},"branchMap":{"0":{"loc":{"start":{"line":20,"column":4},"end":{"line":20,"column":106}},"type":"if","locations":[{"start":{"line":20,"column":4},"end":{"line":20,"column":106}},{"start":{"line":20,"column":4},"end":{"line":20,"column":106}}],"line":20},"1":{"loc":{"start":{"line":21,"column":4},"end":{"line":21,"column":91}},"type":"if","locations":[{"start":{"line":21,"column":4},"end":{"line":21,"column":91}},{"start":{"line":21,"column":4},"end":{"line":21,"column":91}}],"line":21},"2":{"loc":{"start":{"line":22,"column":4},"end":{"line":22,"column":130}},"type":"if","locations":[{"start":{"line":22,"column":4},"end":{"line":22,"column":130}},{"start":{"line":22,"column":4},"end":{"line":22,"column":130}}],"line":22}},"s":{"0":1,"1":1,"2":1,"3":1,"4":30,"5":26,"6":22,"7":18,"8":14,"9":13,"10":12,"11":10,"12":10,"13":7,"14":8,"15":8,"16":8,"17":8},"f":{"0":30,"1":8},"b":{"0":[13,1],"1":[10,2],"2":[7,3]},"_coverageSchema":"1a1c01bbd47fc00a2c39e90264f33305004495a9","hash":"6b7bbed635b1e7e5bb7146359d25acf108edd0d3","contentHash":"ecf524ad0d80cf66f1d20ee3179934a8133d0845933944d605e8ca54474f77d7"},"C:\\Users\\Alex\\Downloads\\hexad-library\\hexad-library-app\\src\\logic\\context.js":{"path":"C:\\Users\\Alex\\Downloads\\hexad-library\\hexad-library-app\\src\\logic\\context.js","statementMap":{"0":{"start":{"line":2,"column":0},"end":{"line":5,"column":1}}},"fnMap":{},"branchMap":{},"s":{"0":1},"f":{},"b":{},"_coverageSchema":"1a1c01bbd47fc00a2c39e90264f33305004495a9","hash":"f9b6eab7dd212484305fa41ca8200eb244a0ea95","contentHash":"99046f982247984f4c036be201e4b9a495e7215c32eae07c1e10cd8792cc5416"},"C:\\Users\\Alex\\Downloads\\hexad-library\\hexad-library-app\\src\\logic\\fetch.js":{"path":"C:\\Users\\Alex\\Downloads\\hexad-library\\hexad-library-app\\src\\logic\\fetch.js","statementMap":{"0":{"start":{"line":1,"column":15},"end":{"line":1,"column":36}},"1":{"start":{"line":2,"column":55},"end":{"line":2,"column":87}},"2":{"start":{"line":4,"column":0},"end":{"line":122,"column":1}},"3":{"start":{"line":6,"column":8},"end":{"line":32,"column":13}},"4":{"start":{"line":7,"column":28},"end":{"line":11,"column":13}},"5":{"start":{"line":13,"column":12},"end":{"line":13,"column":116}},"6":{"start":{"line":13,"column":23},"end":{"line":13,"column":116}},"7":{"start":{"line":15,"column":29},"end":{"line":15,"column":55}},"8":{"start":{"line":17,"column":31},"end":{"line":17,"column":39}},"9":{"start":{"line":19,"column":12},"end":{"line":19,"column":39}},"10":{"start":{"line":19,"column":32},"end":{"line":19,"column":39}},"11":{"start":{"line":21,"column":12},"end":{"line":29,"column":13}},"12":{"start":{"line":22,"column":34},"end":{"line":22,"column":55}},"13":{"start":{"line":24,"column":16},"end":{"line":24,"column":69}},"14":{"start":{"line":24,"column":36},"end":{"line":24,"column":69}},"15":{"start":{"line":26,"column":16},"end":{"line":26,"column":67}},"16":{"start":{"line":26,"column":36},"end":{"line":26,"column":67}},"17":{"start":{"line":28,"column":16},"end":{"line":28,"column":39}},"18":{"start":{"line":31,"column":12},"end":{"line":31,"column":44}},"19":{"start":{"line":36,"column":8},"end":{"line":64,"column":13}},"20":{"start":{"line":37,"column":28},"end":{"line":40,"column":13}},"21":{"start":{"line":42,"column":12},"end":{"line":42,"column":116}},"22":{"start":{"line":42,"column":23},"end":{"line":42,"column":116}},"23":{"start":{"line":44,"column":29},"end":{"line":44,"column":55}},"24":{"start":{"line":46,"column":31},"end":{"line":46,"column":39}},"25":{"start":{"line":48,"column":12},"end":{"line":51,"column":13}},"26":{"start":{"line":49,"column":32},"end":{"line":49,"column":53}},"27":{"start":{"line":50,"column":16},"end":{"line":50,"column":31}},"28":{"start":{"line":53,"column":12},"end":{"line":61,"column":13}},"29":{"start":{"line":54,"column":34},"end":{"line":54,"column":55}},"30":{"start":{"line":56,"column":16},"end":{"line":56,"column":69}},"31":{"start":{"line":56,"column":36},"end":{"line":56,"column":69}},"32":{"start":{"line":58,"column":16},"end":{"line":58,"column":67}},"33":{"start":{"line":58,"column":36},"end":{"line":58,"column":67}},"34":{"start":{"line":60,"column":16},"end":{"line":60,"column":39}},"35":{"start":{"line":63,"column":12},"end":{"line":63,"column":44}},"36":{"start":{"line":68,"column":8},"end":{"line":94,"column":13}},"37":{"start":{"line":69,"column":28},"end":{"line":73,"column":13}},"38":{"start":{"line":75,"column":12},"end":{"line":75,"column":116}},"39":{"start":{"line":75,"column":23},"end":{"line":75,"column":116}},"40":{"start":{"line":77,"column":29},"end":{"line":77,"column":55}},"41":{"start":{"line":79,"column":31},"end":{"line":79,"column":39}},"42":{"start":{"line":81,"column":12},"end":{"line":81,"column":39}},"43":{"start":{"line":81,"column":32},"end":{"line":81,"column":39}},"44":{"start":{"line":83,"column":12},"end":{"line":91,"column":13}},"45":{"start":{"line":84,"column":34},"end":{"line":84,"column":55}},"46":{"start":{"line":86,"column":16},"end":{"line":86,"column":69}},"47":{"start":{"line":86,"column":36},"end":{"line":86,"column":69}},"48":{"start":{"line":88,"column":16},"end":{"line":88,"column":67}},"49":{"start":{"line":88,"column":36},"end":{"line":88,"column":67}},"50":{"start":{"line":90,"column":16},"end":{"line":90,"column":39}},"51":{"start":{"line":93,"column":12},"end":{"line":93,"column":44}},"52":{"start":{"line":98,"column":8},"end":{"line":120,"column":13}},"53":{"start":{"line":99,"column":28},"end":{"line":101,"column":13}},"54":{"start":{"line":102,"column":12},"end":{"line":102,"column":116}},"55":{"start":{"line":102,"column":23},"end":{"line":102,"column":116}},"56":{"start":{"line":104,"column":29},"end":{"line":104,"column":55}},"57":{"start":{"line":105,"column":31},"end":{"line":105,"column":39}},"58":{"start":{"line":107,"column":12},"end":{"line":107,"column":39}},"59":{"start":{"line":107,"column":32},"end":{"line":107,"column":39}},"60":{"start":{"line":109,"column":12},"end":{"line":117,"column":13}},"61":{"start":{"line":110,"column":34},"end":{"line":110,"column":55}},"62":{"start":{"line":112,"column":16},"end":{"line":112,"column":69}},"63":{"start":{"line":112,"column":36},"end":{"line":112,"column":69}},"64":{"start":{"line":114,"column":16},"end":{"line":114,"column":67}},"65":{"start":{"line":114,"column":36},"end":{"line":114,"column":67}},"66":{"start":{"line":116,"column":16},"end":{"line":116,"column":39}},"67":{"start":{"line":119,"column":12},"end":{"line":119,"column":44}}},"fnMap":{"0":{"name":"(anonymous_0)","decl":{"start":{"line":5,"column":10},"end":{"line":5,"column":11}},"loc":{"start":{"line":5,"column":50},"end":{"line":33,"column":5}},"line":5},"1":{"name":"(anonymous_1)","decl":{"start":{"line":6,"column":16},"end":{"line":6,"column":17}},"loc":{"start":{"line":6,"column":28},"end":{"line":32,"column":9}},"line":6},"2":{"name":"(anonymous_2)","decl":{"start":{"line":35,"column":9},"end":{"line":35,"column":10}},"loc":{"start":{"line":35,"column":43},"end":{"line":65,"column":5}},"line":35},"3":{"name":"(anonymous_3)","decl":{"start":{"line":36,"column":16},"end":{"line":36,"column":17}},"loc":{"start":{"line":36,"column":28},"end":{"line":64,"column":9}},"line":36},"4":{"name":"(anonymous_4)","decl":{"start":{"line":67,"column":11},"end":{"line":67,"column":12}},"loc":{"start":{"line":67,"column":57},"end":{"line":95,"column":5}},"line":67},"5":{"name":"(anonymous_5)","decl":{"start":{"line":68,"column":16},"end":{"line":68,"column":17}},"loc":{"start":{"line":68,"column":28},"end":{"line":94,"column":9}},"line":68},"6":{"name":"(anonymous_6)","decl":{"start":{"line":97,"column":12},"end":{"line":97,"column":13}},"loc":{"start":{"line":97,"column":46},"end":{"line":121,"column":5}},"line":97},"7":{"name":"(anonymous_7)","decl":{"start":{"line":98,"column":16},"end":{"line":98,"column":17}},"loc":{"start":{"line":98,"column":28},"end":{"line":120,"column":9}},"line":98}},"branchMap":{"0":{"loc":{"start":{"line":5,"column":31},"end":{"line":5,"column":48}},"type":"default-arg","locations":[{"start":{"line":5,"column":39},"end":{"line":5,"column":48}}],"line":5},"1":{"loc":{"start":{"line":10,"column":37},"end":{"line":10,"column":77}},"type":"cond-expr","locations":[{"start":{"line":10,"column":62},"end":{"line":10,"column":66}},{"start":{"line":10,"column":69},"end":{"line":10,"column":77}}],"line":10},"2":{"loc":{"start":{"line":13,"column":12},"end":{"line":13,"column":116}},"type":"if","locations":[{"start":{"line":13,"column":12},"end":{"line":13,"column":116}},{"start":{"line":13,"column":12},"end":{"line":13,"column":116}}],"line":13},"3":{"loc":{"start":{"line":19,"column":12},"end":{"line":19,"column":39}},"type":"if","locations":[{"start":{"line":19,"column":12},"end":{"line":19,"column":39}},{"start":{"line":19,"column":12},"end":{"line":19,"column":39}}],"line":19},"4":{"loc":{"start":{"line":21,"column":12},"end":{"line":29,"column":13}},"type":"if","locations":[{"start":{"line":21,"column":12},"end":{"line":29,"column":13}},{"start":{"line":21,"column":12},"end":{"line":29,"column":13}}],"line":21},"5":{"loc":{"start":{"line":21,"column":16},"end":{"line":21,"column":45}},"type":"binary-expr","locations":[{"start":{"line":21,"column":16},"end":{"line":21,"column":29}},{"start":{"line":21,"column":33},"end":{"line":21,"column":45}}],"line":21},"6":{"loc":{"start":{"line":24,"column":16},"end":{"line":24,"column":69}},"type":"if","locations":[{"start":{"line":24,"column":16},"end":{"line":24,"column":69}},{"start":{"line":24,"column":16},"end":{"line":24,"column":69}}],"line":24},"7":{"loc":{"start":{"line":26,"column":16},"end":{"line":26,"column":67}},"type":"if","locations":[{"start":{"line":26,"column":16},"end":{"line":26,"column":67}},{"start":{"line":26,"column":16},"end":{"line":26,"column":67}}],"line":26},"8":{"loc":{"start":{"line":35,"column":24},"end":{"line":35,"column":41}},"type":"default-arg","locations":[{"start":{"line":35,"column":32},"end":{"line":35,"column":41}}],"line":35},"9":{"loc":{"start":{"line":42,"column":12},"end":{"line":42,"column":116}},"type":"if","locations":[{"start":{"line":42,"column":12},"end":{"line":42,"column":116}},{"start":{"line":42,"column":12},"end":{"line":42,"column":116}}],"line":42},"10":{"loc":{"start":{"line":48,"column":12},"end":{"line":51,"column":13}},"type":"if","locations":[{"start":{"line":48,"column":12},"end":{"line":51,"column":13}},{"start":{"line":48,"column":12},"end":{"line":51,"column":13}}],"line":48},"11":{"loc":{"start":{"line":53,"column":12},"end":{"line":61,"column":13}},"type":"if","locations":[{"start":{"line":53,"column":12},"end":{"line":61,"column":13}},{"start":{"line":53,"column":12},"end":{"line":61,"column":13}}],"line":53},"12":{"loc":{"start":{"line":53,"column":16},"end":{"line":53,"column":45}},"type":"binary-expr","locations":[{"start":{"line":53,"column":16},"end":{"line":53,"column":29}},{"start":{"line":53,"column":33},"end":{"line":53,"column":45}}],"line":53},"13":{"loc":{"start":{"line":56,"column":16},"end":{"line":56,"column":69}},"type":"if","locations":[{"start":{"line":56,"column":16},"end":{"line":56,"column":69}},{"start":{"line":56,"column":16},"end":{"line":56,"column":69}}],"line":56},"14":{"loc":{"start":{"line":58,"column":16},"end":{"line":58,"column":67}},"type":"if","locations":[{"start":{"line":58,"column":16},"end":{"line":58,"column":67}},{"start":{"line":58,"column":16},"end":{"line":58,"column":67}}],"line":58},"15":{"loc":{"start":{"line":67,"column":38},"end":{"line":67,"column":55}},"type":"default-arg","locations":[{"start":{"line":67,"column":46},"end":{"line":67,"column":55}}],"line":67},"16":{"loc":{"start":{"line":72,"column":37},"end":{"line":72,"column":77}},"type":"cond-expr","locations":[{"start":{"line":72,"column":62},"end":{"line":72,"column":66}},{"start":{"line":72,"column":69},"end":{"line":72,"column":77}}],"line":72},"17":{"loc":{"start":{"line":75,"column":12},"end":{"line":75,"column":116}},"type":"if","locations":[{"start":{"line":75,"column":12},"end":{"line":75,"column":116}},{"start":{"line":75,"column":12},"end":{"line":75,"column":116}}],"line":75},"18":{"loc":{"start":{"line":81,"column":12},"end":{"line":81,"column":39}},"type":"if","locations":[{"start":{"line":81,"column":12},"end":{"line":81,"column":39}},{"start":{"line":81,"column":12},"end":{"line":81,"column":39}}],"line":81},"19":{"loc":{"start":{"line":83,"column":12},"end":{"line":91,"column":13}},"type":"if","locations":[{"start":{"line":83,"column":12},"end":{"line":91,"column":13}},{"start":{"line":83,"column":12},"end":{"line":91,"column":13}}],"line":83},"20":{"loc":{"start":{"line":83,"column":16},"end":{"line":83,"column":45}},"type":"binary-expr","locations":[{"start":{"line":83,"column":16},"end":{"line":83,"column":29}},{"start":{"line":83,"column":33},"end":{"line":83,"column":45}}],"line":83},"21":{"loc":{"start":{"line":86,"column":16},"end":{"line":86,"column":69}},"type":"if","locations":[{"start":{"line":86,"column":16},"end":{"line":86,"column":69}},{"start":{"line":86,"column":16},"end":{"line":86,"column":69}}],"line":86},"22":{"loc":{"start":{"line":88,"column":16},"end":{"line":88,"column":67}},"type":"if","locations":[{"start":{"line":88,"column":16},"end":{"line":88,"column":67}},{"start":{"line":88,"column":16},"end":{"line":88,"column":67}}],"line":88},"23":{"loc":{"start":{"line":97,"column":27},"end":{"line":97,"column":44}},"type":"default-arg","locations":[{"start":{"line":97,"column":35},"end":{"line":97,"column":44}}],"line":97},"24":{"loc":{"start":{"line":102,"column":12},"end":{"line":102,"column":116}},"type":"if","locations":[{"start":{"line":102,"column":12},"end":{"line":102,"column":116}},{"start":{"line":102,"column":12},"end":{"line":102,"column":116}}],"line":102},"25":{"loc":{"start":{"line":107,"column":12},"end":{"line":107,"column":39}},"type":"if","locations":[{"start":{"line":107,"column":12},"end":{"line":107,"column":39}},{"start":{"line":107,"column":12},"end":{"line":107,"column":39}}],"line":107},"26":{"loc":{"start":{"line":109,"column":12},"end":{"line":117,"column":13}},"type":"if","locations":[{"start":{"line":109,"column":12},"end":{"line":117,"column":13}},{"start":{"line":109,"column":12},"end":{"line":117,"column":13}}],"line":109},"27":{"loc":{"start":{"line":109,"column":16},"end":{"line":109,"column":45}},"type":"binary-expr","locations":[{"start":{"line":109,"column":16},"end":{"line":109,"column":29}},{"start":{"line":109,"column":33},"end":{"line":109,"column":45}}],"line":109},"28":{"loc":{"start":{"line":112,"column":16},"end":{"line":112,"column":69}},"type":"if","locations":[{"start":{"line":112,"column":16},"end":{"line":112,"column":69}},{"start":{"line":112,"column":16},"end":{"line":112,"column":69}}],"line":112},"29":{"loc":{"start":{"line":114,"column":16},"end":{"line":114,"column":67}},"type":"if","locations":[{"start":{"line":114,"column":16},"end":{"line":114,"column":67}},{"start":{"line":114,"column":16},"end":{"line":114,"column":67}}],"line":114}},"s":{"0":1,"1":1,"2":1,"3":17,"4":17,"5":17,"6":13,"7":17,"8":17,"9":17,"10":8,"11":9,"12":9,"13":9,"14":4,"15":5,"16":5,"17":0,"18":0,"19":6,"20":6,"21":6,"22":4,"23":6,"24":6,"25":6,"26":4,"27":4,"28":2,"29":2,"30":2,"31":0,"32":2,"33":2,"34":0,"35":0,"36":18,"37":18,"38":18,"39":18,"40":18,"41":18,"42":18,"43":8,"44":10,"45":10,"46":10,"47":3,"48":7,"49":7,"50":0,"51":0,"52":3,"53":3,"54":3,"55":3,"56":3,"57":3,"58":3,"59":1,"60":2,"61":2,"62":2,"63":0,"64":2,"65":2,"66":0,"67":0},"f":{"0":17,"1":17,"2":6,"3":6,"4":18,"5":18,"6":3,"7":3},"b":{"0":[4],"1":[12,5],"2":[13,4],"3":[8,9],"4":[9,0],"5":[9,9],"6":[4,5],"7":[5,0],"8":[2],"9":[4,2],"10":[4,2],"11":[2,0],"12":[2,2],"13":[0,2],"14":[2,0],"15":[0],"16":[0,18],"17":[18,0],"18":[8,10],"19":[10,0],"20":[10,10],"21":[3,7],"22":[7,0],"23":[0],"24":[3,0],"25":[1,2],"26":[2,0],"27":[2,2],"28":[0,2],"29":[2,0]},"_coverageSchema":"1a1c01bbd47fc00a2c39e90264f33305004495a9","hash":"9d8e997ba629bb7b5f8b68485e436bbb27bb0464","contentHash":"d66b025669c7e00934863e463de9b844f66f6cd2392e3b62c7658b268df1febc"},"C:\\Users\\Alex\\Downloads\\hexad-library\\hexad-library-app\\src\\logic\\authenticate-user.spec.js":{"path":"C:\\Users\\Alex\\Downloads\\hexad-library\\hexad-library-app\\src\\logic\\authenticate-user.spec.js","statementMap":{"0":{"start":{"line":1,"column":0},"end":{"line":1,"column":27}},"1":{"start":{"line":5,"column":45},"end":{"line":5,"column":56}},"2":{"start":{"line":6,"column":19},"end":{"line":6,"column":34}},"3":{"start":{"line":7,"column":26},"end":{"line":7,"column":30}},"4":{"start":{"line":8,"column":54},"end":{"line":8,"column":83}},"5":{"start":{"line":9,"column":25},"end":{"line":9,"column":55}},"6":{"start":{"line":10,"column":69},"end":{"line":10,"column":101}},"7":{"start":{"line":11,"column":15},"end":{"line":11,"column":34}},"8":{"start":{"line":12,"column":13},"end":{"line":12,"column":28}},"9":{"start":{"line":13,"column":16},"end":{"line":13,"column":36}},"10":{"start":{"line":15,"column":0},"end":{"line":15,"column":31}},"11":{"start":{"line":16,"column":0},"end":{"line":16,"column":21}},"12":{"start":{"line":18,"column":0},"end":{"line":220,"column":2}},"13":{"start":{"line":28,"column":4},"end":{"line":31,"column":7}},"14":{"start":{"line":29,"column":8},"end":{"line":29,"column":102}},"15":{"start":{"line":30,"column":8},"end":{"line":30,"column":88}},"16":{"start":{"line":33,"column":4},"end":{"line":53,"column":6}},"17":{"start":{"line":34,"column":8},"end":{"line":34,"column":56}},"18":{"start":{"line":35,"column":8},"end":{"line":35,"column":52}},"19":{"start":{"line":36,"column":8},"end":{"line":36,"column":28}},"20":{"start":{"line":37,"column":8},"end":{"line":37,"column":70}},"21":{"start":{"line":39,"column":22},"end":{"line":39,"column":135}},"22":{"start":{"line":40,"column":8},"end":{"line":40,"column":38}},"23":{"start":{"line":42,"column":8},"end":{"line":42,"column":58}},"24":{"start":{"line":43,"column":8},"end":{"line":43,"column":54}},"25":{"start":{"line":44,"column":8},"end":{"line":44,"column":30}},"26":{"start":{"line":45,"column":8},"end":{"line":45,"column":72}},"27":{"start":{"line":47,"column":23},"end":{"line":47,"column":140}},"28":{"start":{"line":48,"column":8},"end":{"line":48,"column":40}},"29":{"start":{"line":50,"column":8},"end":{"line":50,"column":46}},"30":{"start":{"line":51,"column":8},"end":{"line":51,"column":42}},"31":{"start":{"line":52,"column":8},"end":{"line":52,"column":34}},"32":{"start":{"line":55,"column":4},"end":{"line":155,"column":7}},"33":{"start":{"line":56,"column":8},"end":{"line":74,"column":11}},"34":{"start":{"line":57,"column":27},"end":{"line":57,"column":87}},"35":{"start":{"line":59,"column":12},"end":{"line":59,"column":43}},"36":{"start":{"line":61,"column":26},"end":{"line":61,"column":68}},"37":{"start":{"line":62,"column":12},"end":{"line":62,"column":63}},"38":{"start":{"line":64,"column":36},"end":{"line":64,"column":51}},"39":{"start":{"line":65,"column":12},"end":{"line":65,"column":35}},"40":{"start":{"line":66,"column":12},"end":{"line":66,"column":44}},"41":{"start":{"line":67,"column":12},"end":{"line":67,"column":56}},"42":{"start":{"line":69,"column":30},"end":{"line":69,"column":46}},"43":{"start":{"line":70,"column":12},"end":{"line":70,"column":52}},"44":{"start":{"line":71,"column":12},"end":{"line":71,"column":46}},"45":{"start":{"line":73,"column":12},"end":{"line":73,"column":45}},"46":{"start":{"line":76,"column":8},"end":{"line":94,"column":11}},"47":{"start":{"line":77,"column":27},"end":{"line":77,"column":90}},"48":{"start":{"line":79,"column":12},"end":{"line":79,"column":43}},"49":{"start":{"line":81,"column":27},"end":{"line":81,"column":71}},"50":{"start":{"line":82,"column":12},"end":{"line":82,"column":64}},"51":{"start":{"line":84,"column":36},"end":{"line":84,"column":51}},"52":{"start":{"line":85,"column":12},"end":{"line":85,"column":35}},"53":{"start":{"line":86,"column":12},"end":{"line":86,"column":44}},"54":{"start":{"line":87,"column":12},"end":{"line":87,"column":56}},"55":{"start":{"line":89,"column":30},"end":{"line":89,"column":46}},"56":{"start":{"line":90,"column":12},"end":{"line":90,"column":52}},"57":{"start":{"line":91,"column":12},"end":{"line":91,"column":47}},"58":{"start":{"line":93,"column":12},"end":{"line":93,"column":46}},"59":{"start":{"line":96,"column":8},"end":{"line":108,"column":11}},"60":{"start":{"line":99,"column":12},"end":{"line":103,"column":13}},"61":{"start":{"line":100,"column":16},"end":{"line":100,"column":88}},"62":{"start":{"line":102,"column":16},"end":{"line":102,"column":31}},"63":{"start":{"line":105,"column":12},"end":{"line":105,"column":36}},"64":{"start":{"line":106,"column":12},"end":{"line":106,"column":61}},"65":{"start":{"line":107,"column":12},"end":{"line":107,"column":65}},"66":{"start":{"line":110,"column":8},"end":{"line":122,"column":11}},"67":{"start":{"line":113,"column":12},"end":{"line":117,"column":13}},"68":{"start":{"line":114,"column":16},"end":{"line":114,"column":91}},"69":{"start":{"line":116,"column":16},"end":{"line":116,"column":31}},"70":{"start":{"line":119,"column":12},"end":{"line":119,"column":36}},"71":{"start":{"line":120,"column":12},"end":{"line":120,"column":61}},"72":{"start":{"line":121,"column":12},"end":{"line":121,"column":65}},"73":{"start":{"line":124,"column":8},"end":{"line":138,"column":11}},"74":{"start":{"line":125,"column":12},"end":{"line":125,"column":37}},"75":{"start":{"line":129,"column":12},"end":{"line":133,"column":13}},"76":{"start":{"line":130,"column":16},"end":{"line":130,"column":77}},"77":{"start":{"line":132,"column":16},"end":{"line":132,"column":31}},"78":{"start":{"line":135,"column":12},"end":{"line":135,"column":36}},"79":{"start":{"line":136,"column":12},"end":{"line":136,"column":59}},"80":{"start":{"line":137,"column":12},"end":{"line":137,"column":93}},"81":{"start":{"line":140,"column":8},"end":{"line":154,"column":11}},"82":{"start":{"line":141,"column":12},"end":{"line":141,"column":38}},"83":{"start":{"line":145,"column":12},"end":{"line":149,"column":13}},"84":{"start":{"line":146,"column":16},"end":{"line":146,"column":80}},"85":{"start":{"line":148,"column":16},"end":{"line":148,"column":31}},"86":{"start":{"line":151,"column":12},"end":{"line":151,"column":36}},"87":{"start":{"line":152,"column":12},"end":{"line":152,"column":59}},"88":{"start":{"line":153,"column":12},"end":{"line":153,"column":95}},"89":{"start":{"line":157,"column":4},"end":{"line":212,"column":6}},"90":{"start":{"line":158,"column":8},"end":{"line":168,"column":11}},"91":{"start":{"line":159,"column":12},"end":{"line":159,"column":29}},"92":{"start":{"line":160,"column":12},"end":{"line":160,"column":120}},"93":{"start":{"line":160,"column":25},"end":{"line":160,"column":64}},"94":{"start":{"line":162,"column":12},"end":{"line":162,"column":30}},"95":{"start":{"line":163,"column":12},"end":{"line":163,"column":120}},"96":{"start":{"line":163,"column":25},"end":{"line":163,"column":64}},"97":{"start":{"line":164,"column":12},"end":{"line":164,"column":26}},"98":{"start":{"line":165,"column":12},"end":{"line":165,"column":120}},"99":{"start":{"line":165,"column":25},"end":{"line":165,"column":64}},"100":{"start":{"line":166,"column":12},"end":{"line":166,"column":30}},"101":{"start":{"line":167,"column":12},"end":{"line":167,"column":120}},"102":{"start":{"line":167,"column":25},"end":{"line":167,"column":64}},"103":{"start":{"line":170,"column":8},"end":{"line":179,"column":11}},"104":{"start":{"line":171,"column":12},"end":{"line":171,"column":31}},"105":{"start":{"line":172,"column":12},"end":{"line":172,"column":118}},"106":{"start":{"line":172,"column":25},"end":{"line":172,"column":64}},"107":{"start":{"line":174,"column":12},"end":{"line":174,"column":32}},"108":{"start":{"line":175,"column":12},"end":{"line":175,"column":118}},"109":{"start":{"line":175,"column":25},"end":{"line":175,"column":64}},"110":{"start":{"line":177,"column":12},"end":{"line":177,"column":36}},"111":{"start":{"line":178,"column":12},"end":{"line":178,"column":118}},"112":{"start":{"line":178,"column":25},"end":{"line":178,"column":64}},"113":{"start":{"line":181,"column":8},"end":{"line":195,"column":11}},"114":{"start":{"line":182,"column":12},"end":{"line":182,"column":50}},"115":{"start":{"line":184,"column":12},"end":{"line":184,"column":32}},"116":{"start":{"line":185,"column":12},"end":{"line":185,"column":126}},"117":{"start":{"line":185,"column":25},"end":{"line":185,"column":64}},"118":{"start":{"line":187,"column":12},"end":{"line":187,"column":33}},"119":{"start":{"line":188,"column":12},"end":{"line":188,"column":126}},"120":{"start":{"line":188,"column":25},"end":{"line":188,"column":64}},"121":{"start":{"line":190,"column":12},"end":{"line":190,"column":29}},"122":{"start":{"line":191,"column":12},"end":{"line":191,"column":126}},"123":{"start":{"line":191,"column":25},"end":{"line":191,"column":64}},"124":{"start":{"line":193,"column":12},"end":{"line":193,"column":33}},"125":{"start":{"line":194,"column":12},"end":{"line":194,"column":126}},"126":{"start":{"line":194,"column":25},"end":{"line":194,"column":64}},"127":{"start":{"line":197,"column":8},"end":{"line":211,"column":11}},"128":{"start":{"line":198,"column":12},"end":{"line":198,"column":46}},"129":{"start":{"line":200,"column":12},"end":{"line":200,"column":28}},"130":{"start":{"line":201,"column":12},"end":{"line":201,"column":118}},"131":{"start":{"line":201,"column":25},"end":{"line":201,"column":64}},"132":{"start":{"line":203,"column":12},"end":{"line":203,"column":29}},"133":{"start":{"line":204,"column":12},"end":{"line":204,"column":118}},"134":{"start":{"line":204,"column":25},"end":{"line":204,"column":64}},"135":{"start":{"line":206,"column":12},"end":{"line":206,"column":25}},"136":{"start":{"line":207,"column":12},"end":{"line":207,"column":118}},"137":{"start":{"line":207,"column":25},"end":{"line":207,"column":64}},"138":{"start":{"line":209,"column":12},"end":{"line":209,"column":29}},"139":{"start":{"line":210,"column":12},"end":{"line":210,"column":118}},"140":{"start":{"line":210,"column":25},"end":{"line":210,"column":64}},"141":{"start":{"line":214,"column":4},"end":{"line":214,"column":107}},"142":{"start":{"line":214,"column":26},"end":{"line":214,"column":105}},"143":{"start":{"line":216,"column":4},"end":{"line":219,"column":6}},"144":{"start":{"line":217,"column":8},"end":{"line":217,"column":88}},"145":{"start":{"line":218,"column":8},"end":{"line":218,"column":36}}},"fnMap":{"0":{"name":"(anonymous_0)","decl":{"start":{"line":18,"column":29},"end":{"line":18,"column":30}},"loc":{"start":{"line":18,"column":35},"end":{"line":220,"column":1}},"line":18},"1":{"name":"(anonymous_1)","decl":{"start":{"line":28,"column":11},"end":{"line":28,"column":12}},"loc":{"start":{"line":28,"column":23},"end":{"line":31,"column":5}},"line":28},"2":{"name":"(anonymous_2)","decl":{"start":{"line":33,"column":15},"end":{"line":33,"column":16}},"loc":{"start":{"line":33,"column":27},"end":{"line":53,"column":5}},"line":33},"3":{"name":"(anonymous_3)","decl":{"start":{"line":55,"column":35},"end":{"line":55,"column":36}},"loc":{"start":{"line":55,"column":41},"end":{"line":155,"column":5}},"line":55},"4":{"name":"(anonymous_4)","decl":{"start":{"line":56,"column":96},"end":{"line":56,"column":97}},"loc":{"start":{"line":56,"column":108},"end":{"line":74,"column":9}},"line":56},"5":{"name":"(anonymous_5)","decl":{"start":{"line":76,"column":96},"end":{"line":76,"column":97}},"loc":{"start":{"line":76,"column":108},"end":{"line":94,"column":9}},"line":76},"6":{"name":"(anonymous_6)","decl":{"start":{"line":96,"column":81},"end":{"line":96,"column":82}},"loc":{"start":{"line":96,"column":93},"end":{"line":108,"column":9}},"line":96},"7":{"name":"(anonymous_7)","decl":{"start":{"line":110,"column":82},"end":{"line":110,"column":83}},"loc":{"start":{"line":110,"column":94},"end":{"line":122,"column":9}},"line":110},"8":{"name":"(anonymous_8)","decl":{"start":{"line":124,"column":80},"end":{"line":124,"column":81}},"loc":{"start":{"line":124,"column":92},"end":{"line":138,"column":9}},"line":124},"9":{"name":"(anonymous_9)","decl":{"start":{"line":140,"column":82},"end":{"line":140,"column":83}},"loc":{"start":{"line":140,"column":94},"end":{"line":154,"column":9}},"line":140},"10":{"name":"(anonymous_10)","decl":{"start":{"line":157,"column":34},"end":{"line":157,"column":35}},"loc":{"start":{"line":157,"column":40},"end":{"line":212,"column":5}},"line":157},"11":{"name":"(anonymous_11)","decl":{"start":{"line":158,"column":48},"end":{"line":158,"column":49}},"loc":{"start":{"line":158,"column":54},"end":{"line":168,"column":9}},"line":158},"12":{"name":"(anonymous_12)","decl":{"start":{"line":160,"column":19},"end":{"line":160,"column":20}},"loc":{"start":{"line":160,"column":25},"end":{"line":160,"column":64}},"line":160},"13":{"name":"(anonymous_13)","decl":{"start":{"line":163,"column":19},"end":{"line":163,"column":20}},"loc":{"start":{"line":163,"column":25},"end":{"line":163,"column":64}},"line":163},"14":{"name":"(anonymous_14)","decl":{"start":{"line":165,"column":19},"end":{"line":165,"column":20}},"loc":{"start":{"line":165,"column":25},"end":{"line":165,"column":64}},"line":165},"15":{"name":"(anonymous_15)","decl":{"start":{"line":167,"column":19},"end":{"line":167,"column":20}},"loc":{"start":{"line":167,"column":25},"end":{"line":167,"column":64}},"line":167},"16":{"name":"(anonymous_16)","decl":{"start":{"line":170,"column":53},"end":{"line":170,"column":54}},"loc":{"start":{"line":170,"column":59},"end":{"line":179,"column":9}},"line":170},"17":{"name":"(anonymous_17)","decl":{"start":{"line":172,"column":19},"end":{"line":172,"column":20}},"loc":{"start":{"line":172,"column":25},"end":{"line":172,"column":64}},"line":172},"18":{"name":"(anonymous_18)","decl":{"start":{"line":175,"column":19},"end":{"line":175,"column":20}},"loc":{"start":{"line":175,"column":25},"end":{"line":175,"column":64}},"line":175},"19":{"name":"(anonymous_19)","decl":{"start":{"line":178,"column":19},"end":{"line":178,"column":20}},"loc":{"start":{"line":178,"column":25},"end":{"line":178,"column":64}},"line":178},"20":{"name":"(anonymous_20)","decl":{"start":{"line":181,"column":51},"end":{"line":181,"column":52}},"loc":{"start":{"line":181,"column":57},"end":{"line":195,"column":9}},"line":181},"21":{"name":"(anonymous_21)","decl":{"start":{"line":185,"column":19},"end":{"line":185,"column":20}},"loc":{"start":{"line":185,"column":25},"end":{"line":185,"column":64}},"line":185},"22":{"name":"(anonymous_22)","decl":{"start":{"line":188,"column":19},"end":{"line":188,"column":20}},"loc":{"start":{"line":188,"column":25},"end":{"line":188,"column":64}},"line":188},"23":{"name":"(anonymous_23)","decl":{"start":{"line":191,"column":19},"end":{"line":191,"column":20}},"loc":{"start":{"line":191,"column":25},"end":{"line":191,"column":64}},"line":191},"24":{"name":"(anonymous_24)","decl":{"start":{"line":194,"column":19},"end":{"line":194,"column":20}},"loc":{"start":{"line":194,"column":25},"end":{"line":194,"column":64}},"line":194},"25":{"name":"(anonymous_25)","decl":{"start":{"line":197,"column":47},"end":{"line":197,"column":48}},"loc":{"start":{"line":197,"column":53},"end":{"line":211,"column":9}},"line":197},"26":{"name":"(anonymous_26)","decl":{"start":{"line":201,"column":19},"end":{"line":201,"column":20}},"loc":{"start":{"line":201,"column":25},"end":{"line":201,"column":64}},"line":201},"27":{"name":"(anonymous_27)","decl":{"start":{"line":204,"column":19},"end":{"line":204,"column":20}},"loc":{"start":{"line":204,"column":25},"end":{"line":204,"column":64}},"line":204},"28":{"name":"(anonymous_28)","decl":{"start":{"line":207,"column":19},"end":{"line":207,"column":20}},"loc":{"start":{"line":207,"column":25},"end":{"line":207,"column":64}},"line":207},"29":{"name":"(anonymous_29)","decl":{"start":{"line":210,"column":19},"end":{"line":210,"column":20}},"loc":{"start":{"line":210,"column":25},"end":{"line":210,"column":64}},"line":210},"30":{"name":"(anonymous_30)","decl":{"start":{"line":214,"column":14},"end":{"line":214,"column":15}},"loc":{"start":{"line":214,"column":26},"end":{"line":214,"column":105}},"line":214},"31":{"name":"(anonymous_31)","decl":{"start":{"line":216,"column":10},"end":{"line":216,"column":11}},"loc":{"start":{"line":216,"column":22},"end":{"line":219,"column":5}},"line":216}},"branchMap":{},"s":{"0":1,"1":1,"2":1,"3":1,"4":1,"5":1,"6":1,"7":1,"8":1,"9":1,"10":1,"11":1,"12":1,"13":1,"14":1,"15":1,"16":1,"17":10,"18":10,"19":10,"20":10,"21":10,"22":10,"23":10,"24":10,"25":10,"26":10,"27":10,"28":10,"29":10,"30":10,"31":10,"32":1,"33":1,"34":1,"35":1,"36":1,"37":1,"38":1,"39":1,"40":1,"41":1,"42":1,"43":1,"44":1,"45":1,"46":1,"47":1,"48":1,"49":1,"50":1,"51":1,"52":1,"53":1,"54":1,"55":1,"56":1,"57":1,"58":1,"59":1,"60":1,"61":1,"62":1,"63":1,"64":1,"65":1,"66":1,"67":1,"68":1,"69":1,"70":1,"71":1,"72":1,"73":1,"74":1,"75":1,"76":1,"77":1,"78":1,"79":1,"80":1,"81":1,"82":1,"83":1,"84":1,"85":1,"86":1,"87":1,"88":1,"89":1,"90":1,"91":1,"92":1,"93":1,"94":1,"95":1,"96":1,"97":1,"98":1,"99":1,"100":1,"101":1,"102":1,"103":1,"104":1,"105":1,"106":1,"107":1,"108":1,"109":1,"110":1,"111":1,"112":1,"113":1,"114":1,"115":1,"116":1,"117":1,"118":1,"119":1,"120":1,"121":1,"122":1,"123":1,"124":1,"125":1,"126":1,"127":1,"128":1,"129":1,"130":1,"131":1,"132":1,"133":1,"134":1,"135":1,"136":1,"137":1,"138":1,"139":1,"140":1,"141":1,"142":10,"143":1,"144":1,"145":1},"f":{"0":1,"1":1,"2":10,"3":1,"4":1,"5":1,"6":1,"7":1,"8":1,"9":1,"10":1,"11":1,"12":1,"13":1,"14":1,"15":1,"16":1,"17":1,"18":1,"19":1,"20":1,"21":1,"22":1,"23":1,"24":1,"25":1,"26":1,"27":1,"28":1,"29":1,"30":10,"31":1},"b":{},"_coverageSchema":"1a1c01bbd47fc00a2c39e90264f33305004495a9","hash":"687525d412afbb924f93040b0548468e9283daa1","contentHash":"77974f27e077bb078e08f98142b14011faf654f735425d74051f0042a25935c4"},"C:\\Users\\Alex\\Downloads\\hexad-library\\hexad-library-app\\src\\logic\\authenticate-user.js":{"path":"C:\\Users\\Alex\\Downloads\\hexad-library\\hexad-library-app\\src\\logic\\authenticate-user.js","statementMap":{"0":{"start":{"line":4,"column":4},"end":{"line":4,"column":36}},"1":{"start":{"line":5,"column":16},"end":{"line":5,"column":36}},"2":{"start":{"line":6,"column":14},"end":{"line":6,"column":35}},"3":{"start":{"line":21,"column":0},"end":{"line":64,"column":16}},"4":{"start":{"line":22,"column":4},"end":{"line":22,"column":36}},"5":{"start":{"line":23,"column":4},"end":{"line":23,"column":26}},"6":{"start":{"line":24,"column":4},"end":{"line":24,"column":42}},"7":{"start":{"line":25,"column":4},"end":{"line":25,"column":34}},"8":{"start":{"line":28,"column":4},"end":{"line":63,"column":9}},"9":{"start":{"line":29,"column":24},"end":{"line":33,"column":9}},"10":{"start":{"line":35,"column":25},"end":{"line":35,"column":75}},"11":{"start":{"line":37,"column":27},"end":{"line":37,"column":35}},"12":{"start":{"line":39,"column":8},"end":{"line":46,"column":9}},"13":{"start":{"line":40,"column":30},"end":{"line":40,"column":51}},"14":{"start":{"line":42,"column":12},"end":{"line":42,"column":39}},"15":{"start":{"line":43,"column":12},"end":{"line":43,"column":37}},"16":{"start":{"line":45,"column":12},"end":{"line":45,"column":18}},"17":{"start":{"line":48,"column":8},"end":{"line":60,"column":9}},"18":{"start":{"line":49,"column":30},"end":{"line":49,"column":51}},"19":{"start":{"line":51,"column":12},"end":{"line":53,"column":13}},"20":{"start":{"line":52,"column":16},"end":{"line":52,"column":49}},"21":{"start":{"line":55,"column":12},"end":{"line":57,"column":13}},"22":{"start":{"line":56,"column":16},"end":{"line":56,"column":47}},"23":{"start":{"line":59,"column":12},"end":{"line":59,"column":35}},"24":{"start":{"line":62,"column":8},"end":{"line":62,"column":40}}},"fnMap":{"0":{"name":"(anonymous_0)","decl":{"start":{"line":21,"column":17},"end":{"line":21,"column":18}},"loc":{"start":{"line":21,"column":50},"end":{"line":64,"column":1}},"line":21},"1":{"name":"(anonymous_1)","decl":{"start":{"line":28,"column":12},"end":{"line":28,"column":13}},"loc":{"start":{"line":28,"column":24},"end":{"line":63,"column":5}},"line":28}},"branchMap":{"0":{"loc":{"start":{"line":39,"column":8},"end":{"line":46,"column":9}},"type":"if","locations":[{"start":{"line":39,"column":8},"end":{"line":46,"column":9}},{"start":{"line":39,"column":8},"end":{"line":46,"column":9}}],"line":39},"1":{"loc":{"start":{"line":48,"column":8},"end":{"line":60,"column":9}},"type":"if","locations":[{"start":{"line":48,"column":8},"end":{"line":60,"column":9}},{"start":{"line":48,"column":8},"end":{"line":60,"column":9}}],"line":48},"2":{"loc":{"start":{"line":48,"column":12},"end":{"line":48,"column":41}},"type":"binary-expr","locations":[{"start":{"line":48,"column":12},"end":{"line":48,"column":25}},{"start":{"line":48,"column":29},"end":{"line":48,"column":41}}],"line":48},"3":{"loc":{"start":{"line":51,"column":12},"end":{"line":53,"column":13}},"type":"if","locations":[{"start":{"line":51,"column":12},"end":{"line":53,"column":13}},{"start":{"line":51,"column":12},"end":{"line":53,"column":13}}],"line":51},"4":{"loc":{"start":{"line":55,"column":12},"end":{"line":57,"column":13}},"type":"if","locations":[{"start":{"line":55,"column":12},"end":{"line":57,"column":13}},{"start":{"line":55,"column":12},"end":{"line":57,"column":13}}],"line":55}},"s":{"0":1,"1":1,"2":1,"3":1,"4":21,"5":17,"6":14,"7":10,"8":6,"9":6,"10":6,"11":6,"12":6,"13":2,"14":2,"15":2,"16":2,"17":4,"18":4,"19":4,"20":2,"21":2,"22":2,"23":0,"24":0},"f":{"0":21,"1":6},"b":{"0":[2,4],"1":[4,0],"2":[4,4],"3":[2,2],"4":[2,0]},"_coverageSchema":"1a1c01bbd47fc00a2c39e90264f33305004495a9","hash":"bfe4fdf26261dad3e1ac8260e6f65352ec10b7ce","contentHash":"1aff703e121c94cc4800f64c299b7cb3d0012102ef04622265a6eee74956e6a8"},"C:\\Users\\Alex\\Downloads\\hexad-library\\hexad-library-app\\src\\logic\\borrow-book.spec.js":{"path":"C:\\Users\\Alex\\Downloads\\hexad-library\\hexad-library-app\\src\\logic\\borrow-book.spec.js","statementMap":{"0":{"start":{"line":1,"column":0},"end":{"line":1,"column":27}},"1":{"start":{"line":8,"column":4},"end":{"line":8,"column":15}},"2":{"start":{"line":9,"column":19},"end":{"line":9,"column":34}},"3":{"start":{"line":10,"column":31},"end":{"line":10,"column":35}},"4":{"start":{"line":11,"column":54},"end":{"line":11,"column":83}},"5":{"start":{"line":12,"column":19},"end":{"line":12,"column":43}},"6":{"start":{"line":13,"column":69},"end":{"line":13,"column":101}},"7":{"start":{"line":14,"column":15},"end":{"line":14,"column":34}},"8":{"start":{"line":15,"column":13},"end":{"line":15,"column":28}},"9":{"start":{"line":16,"column":12},"end":{"line":16,"column":35}},"10":{"start":{"line":17,"column":16},"end":{"line":17,"column":36}},"11":{"start":{"line":19,"column":0},"end":{"line":19,"column":31}},"12":{"start":{"line":20,"column":0},"end":{"line":20,"column":21}},"13":{"start":{"line":22,"column":0},"end":{"line":213,"column":2}},"14":{"start":{"line":32,"column":4},"end":{"line":35,"column":7}},"15":{"start":{"line":33,"column":8},"end":{"line":33,"column":102}},"16":{"start":{"line":34,"column":8},"end":{"line":34,"column":88}},"17":{"start":{"line":37,"column":4},"end":{"line":67,"column":7}},"18":{"start":{"line":38,"column":8},"end":{"line":38,"column":56}},"19":{"start":{"line":39,"column":8},"end":{"line":39,"column":52}},"20":{"start":{"line":40,"column":8},"end":{"line":40,"column":28}},"21":{"start":{"line":41,"column":8},"end":{"line":41,"column":70}},"22":{"start":{"line":43,"column":22},"end":{"line":43,"column":135}},"23":{"start":{"line":44,"column":8},"end":{"line":44,"column":38}},"24":{"start":{"line":46,"column":8},"end":{"line":46,"column":58}},"25":{"start":{"line":47,"column":8},"end":{"line":47,"column":54}},"26":{"start":{"line":48,"column":8},"end":{"line":48,"column":30}},"27":{"start":{"line":49,"column":8},"end":{"line":49,"column":72}},"28":{"start":{"line":51,"column":23},"end":{"line":51,"column":140}},"29":{"start":{"line":52,"column":8},"end":{"line":52,"column":40}},"30":{"start":{"line":53,"column":20},"end":{"line":53,"column":80}},"31":{"start":{"line":54,"column":8},"end":{"line":54,"column":38}},"32":{"start":{"line":55,"column":8},"end":{"line":55,"column":42}},"33":{"start":{"line":57,"column":8},"end":{"line":57,"column":36}},"34":{"start":{"line":58,"column":8},"end":{"line":58,"column":34}},"35":{"start":{"line":59,"column":8},"end":{"line":59,"column":48}},"36":{"start":{"line":60,"column":8},"end":{"line":60,"column":38}},"37":{"start":{"line":61,"column":8},"end":{"line":61,"column":57}},"38":{"start":{"line":62,"column":8},"end":{"line":62,"column":41}},"39":{"start":{"line":64,"column":21},"end":{"line":64,"column":142}},"40":{"start":{"line":65,"column":8},"end":{"line":65,"column":36}},"41":{"start":{"line":66,"column":8},"end":{"line":66,"column":86}},"42":{"start":{"line":69,"column":4},"end":{"line":189,"column":7}},"43":{"start":{"line":70,"column":8},"end":{"line":105,"column":11}},"44":{"start":{"line":71,"column":27},"end":{"line":71,"column":49}},"45":{"start":{"line":73,"column":12},"end":{"line":73,"column":43}},"46":{"start":{"line":75,"column":42},"end":{"line":79,"column":14}},"47":{"start":{"line":81,"column":12},"end":{"line":81,"column":36}},"48":{"start":{"line":82,"column":12},"end":{"line":82,"column":50}},"49":{"start":{"line":83,"column":12},"end":{"line":83,"column":65}},"50":{"start":{"line":84,"column":12},"end":{"line":84,"column":60}},"51":{"start":{"line":85,"column":12},"end":{"line":85,"column":69}},"52":{"start":{"line":86,"column":12},"end":{"line":86,"column":96}},"53":{"start":{"line":87,"column":12},"end":{"line":87,"column":66}},"54":{"start":{"line":88,"column":12},"end":{"line":88,"column":80}},"55":{"start":{"line":89,"column":12},"end":{"line":89,"column":63}},"56":{"start":{"line":90,"column":12},"end":{"line":90,"column":94}},"57":{"start":{"line":92,"column":12},"end":{"line":92,"column":34}},"58":{"start":{"line":93,"column":12},"end":{"line":93,"column":51}},"59":{"start":{"line":95,"column":12},"end":{"line":95,"column":35}},"60":{"start":{"line":96,"column":12},"end":{"line":96,"column":47}},"61":{"start":{"line":97,"column":12},"end":{"line":97,"column":62}},"62":{"start":{"line":98,"column":12},"end":{"line":98,"column":57}},"63":{"start":{"line":99,"column":12},"end":{"line":99,"column":66}},"64":{"start":{"line":100,"column":12},"end":{"line":100,"column":85}},"65":{"start":{"line":101,"column":12},"end":{"line":101,"column":82}},"66":{"start":{"line":102,"column":12},"end":{"line":102,"column":63}},"67":{"start":{"line":103,"column":12},"end":{"line":103,"column":77}},"68":{"start":{"line":104,"column":12},"end":{"line":104,"column":106}},"69":{"start":{"line":107,"column":8},"end":{"line":119,"column":11}},"70":{"start":{"line":108,"column":12},"end":{"line":108,"column":74}},"71":{"start":{"line":111,"column":12},"end":{"line":115,"column":13}},"72":{"start":{"line":112,"column":16},"end":{"line":112,"column":39}},"73":{"start":{"line":114,"column":16},"end":{"line":114,"column":31}},"74":{"start":{"line":116,"column":12},"end":{"line":116,"column":36}},"75":{"start":{"line":117,"column":12},"end":{"line":117,"column":61}},"76":{"start":{"line":118,"column":12},"end":{"line":118,"column":86}},"77":{"start":{"line":121,"column":8},"end":{"line":133,"column":11}},"78":{"start":{"line":122,"column":12},"end":{"line":122,"column":35}},"79":{"start":{"line":125,"column":12},"end":{"line":129,"column":13}},"80":{"start":{"line":126,"column":16},"end":{"line":126,"column":39}},"81":{"start":{"line":128,"column":16},"end":{"line":128,"column":31}},"82":{"start":{"line":130,"column":12},"end":{"line":130,"column":36}},"83":{"start":{"line":131,"column":12},"end":{"line":131,"column":61}},"84":{"start":{"line":132,"column":12},"end":{"line":132,"column":121}},"85":{"start":{"line":135,"column":8},"end":{"line":158,"column":11}},"86":{"start":{"line":136,"column":12},"end":{"line":147,"column":13}},"87":{"start":{"line":136,"column":25},"end":{"line":136,"column":26}},"88":{"start":{"line":137,"column":16},"end":{"line":137,"column":44}},"89":{"start":{"line":138,"column":16},"end":{"line":138,"column":42}},"90":{"start":{"line":139,"column":16},"end":{"line":139,"column":56}},"91":{"start":{"line":140,"column":16},"end":{"line":140,"column":46}},"92":{"start":{"line":141,"column":16},"end":{"line":141,"column":65}},"93":{"start":{"line":142,"column":16},"end":{"line":142,"column":49}},"94":{"start":{"line":144,"column":16},"end":{"line":144,"column":138}},"95":{"start":{"line":146,"column":16},"end":{"line":146,"column":39}},"96":{"start":{"line":150,"column":12},"end":{"line":154,"column":13}},"97":{"start":{"line":151,"column":16},"end":{"line":151,"column":39}},"98":{"start":{"line":153,"column":16},"end":{"line":153,"column":31}},"99":{"start":{"line":155,"column":12},"end":{"line":155,"column":36}},"100":{"start":{"line":156,"column":12},"end":{"line":156,"column":61}},"101":{"start":{"line":157,"column":12},"end":{"line":157,"column":123}},"102":{"start":{"line":160,"column":8},"end":{"line":173,"column":11}},"103":{"start":{"line":161,"column":12},"end":{"line":161,"column":36}},"104":{"start":{"line":164,"column":12},"end":{"line":168,"column":13}},"105":{"start":{"line":165,"column":16},"end":{"line":165,"column":39}},"106":{"start":{"line":167,"column":16},"end":{"line":167,"column":31}},"107":{"start":{"line":170,"column":12},"end":{"line":170,"column":36}},"108":{"start":{"line":171,"column":12},"end":{"line":171,"column":59}},"109":{"start":{"line":172,"column":12},"end":{"line":172,"column":85}},"110":{"start":{"line":175,"column":8},"end":{"line":188,"column":11}},"111":{"start":{"line":176,"column":12},"end":{"line":176,"column":38}},"112":{"start":{"line":179,"column":12},"end":{"line":183,"column":13}},"113":{"start":{"line":180,"column":16},"end":{"line":180,"column":39}},"114":{"start":{"line":182,"column":16},"end":{"line":182,"column":31}},"115":{"start":{"line":185,"column":12},"end":{"line":185,"column":36}},"116":{"start":{"line":186,"column":12},"end":{"line":186,"column":59}},"117":{"start":{"line":187,"column":12},"end":{"line":187,"column":89}},"118":{"start":{"line":191,"column":4},"end":{"line":205,"column":6}},"119":{"start":{"line":192,"column":8},"end":{"line":204,"column":11}},"120":{"start":{"line":193,"column":12},"end":{"line":193,"column":28}},"121":{"start":{"line":194,"column":12},"end":{"line":194,"column":95}},"122":{"start":{"line":194,"column":25},"end":{"line":194,"column":41}},"123":{"start":{"line":196,"column":12},"end":{"line":196,"column":29}},"124":{"start":{"line":197,"column":12},"end":{"line":197,"column":95}},"125":{"start":{"line":197,"column":25},"end":{"line":197,"column":41}},"126":{"start":{"line":199,"column":12},"end":{"line":199,"column":25}},"127":{"start":{"line":200,"column":12},"end":{"line":200,"column":95}},"128":{"start":{"line":200,"column":25},"end":{"line":200,"column":41}},"129":{"start":{"line":202,"column":12},"end":{"line":202,"column":29}},"130":{"start":{"line":203,"column":12},"end":{"line":203,"column":95}},"131":{"start":{"line":203,"column":25},"end":{"line":203,"column":41}},"132":{"start":{"line":207,"column":4},"end":{"line":207,"column":107}},"133":{"start":{"line":207,"column":26},"end":{"line":207,"column":105}},"134":{"start":{"line":209,"column":4},"end":{"line":212,"column":6}},"135":{"start":{"line":210,"column":8},"end":{"line":210,"column":88}},"136":{"start":{"line":211,"column":8},"end":{"line":211,"column":36}}},"fnMap":{"0":{"name":"(anonymous_0)","decl":{"start":{"line":22,"column":23},"end":{"line":22,"column":24}},"loc":{"start":{"line":22,"column":29},"end":{"line":213,"column":1}},"line":22},"1":{"name":"(anonymous_1)","decl":{"start":{"line":32,"column":11},"end":{"line":32,"column":12}},"loc":{"start":{"line":32,"column":23},"end":{"line":35,"column":5}},"line":32},"2":{"name":"(anonymous_2)","decl":{"start":{"line":37,"column":15},"end":{"line":37,"column":16}},"loc":{"start":{"line":37,"column":27},"end":{"line":67,"column":5}},"line":37},"3":{"name":"(anonymous_3)","decl":{"start":{"line":69,"column":35},"end":{"line":69,"column":36}},"loc":{"start":{"line":69,"column":41},"end":{"line":189,"column":5}},"line":69},"4":{"name":"(anonymous_4)","decl":{"start":{"line":70,"column":101},"end":{"line":70,"column":102}},"loc":{"start":{"line":70,"column":113},"end":{"line":105,"column":9}},"line":70},"5":{"name":"(anonymous_5)","decl":{"start":{"line":107,"column":84},"end":{"line":107,"column":85}},"loc":{"start":{"line":107,"column":96},"end":{"line":119,"column":9}},"line":107},"6":{"name":"(anonymous_6)","decl":{"start":{"line":121,"column":100},"end":{"line":121,"column":101}},"loc":{"start":{"line":121,"column":112},"end":{"line":133,"column":9}},"line":121},"7":{"name":"(anonymous_7)","decl":{"start":{"line":135,"column":103},"end":{"line":135,"column":104}},"loc":{"start":{"line":135,"column":115},"end":{"line":158,"column":9}},"line":135},"8":{"name":"(anonymous_8)","decl":{"start":{"line":160,"column":70},"end":{"line":160,"column":71}},"loc":{"start":{"line":160,"column":82},"end":{"line":173,"column":9}},"line":160},"9":{"name":"(anonymous_9)","decl":{"start":{"line":175,"column":72},"end":{"line":175,"column":73}},"loc":{"start":{"line":175,"column":84},"end":{"line":188,"column":9}},"line":175},"10":{"name":"(anonymous_10)","decl":{"start":{"line":191,"column":34},"end":{"line":191,"column":35}},"loc":{"start":{"line":191,"column":40},"end":{"line":205,"column":5}},"line":191},"11":{"name":"(anonymous_11)","decl":{"start":{"line":192,"column":47},"end":{"line":192,"column":48}},"loc":{"start":{"line":192,"column":53},"end":{"line":204,"column":9}},"line":192},"12":{"name":"(anonymous_12)","decl":{"start":{"line":194,"column":19},"end":{"line":194,"column":20}},"loc":{"start":{"line":194,"column":25},"end":{"line":194,"column":41}},"line":194},"13":{"name":"(anonymous_13)","decl":{"start":{"line":197,"column":19},"end":{"line":197,"column":20}},"loc":{"start":{"line":197,"column":25},"end":{"line":197,"column":41}},"line":197},"14":{"name":"(anonymous_14)","decl":{"start":{"line":200,"column":19},"end":{"line":200,"column":20}},"loc":{"start":{"line":200,"column":25},"end":{"line":200,"column":41}},"line":200},"15":{"name":"(anonymous_15)","decl":{"start":{"line":203,"column":19},"end":{"line":203,"column":20}},"loc":{"start":{"line":203,"column":25},"end":{"line":203,"column":41}},"line":203},"16":{"name":"(anonymous_16)","decl":{"start":{"line":207,"column":14},"end":{"line":207,"column":15}},"loc":{"start":{"line":207,"column":26},"end":{"line":207,"column":105}},"line":207},"17":{"name":"(anonymous_17)","decl":{"start":{"line":209,"column":10},"end":{"line":209,"column":11}},"loc":{"start":{"line":209,"column":22},"end":{"line":212,"column":5}},"line":209}},"branchMap":{},"s":{"0":1,"1":1,"2":1,"3":1,"4":1,"5":1,"6":1,"7":1,"8":1,"9":1,"10":1,"11":1,"12":1,"13":1,"14":1,"15":1,"16":1,"17":1,"18":7,"19":7,"20":7,"21":7,"22":7,"23":7,"24":7,"25":7,"26":7,"27":7,"28":7,"29":7,"30":7,"31":7,"32":7,"33":7,"34":7,"35":7,"36":7,"37":7,"38":7,"39":7,"40":7,"41":7,"42":1,"43":1,"44":1,"45":1,"46":1,"47":1,"48":1,"49":1,"50":1,"51":1,"52":1,"53":1,"54":1,"55":1,"56":1,"57":1,"58":1,"59":1,"60":1,"61":1,"62":1,"63":1,"64":1,"65":1,"66":1,"67":1,"68":1,"69":1,"70":1,"71":1,"72":1,"73":1,"74":1,"75":1,"76":1,"77":1,"78":1,"79":1,"80":1,"81":1,"82":1,"83":1,"84":1,"85":1,"86":1,"87":1,"88":2,"89":2,"90":2,"91":2,"92":2,"93":2,"94":2,"95":2,"96":1,"97":1,"98":1,"99":1,"100":1,"101":1,"102":1,"103":1,"104":1,"105":1,"106":1,"107":1,"108":1,"109":1,"110":1,"111":1,"112":1,"113":1,"114":1,"115":1,"116":1,"117":1,"118":1,"119":1,"120":1,"121":1,"122":1,"123":1,"124":1,"125":1,"126":1,"127":1,"128":1,"129":1,"130":1,"131":1,"132":1,"133":7,"134":1,"135":1,"136":1},"f":{"0":1,"1":1,"2":7,"3":1,"4":1,"5":1,"6":1,"7":1,"8":1,"9":1,"10":1,"11":1,"12":1,"13":1,"14":1,"15":1,"16":7,"17":1},"b":{},"_coverageSchema":"1a1c01bbd47fc00a2c39e90264f33305004495a9","hash":"ed9f44bddc792481e180de05bcf364d62e2f5a90","contentHash":"7fc45e04c68ade78fc7969f9bca27997281651880da5248af09eb0372bb07a10"},"C:\\Users\\Alex\\Downloads\\hexad-library\\hexad-library-app\\src\\logic\\borrow-book.js":{"path":"C:\\Users\\Alex\\Downloads\\hexad-library\\hexad-library-app\\src\\logic\\borrow-book.js","statementMap":{"0":{"start":{"line":1,"column":32},"end":{"line":1,"column":64}},"1":{"start":{"line":2,"column":16},"end":{"line":2,"column":36}},"2":{"start":{"line":3,"column":14},"end":{"line":3,"column":32}},"3":{"start":{"line":18,"column":0},"end":{"line":24,"column":15}},"4":{"start":{"line":19,"column":4},"end":{"line":19,"column":34}},"5":{"start":{"line":21,"column":22},"end":{"line":21,"column":34}},"6":{"start":{"line":23,"column":4},"end":{"line":23,"column":96}},"7":{"start":{"line":23,"column":24},"end":{"line":23,"column":93}}},"fnMap":{"0":{"name":"(anonymous_0)","decl":{"start":{"line":18,"column":17},"end":{"line":18,"column":18}},"loc":{"start":{"line":18,"column":33},"end":{"line":24,"column":1}},"line":18},"1":{"name":"(anonymous_1)","decl":{"start":{"line":23,"column":12},"end":{"line":23,"column":13}},"loc":{"start":{"line":23,"column":24},"end":{"line":23,"column":93}},"line":23}},"branchMap":{},"s":{"0":1,"1":1,"2":1,"3":1,"4":13,"5":9,"6":9,"7":9},"f":{"0":13,"1":9},"b":{},"_coverageSchema":"1a1c01bbd47fc00a2c39e90264f33305004495a9","hash":"1e468805784d26ac3ddfbef823dd12578d20e198","contentHash":"2b322530c7af7d988bbc9074cc7592fd9cc778f90e44e87df2cbbce51d07a7c8"},"C:\\Users\\Alex\\Downloads\\hexad-library\\hexad-library-app\\src\\logic\\register-user.spec.js":{"path":"C:\\Users\\Alex\\Downloads\\hexad-library\\hexad-library-app\\src\\logic\\register-user.spec.js","statementMap":{"0":{"start":{"line":1,"column":0},"end":{"line":1,"column":27}},"1":{"start":{"line":5,"column":45},"end":{"line":5,"column":56}},"2":{"start":{"line":6,"column":19},"end":{"line":6,"column":34}},"3":{"start":{"line":7,"column":26},"end":{"line":7,"column":30}},"4":{"start":{"line":8,"column":54},"end":{"line":8,"column":83}},"5":{"start":{"line":9,"column":21},"end":{"line":9,"column":47}},"6":{"start":{"line":10,"column":54},"end":{"line":10,"column":86}},"7":{"start":{"line":11,"column":15},"end":{"line":11,"column":34}},"8":{"start":{"line":12,"column":16},"end":{"line":12,"column":36}},"9":{"start":{"line":14,"column":0},"end":{"line":14,"column":31}},"10":{"start":{"line":16,"column":0},"end":{"line":184,"column":2}},"11":{"start":{"line":19,"column":4},"end":{"line":22,"column":7}},"12":{"start":{"line":20,"column":8},"end":{"line":20,"column":102}},"13":{"start":{"line":21,"column":8},"end":{"line":21,"column":88}},"14":{"start":{"line":24,"column":4},"end":{"line":27,"column":6}},"15":{"start":{"line":25,"column":8},"end":{"line":25,"column":46}},"16":{"start":{"line":26,"column":8},"end":{"line":26,"column":42}},"17":{"start":{"line":29,"column":4},"end":{"line":119,"column":7}},"18":{"start":{"line":30,"column":8},"end":{"line":56,"column":
[...]
umn":13}},"74":{"start":{"line":133,"column":16},"end":{"line":133,"column":47}},"75":{"start":{"line":135,"column":16},"end":{"line":135,"column":31}},"76":{"start":{"line":138,"column":12},"end":{"line":138,"column":36}},"77":{"start":{"line":139,"column":12},"end":{"line":139,"column":59}},"78":{"start":{"line":140,"column":12},"end":{"line":140,"column":85}},"79":{"start":{"line":143,"column":8},"end":{"line":156,"column":11}},"80":{"start":{"line":144,"column":12},"end":{"line":144,"column":38}},"81":{"start":{"line":147,"column":12},"end":{"line":151,"column":13}},"82":{"start":{"line":148,"column":16},"end":{"line":148,"column":47}},"83":{"start":{"line":150,"column":16},"end":{"line":150,"column":31}},"84":{"start":{"line":153,"column":12},"end":{"line":153,"column":36}},"85":{"start":{"line":154,"column":12},"end":{"line":154,"column":59}},"86":{"start":{"line":155,"column":12},"end":{"line":155,"column":89}},"87":{"start":{"line":159,"column":4},"end":{"line":173,"column":6}},"88":{"start":{"line":160,"column":8},"end":{"line":172,"column":11}},"89":{"start":{"line":161,"column":12},"end":{"line":161,"column":28}},"90":{"start":{"line":162,"column":12},"end":{"line":162,"column":103}},"91":{"start":{"line":162,"column":25},"end":{"line":162,"column":49}},"92":{"start":{"line":164,"column":12},"end":{"line":164,"column":29}},"93":{"start":{"line":165,"column":12},"end":{"line":165,"column":103}},"94":{"start":{"line":165,"column":25},"end":{"line":165,"column":49}},"95":{"start":{"line":167,"column":12},"end":{"line":167,"column":25}},"96":{"start":{"line":168,"column":12},"end":{"line":168,"column":103}},"97":{"start":{"line":168,"column":25},"end":{"line":168,"column":49}},"98":{"start":{"line":170,"column":12},"end":{"line":170,"column":29}},"99":{"start":{"line":171,"column":12},"end":{"line":171,"column":103}},"100":{"start":{"line":171,"column":25},"end":{"line":171,"column":49}},"101":{"start":{"line":175,"column":4},"end":{"line":175,"column":107}},"102":{"start":{"line":175,"column":26},"end":{"line":175,"column":105}},"103":{"start":{"line":177,"column":4},"end":{"line":180,"column":6}},"104":{"start":{"line":178,"column":8},"end":{"line":178,"column":88}},"105":{"start":{"line":179,"column":8},"end":{"line":179,"column":36}}},"fnMap":{"0":{"name":"(anonymous_0)","decl":{"start":{"line":22,"column":31},"end":{"line":22,"column":32}},"loc":{"start":{"line":22,"column":37},"end":{"line":181,"column":1}},"line":22},"1":{"name":"(anonymous_1)","decl":{"start":{"line":32,"column":11},"end":{"line":32,"column":12}},"loc":{"start":{"line":32,"column":23},"end":{"line":35,"column":5}},"line":32},"2":{"name":"(anonymous_2)","decl":{"start":{"line":37,"column":15},"end":{"line":37,"column":16}},"loc":{"start":{"line":37,"column":27},"end":{"line":83,"column":5}},"line":37},"3":{"name":"(anonymous_3)","decl":{"start":{"line":85,"column":35},"end":{"line":85,"column":36}},"loc":{"start":{"line":85,"column":41},"end":{"line":157,"column":5}},"line":85},"4":{"name":"(anonymous_4)","decl":{"start":{"line":86,"column":117},"end":{"line":86,"column":118}},"loc":{"start":{"line":86,"column":129},"end":{"line":111,"column":9}},"line":86},"5":{"name":"(anonymous_5)","decl":{"start":{"line":113,"column":107},"end":{"line":113,"column":108}},"loc":{"start":{"line":113,"column":119},"end":{"line":126,"column":9}},"line":113},"6":{"name":"(anonymous_6)","decl":{"start":{"line":128,"column":81},"end":{"line":128,"column":82}},"loc":{"start":{"line":128,"column":93},"end":{"line":141,"column":9}},"line":128},"7":{"name":"(anonymous_7)","decl":{"start":{"line":143,"column":83},"end":{"line":143,"column":84}},"loc":{"start":{"line":143,"column":95},"end":{"line":156,"column":9}},"line":143},"8":{"name":"(anonymous_8)","decl":{"start":{"line":159,"column":34},"end":{"line":159,"column":35}},"loc":{"start":{"line":159,"column":40},"end":{"line":173,"column":5}},"line":159},"9":{"name":"(anonymous_9)","decl":{"start":{"line":160,"column":47},"end":{"line":160,"column":48}},"loc":{"start":{"line":160,"column":53},"end":{"line":172,"column":9}},"line":160},"10":{"name":"(anonymous_10)","decl":{"start":{"line":162,"column":19},"end":{"line":162,"column":20}},"loc":{"start":{"line":162,"column":25},"end":{"line":162,"column":49}},"line":162},"11":{"name":"(anonymous_11)","decl":{"start":{"line":165,"column":19},"end":{"line":165,"column":20}},"loc":{"start":{"line":165,"column":25},"end":{"line":165,"column":49}},"line":165},"12":{"name":"(anonymous_12)","decl":{"start":{"line":168,"column":19},"end":{"line":168,"column":20}},"loc":{"start":{"line":168,"column":25},"end":{"line":168,"column":49}},"line":168},"13":{"name":"(anonymous_13)","decl":{"start":{"line":171,"column":19},"end":{"line":171,"column":20}},"loc":{"start":{"line":171,"column":25},"end":{"line":171,"column":49}},"line":171},"14":{"name":"(anonymous_14)","decl":{"start":{"line":175,"column":14},"end":{"line":175,"column":15}},"loc":{"start":{"line":175,"column":26},"end":{"line":175,"column":105}},"line":175},"15":{"name":"(anonymous_15)","decl":{"start":{"line":177,"column":10},"end":{"line":177,"column":11}},"loc":{"start":{"line":177,"column":22},"end":{"line":180,"column":5}},"line":177}},"branchMap":{},"s":{"0":1,"1":1,"2":1,"3":1,"4":1,"5":1,"6":1,"7":1,"8":1,"9":1,"10":1,"11":1,"12":1,"13":1,"14":1,"15":1,"16":1,"17":1,"18":5,"19":5,"20":5,"21":5,"22":5,"23":5,"24":5,"25":5,"26":5,"27":5,"28":5,"29":5,"30":5,"31":5,"32":5,"33":5,"34":5,"35":5,"36":5,"37":5,"38":5,"39":5,"40":5,"41":5,"42":5,"43":5,"44":5,"45":5,"46":1,"47":1,"48":1,"49":1,"50":1,"51":1,"52":1,"53":1,"54":1,"55":1,"56":1,"57":1,"58":1,"59":1,"60":1,"61":1,"62":1,"63":1,"64":1,"65":1,"66":1,"67":1,"68":1,"69":1,"70":1,"71":1,"72":1,"73":1,"74":1,"75":1,"76":1,"77":1,"78":1,"79":1,"80":1,"81":1,"82":1,"83":1,"84":1,"85":1,"86":1,"87":1,"88":1,"89":1,"90":1,"91":1,"92":1,"93":1,"94":1,"95":1,"96":1,"97":1,"98":1,"99":1,"100":1,"101":1,"102":5,"103":1,"104":1,"105":1},"f":{"0":1,"1":1,"2":5,"3":1,"4":1,"5":1,"6":1,"7":1,"8":1,"9":1,"10":1,"11":1,"12":1,"13":1,"14":5,"15":1},"b":{},"_coverageSchema":"1a1c01bbd47fc00a2c39e90264f33305004495a9","hash":"5181202e49c1c492fb7a625dffb306cd7f0fc42d","contentHash":"b3dd6e3a2a30c40ae1943edc363f46ef48a02106d819b949a223cdecc730f444"},"C:\\Users\\Alex\\Downloads\\hexad-library\\hexad-library-app\\src\\logic\\return-borrowed-book.js":{"path":"C:\\Users\\Alex\\Downloads\\hexad-library\\hexad-library-app\\src\\logic\\return-borrowed-book.js","statementMap":{"0":{"start":{"line":1,"column":14},"end":{"line":1,"column":32}},"1":{"start":{"line":2,"column":16},"end":{"line":2,"column":36}},"2":{"start":{"line":3,"column":32},"end":{"line":3,"column":64}},"3":{"start":{"line":17,"column":0},"end":{"line":22,"column":15}},"4":{"start":{"line":18,"column":4},"end":{"line":18,"column":34}},"5":{"start":{"line":19,"column":22},"end":{"line":19,"column":34}},"6":{"start":{"line":21,"column":4},"end":{"line":21,"column":96}},"7":{"start":{"line":21,"column":23},"end":{"line":21,"column":92}}},"fnMap":{"0":{"name":"(anonymous_0)","decl":{"start":{"line":17,"column":17},"end":{"line":17,"column":18}},"loc":{"start":{"line":17,"column":33},"end":{"line":22,"column":1}},"line":17},"1":{"name":"(anonymous_1)","decl":{"start":{"line":21,"column":12},"end":{"line":21,"column":13}},"loc":{"start":{"line":21,"column":23},"end":{"line":21,"column":92}},"line":21}},"branchMap":{},"s":{"0":1,"1":1,"2":1,"3":1,"4":8,"5":4,"6":4,"7":4},"f":{"0":8,"1":4},"b":{},"_coverageSchema":"1a1c01bbd47fc00a2c39e90264f33305004495a9","hash":"32f4fce065f53923c4040b8d7529b9ad715f7f44","contentHash":"ce895ca992c1eec30c60c2fa17503cfe9ffefc50c98d3b00433ed64ad2cee771"},"C:\\Users\\Alex\\Downloads\\hexad-library\\hexad-library-app\\src\\logic\\toggle-wishlist.spec.js":{"path":"C:\\Users\\Alex\\Downloads\\hexad-library\\hexad-library-app\\src\\logic\\toggle-wishlist.spec.js","statementMap":{"0":{"start":{"line":1,"column":0},"end":{"line":1,"column":27}},"1":{"start":{"line":8,"column":4},"end":{"line":8,"column":15}},"2":{"start":{"line":9,"column":19},"end":{"line":9,"column":34}},"3":{"start":{"line":10,"column":26},"end":{"line":10,"column":30}},"4":{"start":{"line":11,"column":54},"end":{"line":11,"column":83}},"5":{"start":{"line":12,"column":23},"end":{"line":12,"column":51}},"6":{"start":{"line":13,"column":69},"end":{"line":13,"column":101}},"7":{"start":{"line":14,"column":15},"end":{"line":14,"column":34}},"8":{"start":{"line":15,"column":13},"end":{"line":15,"column":28}},"9":{"start":{"line":16,"column":12},"end":{"line":16,"column":35}},"10":{"start":{"line":17,"column":16},"end":{"line":17,"column":36}},"11":{"start":{"line":19,"column":0},"end":{"line":19,"column":31}},"12":{"start":{"line":20,"column":0},"end":{"line":20,"column":21}},"13":{"start":{"line":22,"column":0},"end":{"line":152,"column":2}},"14":{"start":{"line":32,"column":4},"end":{"line":35,"column":7}},"15":{"start":{"line":33,"column":8},"end":{"line":33,"column":102}},"16":{"start":{"line":34,"column":8},"end":{"line":34,"column":88}},"17":{"start":{"line":37,"column":4},"end":{"line":67,"column":7}},"18":{"start":{"line":38,"column":8},"end":{"line":38,"column":56}},"19":{"start":{"line":39,"column":8},"end":{"line":39,"column":52}},"20":{"start":{"line":40,"column":8},"end":{"line":40,"column":28}},"21":{"start":{"line":41,"column":8},"end":{"line":41,"column":70}},"22":{"start":{"line":43,"column":22},"end":{"line":43,"column":135}},"23":{"start":{"line":44,"column":8},"end":{"line":44,"column":38}},"24":{"start":{"line":46,"column":8},"end":{"line":46,"column":58}},"25":{"start":{"line":47,"column":8},"end":{"line":47,"column":54}},"26":{"start":{"line":48,"column":8},"end":{"line":48,"column":30}},"27":{"start":{"line":49,"column":8},"end":{"line":49,"column":72}},"28":{"start":{"line":51,"column":23},"end":{"line":51,"column":140}},"29":{"start":{"line":52,"column":8},"end":{"line":52,"column":40}},"30":{"start":{"line":53,"column":20},"end":{"line":53,"column":80}},"31":{"start":{"line":54,"column":8},"end":{"line":54,"column":38}},"32":{"start":{"line":55,"column":8},"end":{"line":55,"column":42}},"33":{"start":{"line":57,"column":8},"end":{"line":57,"column":36}},"34":{"start":{"line":58,"column":8},"end":{"line":58,"column":34}},"35":{"start":{"line":59,"column":8},"end":{"line":59,"column":48}},"36":{"start":{"line":60,"column":8},"end":{"line":60,"column":38}},"37":{"start":{"line":61,"column":8},"end":{"line":61,"column":57}},"38":{"start":{"line":62,"column":8},"end":{"line":62,"column":41}},"39":{"start":{"line":64,"column":21},"end":{"line":64,"column":142}},"40":{"start":{"line":65,"column":8},"end":{"line":65,"column":36}},"41":{"start":{"line":66,"column":8},"end":{"line":66,"column":86}},"42":{"start":{"line":69,"column":4},"end":{"line":125,"column":7}},"43":{"start":{"line":70,"column":8},"end":{"line":81,"column":11}},"44":{"start":{"line":71,"column":27},"end":{"line":71,"column":53}},"45":{"start":{"line":73,"column":12},"end":{"line":73,"column":43}},"46":{"start":{"line":75,"column":27},"end":{"line":75,"column":58}},"47":{"start":{"line":76,"column":12},"end":{"line":76,"column":36}},"48":{"start":{"line":77,"column":12},"end":{"line":77,"column":52}},"49":{"start":{"line":78,"column":12},"end":{"line":78,"column":67}},"50":{"start":{"line":79,"column":12},"end":{"line":79,"column":62}},"51":{"start":{"line":80,"column":12},"end":{"line":80,"column":79}},"52":{"start":{"line":83,"column":8},"end":{"line":94,"column":11}},"53":{"start":{"line":84,"column":12},"end":{"line":84,"column":39}},"54":{"start":{"line":86,"column":27},"end":{"line":86,"column":53}},"55":{"start":{"line":88,"column":12},"end":{"line":88,"column":43}},"56":{"start":{"line":90,"column":27},"end":{"line":90,"column":58}},"57":{"start":{"line":91,"column":12},"end":{"line":91,"column":52}},"58":{"start":{"line":92,"column":12},"end":{"line":92,"column":67}},"59":{"start":{"line":93,"column":12},"end":{"line":93,"column":62}},"60":{"start":{"line":96,"column":8},"end":{"line":109,"column":11}},"61":{"start":{"line":97,"column":12},"end":{"line":97,"column":36}},"62":{"start":{"line":100,"column":12},"end":{"line":104,"column":13}},"63":{"start":{"line":101,"column":16},"end":{"line":101,"column":43}},"64":{"start":{"line":103,"column":16},"end":{"line":103,"column":31}},"65":{"start":{"line":106,"column":12},"end":{"line":106,"column":36}},"66":{"start":{"line":107,"column":12},"end":{"line":107,"column":59}},"67":{"start":{"line":108,"column":12},"end":{"line":108,"column":85}},"68":{"start":{"line":111,"column":8},"end":{"line":124,"column":11}},"69":{"start":{"line":112,"column":12},"end":{"line":112,"column":38}},"70":{"start":{"line":115,"column":12},"end":{"line":119,"column":13}},"71":{"start":{"line":116,"column":16},"end":{"line":116,"column":43}},"72":{"start":{"line":118,"column":16},"end":{"line":118,"column":31}},"73":{"start":{"line":121,"column":12},"end":{"line":121,"column":36}},"74":{"start":{"line":122,"column":12},"end":{"line":122,"column":59}},"75":{"start":{"line":123,"column":12},"end":{"line":123,"column":89}},"76":{"start":{"line":127,"column":4},"end":{"line":143,"column":6}},"77":{"start":{"line":128,"column":8},"end":{"line":142,"column":11}},"78":{"start":{"line":129,"column":12},"end":{"line":129,"column":45}},"79":{"start":{"line":131,"column":12},"end":{"line":131,"column":28}},"80":{"start":{"line":132,"column":12},"end":{"line":132,"column":99}},"81":{"start":{"line":132,"column":25},"end":{"line":132,"column":45}},"82":{"start":{"line":134,"column":12},"end":{"line":134,"column":29}},"83":{"start":{"line":135,"column":12},"end":{"line":135,"column":99}},"84":{"start":{"line":135,"column":25},"end":{"line":135,"column":45}},"85":{"start":{"line":137,"column":12},"end":{"line":137,"column":25}},"86":{"start":{"line":138,"column":12},"end":{"line":138,"column":99}},"87":{"start":{"line":138,"column":25},"end":{"line":138,"column":45}},"88":{"start":{"line":140,"column":12},"end":{"line":140,"column":29}},"89":{"start":{"line":141,"column":12},"end":{"line":141,"column":99}},"90":{"start":{"line":141,"column":25},"end":{"line":141,"column":45}},"91":{"start":{"line":146,"column":4},"end":{"line":146,"column":107}},"92":{"start":{"line":146,"column":26},"end":{"line":146,"column":105}},"93":{"start":{"line":148,"column":4},"end":{"line":151,"column":6}},"94":{"start":{"line":149,"column":8},"end":{"line":149,"column":88}},"95":{"start":{"line":150,"column":8},"end":{"line":150,"column":36}}},"fnMap":{"0":{"name":"(anonymous_0)","decl":{"start":{"line":22,"column":27},"end":{"line":22,"column":28}},"loc":{"start":{"line":22,"column":33},"end":{"line":152,"column":1}},"line":22},"1":{"name":"(anonymous_1)","decl":{"start":{"line":32,"column":11},"end":{"line":32,"column":12}},"loc":{"start":{"line":32,"column":23},"end":{"line":35,"column":5}},"line":32},"2":{"name":"(anonymous_2)","decl":{"start":{"line":37,"column":15},"end":{"line":37,"column":16}},"loc":{"start":{"line":37,"column":27},"end":{"line":67,"column":5}},"line":37},"3":{"name":"(anonymous_3)","decl":{"start":{"line":69,"column":35},"end":{"line":69,"column":36}},"loc":{"start":{"line":69,"column":41},"end":{"line":125,"column":5}},"line":69},"4":{"name":"(anonymous_4)","decl":{"start":{"line":70,"column":78},"end":{"line":70,"column":79}},"loc":{"start":{"line":70,"column":90},"end":{"line":81,"column":9}},"line":70},"5":{"name":"(anonymous_5)","decl":{"start":{"line":83,"column":105},"end":{"line":83,"column":106}},"loc":{"start":{"line":83,"column":117},"end":{"line":94,"column":9}},"line":83},"6":{"name":"(anonymous_6)","decl":{"start":{"line":96,"column":70},"end":{"line":96,"column":71}},"loc":{"start":{"line":96,"column":82},"end":{"line":109,"column":9}},"line":96},"7":{"name":"(anonymous_7)","decl":{"start":{"line":111,"column":72},"end":{"line":111,"column":73}},"loc":{"start":{"line":111,"column":84},"end":{"line":124,"column":9}},"line":111},"8":{"name":"(anonymous_8)","decl":{"start":{"line":127,"column":34},"end":{"line":127,"column":35}},"loc":{"start":{"line":127,"column":40},"end":{"line":143,"column":5}},"line":127},"9":{"name":"(anonymous_9)","decl":{"start":{"line":128,"column":47},"end":{"line":128,"column":48}},"loc":{"start":{"line":128,"column":53},"end":{"line":142,"column":9}},"line":128},"10":{"name":"(anonymous_10)","decl":{"start":{"line":132,"column":19},"end":{"line":132,"column":20}},"loc":{"start":{"line":132,"column":25},"end":{"line":132,"column":45}},"line":132},"11":{"name":"(anonymous_11)","decl":{"start":{"line":135,"column":19},"end":{"line":135,"column":20}},"loc":{"start":{"line":135,"column":25},"end":{"line":135,"column":45}},"line":135},"12":{"name":"(anonymous_12)","decl":{"start":{"line":138,"column":19},"end":{"line":138,"column":20}},"loc":{"start":{"line":138,"column":25},"end":{"line":138,"column":45}},"line":138},"13":{"name":"(anonymous_13)","decl":{"start":{"line":141,"column":19},"end":{"line":141,"column":20}},"loc":{"start":{"line":141,"column":25},"end":{"line":141,"column":45}},"line":141},"14":{"name":"(anonymous_14)","decl":{"start":{"line":146,"column":14},"end":{"line":146,"column":15}},"loc":{"start":{"line":146,"column":26},"end":{"line":146,"column":105}},"line":146},"15":{"name":"(anonymous_15)","decl":{"start":{"line":148,"column":10},"end":{"line":148,"column":11}},"loc":{"start":{"line":148,"column":22},"end":{"line":151,"column":5}},"line":148}},"branchMap":{},"s":{"0":1,"1":1,"2":1,"3":1,"4":1,"5":1,"6":1,"7":1,"8":1,"9":1,"10":1,"11":1,"12":1,"13":1,"14":1,"15":1,"16":1,"17":1,"18":5,"19":5,"20":5,"21":5,"22":5,"23":5,"24":5,"25":5,"26":5,"27":5,"28":5,"29":5,"30":5,"31":5,"32":5,"33":5,"34":5,"35":5,"36":5,"37":5,"38":5,"39":5,"40":5,"41":5,"42":1,"43":1,"44":1,"45":1,"46":1,"47":1,"48":1,"49":1,"50":1,"51":1,"52":1,"53":1,"54":1,"55":1,"56":1,"57":1,"58":1,"59":1,"60":1,"61":1,"62":1,"63":1,"64":1,"65":1,"66":1,"67":1,"68":1,"69":1,"70":1,"71":1,"72":1,"73":1,"74":1,"75":1,"76":1,"77":1,"78":1,"79":1,"80":1,"81":1,"82":1,"83":1,"84":1,"85":1,"86":1,"87":1,"88":1,"89":1,"90":1,"91":1,"92":5,"93":1,"94":1,"95":1},"f":{"0":1,"1":1,"2":5,"3":1,"4":1,"5":1,"6":1,"7":1,"8":1,"9":1,"10":1,"11":1,"12":1,"13":1,"14":5,"15":1},"b":{},"_coverageSchema":"1a1c01bbd47fc00a2c39e90264f33305004495a9","hash":"f165b4ff7e1e6e1f326af0baee3cfd2a9cb08978","contentHash":"dc57a40b8cc0644a6bfbc973615be68eaf59afcc0302cfbcd721e6f7b7f8a2de"},"C:\\Users\\Alex\\Downloads\\hexad-library\\hexad-library-app\\src\\logic\\toggle-wishlist.js":{"path":"C:\\Users\\Alex\\Downloads\\hexad-library\\hexad-library-app\\src\\logic\\toggle-wishlist.js","statementMap":{"0":{"start":{"line":1,"column":32},"end":{"line":1,"column":64}},"1":{"start":{"line":2,"column":16},"end":{"line":2,"column":36}},"2":{"start":{"line":3,"column":14},"end":{"line":3,"column":32}},"3":{"start":{"line":15,"column":0},"end":{"line":25,"column":15}},"4":{"start":{"line":16,"column":4},"end":{"line":16,"column":34}},"5":{"start":{"line":18,"column":4},"end":{"line":24,"column":8}},"6":{"start":{"line":19,"column":26},"end":{"line":19,"column":38}},"7":{"start":{"line":21,"column":8},"end":{"line":21,"column":16}},"8":{"start":{"line":23,"column":8},"end":{"line":23,"column":86}}},"fnMap":{"0":{"name":"(anonymous_0)","decl":{"start":{"line":15,"column":17},"end":{"line":15,"column":18}},"loc":{"start":{"line":15,"column":33},"end":{"line":25,"column":1}},"line":15},"1":{"name":"(anonymous_1)","decl":{"start":{"line":18,"column":12},"end":{"line":18,"column":13}},"loc":{"start":{"line":18,"column":24},"end":{"line":24,"column":5}},"line":18}},"branchMap":{},"s":{"0":1,"1":1,"2":1,"3":1,"4":9,"5":5,"6":5,"7":5,"8":5},"f":{"0":9,"1":5},"b":{},"_coverageSchema":"1a1c01bbd47fc00a2c39e90264f33305004495a9","hash":"babb4bb7c9061998fefccc2af0faef3270b9af27","contentHash":"6d90fe888cc9dd246cd19ba5ef3d3d276af3344ae575644497204b1de5aaf065"}}